# JRE version: Java(TM) SE Runtime Environment (8.0_73-b02) (build 1.8.0_73-b02)
# Java VM: Java HotSpot(TM) Client VM (25.73-b02 mixed mode windows-x86 )
Heap:
 def new generation   total 73728K, used 58035K [0x04000000, 0x08ff0000, 0x19550000)
  eden space 65600K,  84% used [0x04000000, 0x07608318, 0x08010000)
  from space 8128K,  33% used [0x08800000, 0x08aa4a58, 0x08ff0000)
  to   space 8128K,   0% used [0x08010000, 0x08010000, 0x08800000)
 tenured generation   total 163520K, used 119616K [0x19550000, 0x23500000, 0x44000000)
   the space 163520K,  73% used [0x19550000, 0x20a20068, 0x20a20200, 0x23500000)
 Metaspace       used 36094K, capacity 37545K, committed 37760K, reserved 38272K
GC Heap History (10 events):
Event: 1779.089 GC heap before
{Heap before GC invocations=225 (full 14):
 def new generation   total 73728K, used 65600K [0x04000000, 0x08ff0000, 0x19550000)
  eden space 65600K, 100% used [0x04000000, 0x08010000, 0x08010000)
  from space 8128K,   0% used [0x08010000, 0x08010000, 0x08800000)
  to   space 8128K,   0% used [0x08800000, 0x08800000, 0x08ff0000)
 tenured generation   total 163520K, used 98110K [0x19550000, 0x23500000, 0x44000000)
   the space 163520K,  59% used [0x19550000, 0x1f51f8e8, 0x1f51fa00, 0x23500000)
 Metaspace       used 35563K, capacity 36954K, committed 37120K, reserved 37248K
Event: 1779.208 GC heap after
Heap after GC invocations=226 (full 14):
 def new generation   total 73728K, used 8128K [0x04000000, 0x08ff0000, 0x19550000)
  eden space 65600K,   0% used [0x04000000, 0x04000000, 0x08010000)
  from space 8128K, 100% used [0x08800000, 0x08ff0000, 0x08ff0000)
  to   space 8128K,   0% used [0x08010000, 0x08010000, 0x08800000)
 tenured generation   total 163520K, used 111496K [0x19550000, 0x23500000, 0x44000000)
   the space 163520K,  68% used [0x19550000, 0x202320e8, 0x20232200, 0x23500000)
 Metaspace       used 35563K, capacity 36954K, committed 37120K, reserved 37248K
}
Event: 1782.143 GC heap before
{Heap before GC invocations=226 (full 14):
 def new generation   total 73728K, used 73728K [0x04000000, 0x08ff0000, 0x19550000)
  eden space 65600K, 100% used [0x04000000, 0x08010000, 0x08010000)
  from space 8128K, 100% used [0x08800000, 0x08ff0000, 0x08ff0000)
  to   space 8128K,   0% used [0x08010000, 0x08010000, 0x08800000)
 tenured generation   total 163520K, used 111496K [0x19550000, 0x23500000, 0x44000000)
   the space 163520K,  68% used [0x19550000, 0x202320e8, 0x20232200, 0x23500000)
 Metaspace       used 35979K, capacity 37372K, committed 37504K, reserved 38272K
Event: 1782.187 GC heap after
Heap after GC invocations=227 (full 14):
 def new generation   total 73728K, used 2486K [0x04000000, 0x08ff0000, 0x19550000)
  eden space 65600K,   0% used [0x04000000, 0x04000000, 0x08010000)
  from space 8128K,  30% used [0x08010000, 0x0827db60, 0x08800000)
  to   space 8128K,   0% used [0x08800000, 0x08800000, 0x08ff0000)
 tenured generation   total 163520K, used 119616K [0x19550000, 0x23500000, 0x44000000)
   the space 163520K,  73% used [0x19550000, 0x20a20068, 0x20a20200, 0x23500000)
 Metaspace       used 35979K, capacity 37372K, committed 37504K, reserved 38272K
}
Event: 1783.802 GC heap before
{Heap before GC invocations=227 (full 14):
 def new generation   total 73728K, used 68086K [0x04000000, 0x08ff0000, 0x19550000)
  eden space 65600K, 100% used [0x04000000, 0x08010000, 0x08010000)
  from space 8128K,  30% used [0x08010000, 0x0827db60, 0x08800000)
  to   space 8128K,   0% used [0x08800000, 0x08800000, 0x08ff0000)
 tenured generation   total 163520K, used 119616K [0x19550000, 0x23500000, 0x44000000)
   the space 163520K,  73% used [0x19550000, 0x20a20068, 0x20a20200, 0x23500000)
 Metaspace       used 36001K, capacity 37412K, committed 37632K, reserved 38272K
Event: 1783.816 GC heap after
Heap after GC invocations=228 (full 14):
 def new generation   total 73728K, used 3769K [0x04000000, 0x08ff0000, 0x19550000)
  eden space 65600K,   0% used [0x04000000, 0x04000000, 0x08010000)
  from space 8128K,  46% used [0x08800000, 0x08bae4d0, 0x08ff0000)
  to   space 8128K,   0% used [0x08010000, 0x08010000, 0x08800000)
 tenured generation   total 163520K, used 119616K [0x19550000, 0x23500000, 0x44000000)
   the space 163520K,  73% used [0x19550000, 0x20a20068, 0x20a20200, 0x23500000)
 Metaspace       used 36001K, capacity 37412K, committed 37632K, reserved 38272K
}
Event: 1786.000 GC heap before
{Heap before GC invocations=228 (full 14):
 def new generation   total 73728K, used 69369K [0x04000000, 0x08ff0000, 0x19550000)
  eden space 65600K, 100% used [0x04000000, 0x08010000, 0x08010000)
  from space 8128K,  46% used [0x08800000, 0x08bae4d0, 0x08ff0000)
  to   space 8128K,   0% used [0x08010000, 0x08010000, 0x08800000)
 tenured generation   total 163520K, used 119616K [0x19550000, 0x23500000, 0x44000000)
   the space 163520K,  73% used [0x19550000, 0x20a20068, 0x20a20200, 0x23500000)
 Metaspace       used 36037K, capacity 37476K, committed 37632K, reserved 38272K
Event: 1786.019 GC heap after
Heap after GC invocations=229 (full 14):
 def new generation   total 73728K, used 4002K [0x04000000, 0x08ff0000, 0x19550000)
  eden space 65600K,   0% used [0x04000000, 0x04000000, 0x08010000)
  from space 8128K,  49% used [0x08010000, 0x083f8948, 0x08800000)
  to   space 8128K,   0% used [0x08800000, 0x08800000, 0x08ff0000)
 tenured generation   total 163520K, used 119616K [0x19550000, 0x23500000, 0x44000000)
   the space 163520K,  73% used [0x19550000, 0x20a20068, 0x20a20200, 0x23500000)
 Metaspace       used 36037K, capacity 37476K, committed 37632K, reserved 38272K
}
Event: 1812.716 GC heap before
{Heap before GC invocations=229 (full 14):
 def new generation   total 73728K, used 69602K [0x04000000, 0x08ff0000, 0x19550000)
  eden space 65600K, 100% used [0x04000000, 0x08010000, 0x08010000)
  from space 8128K,  49% used [0x08010000, 0x083f8948, 0x08800000)
  to   space 8128K,   0% used [0x08800000, 0x08800000, 0x08ff0000)
 tenured generation   total 163520K, used 119616K [0x19550000, 0x23500000, 0x44000000)
   the space 163520K,  73% used [0x19550000, 0x20a20068, 0x20a20200, 0x23500000)
 Metaspace       used 36094K, capacity 37545K, committed 37760K, reserved 38272K
Event: 1813.046 GC heap after
Heap after GC invocations=230 (full 14):
 def new generation   total 73728K, used 2706K [0x04000000, 0x08ff0000, 0x19550000)
  eden space 65600K,   0% used [0x04000000, 0x04000000, 0x08010000)
  from space 8128K,  33% used [0x08800000, 0x08aa4a58, 0x08ff0000)
  to   space 8128K,   0% used [0x08010000, 0x08010000, 0x08800000)
 tenured generation   total 163520K, used 119616K [0x19550000, 0x23500000, 0x44000000)
   the space 163520K,  73% used [0x19550000, 0x20a20068, 0x20a20200, 0x23500000)
 Metaspace       used 36094K, capacity 37545K, committed 37760K, reserved 38272K
}

