# JRE version: Java(TM) SE Runtime Environment (8.0_73-b02) (build 1.8.0_73-b02)
# Java VM: Java HotSpot(TM) Client VM (25.73-b02 mixed mode windows-x86 )
Heap:
 def new generation   total 23360K, used 23360K [0x03600000, 0x04f50000, 0x18b50000)
  eden space 20800K, 100% used [0x03600000, 0x04a50000, 0x04a50000)
  from space 2560K, 100% used [0x04cd0000, 0x04f50000, 0x04f50000)
  to   space 2560K, 100% used [0x04a50000, 0x04cd0000, 0x04cd0000)
 tenured generation   total 52956K, used 52875K [0x18b50000, 0x1bf07000, 0x43600000)
   the space 52956K,  99% used [0x18b50000, 0x1bef2eb0, 0x1bef3000, 0x1bf07000)
 Metaspace       used 3402K, capacity 3494K, committed 3520K, reserved 4480K
GC Heap History (10 events):
Event: 4.460 GC heap after
Heap after GC invocations=30 (full 3):
 def new generation   total 23360K, used 2559K [0x03600000, 0x04f50000, 0x18b50000)
  eden space 20800K,   0% used [0x03600000, 0x03600000, 0x04a50000)
  from space 2560K,  99% used [0x04a50000, 0x04ccfff8, 0x04cd0000)
  to   space 2560K,   0% used [0x04cd0000, 0x04cd0000, 0x04f50000)
 tenured generation   total 51696K, used 34893K [0x18b50000, 0x1bdcc000, 0x43600000)
   the space 51696K,  67% used [0x18b50000, 0x1ad634a0, 0x1ad63600, 0x1bdcc000)
 Metaspace       used 3401K, capacity 3494K, committed 3520K, reserved 4480K
}
Event: 4.552 GC heap before
{Heap before GC invocations=30 (full 3):
 def new generation   total 23360K, used 23359K [0x03600000, 0x04f50000, 0x18b50000)
  eden space 20800K, 100% used [0x03600000, 0x04a50000, 0x04a50000)
  from space 2560K,  99% used [0x04a50000, 0x04ccfff8, 0x04cd0000)
  to   space 2560K,   0% used [0x04cd0000, 0x04cd0000, 0x04f50000)
 tenured generation   total 51696K, used 34893K [0x18b50000, 0x1bdcc000, 0x43600000)
   the space 51696K,  67% used [0x18b50000, 0x1ad634a0, 0x1ad63600, 0x1bdcc000)
 Metaspace       used 3401K, capacity 3494K, committed 3520K, reserved 4480K
Event: 4.591 GC heap after
Heap after GC invocations=31 (full 3):
 def new generation   total 23360K, used 2559K [0x03600000, 0x04f50000, 0x18b50000)
  eden space 20800K,   0% used [0x03600000, 0x03600000, 0x04a50000)
  from space 2560K,  99% used [0x04cd0000, 0x04f4fff8, 0x04f50000)
  to   space 2560K,   0% used [0x04a50000, 0x04a50000, 0x04cd0000)
 tenured generation   total 51696K, used 39700K [0x18b50000, 0x1bdcc000, 0x43600000)
   the space 51696K,  76% used [0x18b50000, 0x1b215180, 0x1b215200, 0x1bdcc000)
 Metaspace       used 3401K, capacity 3494K, committed 3520K, reserved 4480K
}
Event: 4.687 GC heap before
{Heap before GC invocations=31 (full 3):
 def new generation   total 23360K, used 23359K [0x03600000, 0x04f50000, 0x18b50000)
  eden space 20800K, 100% used [0x03600000, 0x04a50000, 0x04a50000)
  from space 2560K,  99% used [0x04cd0000, 0x04f4fff8, 0x04f50000)
  to   space 2560K,   0% used [0x04a50000, 0x04a50000, 0x04cd0000)
 tenured generation   total 51696K, used 39700K [0x18b50000, 0x1bdcc000, 0x43600000)
   the space 51696K,  76% used [0x18b50000, 0x1b215180, 0x1b215200, 0x1bdcc000)
 Metaspace       used 3401K, capacity 3494K, committed 3520K, reserved 4480K
Event: 4.710 GC heap after
Heap after GC invocations=32 (full 3):
 def new generation   total 23360K, used 2559K [0x03600000, 0x04f50000, 0x18b50000)
  eden space 20800K,   0% used [0x03600000, 0x03600000, 0x04a50000)
  from space 2560K,  99% used [0x04a50000, 0x04ccfff8, 0x04cd0000)
  to   space 2560K,   0% used [0x04cd0000, 0x04cd0000, 0x04f50000)
 tenured generation   total 51696K, used 42398K [0x18b50000, 0x1bdcc000, 0x43600000)
   the space 51696K,  82% used [0x18b50000, 0x1b4b7868, 0x1b4b7a00, 0x1bdcc000)
 Metaspace       used 3401K, capacity 3494K, committed 3520K, reserved 4480K
}
Event: 4.823 GC heap before
{Heap before GC invocations=32 (full 3):
 def new generation   total 23360K, used 23359K [0x03600000, 0x04f50000, 0x18b50000)
  eden space 20800K, 100% used [0x03600000, 0x04a50000, 0x04a50000)
  from space 2560K,  99% used [0x04a50000, 0x04ccfff8, 0x04cd0000)
  to   space 2560K,   0% used [0x04cd0000, 0x04cd0000, 0x04f50000)
 tenured generation   total 51696K, used 42398K [0x18b50000, 0x1bdcc000, 0x43600000)
   the space 51696K,  82% used [0x18b50000, 0x1b4b7868, 0x1b4b7a00, 0x1bdcc000)
 Metaspace       used 3401K, capacity 3494K, committed 3520K, reserved 4480K
Event: 4.851 GC heap after
Heap after GC invocations=33 (full 3):
 def new generation   total 23360K, used 2559K [0x03600000, 0x04f50000, 0x18b50000)
  eden space 20800K,   0% used [0x03600000, 0x03600000, 0x04a50000)
  from space 2560K,  99% used [0x04cd0000, 0x04f4fff8, 0x04f50000)
  to   space 2560K,   0% used [0x04a50000, 0x04a50000, 0x04cd0000)
 tenured generation   total 51696K, used 45316K [0x18b50000, 0x1bdcc000, 0x43600000)
   the space 51696K,  87% used [0x18b50000, 0x1b791080, 0x1b791200, 0x1bdcc000)
 Metaspace       used 3401K, capacity 3494K, committed 3520K, reserved 4480K
}
Event: 4.995 GC heap before
{Heap before GC invocations=33 (full 3):
 def new generation   total 23360K, used 23359K [0x03600000, 0x04f50000, 0x18b50000)
  eden space 20800K, 100% used [0x03600000, 0x04a50000, 0x04a50000)
  from space 2560K,  99% used [0x04cd0000, 0x04f4fff8, 0x04f50000)
  to   space 2560K,   0% used [0x04a50000, 0x04a50000, 0x04cd0000)
 tenured generation   total 51696K, used 45316K [0x18b50000, 0x1bdcc000, 0x43600000)
   the space 51696K,  87% used [0x18b50000, 0x1b791080, 0x1b791200, 0x1bdcc000)
 Metaspace       used 3402K, capacity 3494K, committed 3520K, reserved 4480K
Event: 5.035 GC heap after
Heap after GC invocations=34 (full 3):
 def new generation   total 23360K, used 2560K [0x03600000, 0x04f50000, 0x18b50000)
  eden space 20800K,   0% used [0x03600000, 0x03600000, 0x04a50000)
  from space 2560K, 100% used [0x04a50000, 0x04cd0000, 0x04cd0000)
  to   space 2560K,   0% used [0x04cd0000, 0x04cd0000, 0x04f50000)
 tenured generation   total 51696K, used 49881K [0x18b50000, 0x1bdcc000, 0x43600000)
   the space 51696K,  96% used [0x18b50000, 0x1bc06538, 0x1bc06600, 0x1bdcc000)
 Metaspace       used 3402K, capacity 3494K, committed 3520K, reserved 4480K
}
Event: 5.203 GC heap before
{Heap before GC invocations=34 (full 3):
 def new generation   total 23360K, used 23360K [0x03600000, 0x04f50000, 0x18b50000)
  eden space 20800K, 100% used [0x03600000, 0x04a50000, 0x04a50000)
  from space 2560K, 100% used [0x04a50000, 0x04cd0000, 0x04cd0000)
  to   space 2560K,   0% used [0x04cd0000, 0x04cd0000, 0x04f50000)
 tenured generation   total 51696K, used 49881K [0x18b50000, 0x1bdcc000, 0x43600000)
   the space 51696K,  96% used [0x18b50000, 0x1bc06538, 0x1bc06600, 0x1bdcc000)
 Metaspace       used 3402K, capacity 3494K, committed 3520K, reserved 4480K

