# JRE version: Java(TM) SE Runtime Environment (8.0_73-b02) (build 1.8.0_73-b02)
# Java VM: Java HotSpot(TM) Client VM (25.73-b02 mixed mode windows-x86 )
Heap:
 def new generation   total 42496K, used 42496K [0x04000000, 0x06e10000, 0x19550000)
  eden space 37824K, 100% used [0x04000000, 0x064f0000, 0x064f0000)
  from space 4672K, 100% used [0x06980000, 0x06e10000, 0x06e10000)
  to   space 4672K, 100% used [0x064f0000, 0x06980000, 0x06980000)
 tenured generation   total 173828K, used 173702K [0x19550000, 0x23f11000, 0x44000000)
   the space 173828K,  99% used [0x19550000, 0x23ef1888, 0x23ef1a00, 0x23f11000)
 Metaspace       used 3450K, capacity 3494K, committed 3520K, reserved 4480K
GC Heap History (10 events):
Event: 6.740 GC heap after
Heap after GC invocations=34 (full 5):
 def new generation   total 42496K, used 4644K [0x04000000, 0x06e10000, 0x19550000)
  eden space 37824K,  12% used [0x04000000, 0x044890b8, 0x064f0000)
  from space 4672K,   0% used [0x064f0000, 0x064f0000, 0x06980000)
  to   space 4672K,   0% used [0x06980000, 0x06980000, 0x06e10000)
 tenured generation   total 167036K, used 100220K [0x19550000, 0x2386f000, 0x44000000)
   the space 167036K,  59% used [0x19550000, 0x1f72f238, 0x1f72f400, 0x2386f000)
 Metaspace       used 3446K, capacity 3462K, committed 3520K, reserved 4480K
}
Event: 6.998 GC heap before
{Heap before GC invocations=34 (full 5):
 def new generation   total 42496K, used 37823K [0x04000000, 0x06e10000, 0x19550000)
  eden space 37824K,  99% used [0x04000000, 0x064efe18, 0x064f0000)
  from space 4672K,   0% used [0x064f0000, 0x064f0000, 0x06980000)
  to   space 4672K,   0% used [0x06980000, 0x06980000, 0x06e10000)
 tenured generation   total 167036K, used 100220K [0x19550000, 0x2386f000, 0x44000000)
   the space 167036K,  59% used [0x19550000, 0x1f72f238, 0x1f72f400, 0x2386f000)
 Metaspace       used 3446K, capacity 3462K, committed 3520K, reserved 4480K
Event: 7.113 GC heap after
Heap after GC invocations=35 (full 5):
 def new generation   total 42496K, used 4672K [0x04000000, 0x06e10000, 0x19550000)
  eden space 37824K,   0% used [0x04000000, 0x04000000, 0x064f0000)
  from space 4672K, 100% used [0x06980000, 0x06e10000, 0x06e10000)
  to   space 4672K,   0% used [0x064f0000, 0x064f0000, 0x06980000)
 tenured generation   total 167036K, used 118617K [0x19550000, 0x2386f000, 0x44000000)
   the space 167036K,  71% used [0x19550000, 0x209266a8, 0x20926800, 0x2386f000)
 Metaspace       used 3446K, capacity 3462K, committed 3520K, reserved 4480K
}
Event: 7.135 GC heap before
{Heap before GC invocations=35 (full 5):
 def new generation   total 42496K, used 42496K [0x04000000, 0x06e10000, 0x19550000)
  eden space 37824K, 100% used [0x04000000, 0x064f0000, 0x064f0000)
  from space 4672K, 100% used [0x06980000, 0x06e10000, 0x06e10000)
  to   space 4672K,   0% used [0x064f0000, 0x064f0000, 0x06980000)
 tenured generation   total 167036K, used 118617K [0x19550000, 0x2386f000, 0x44000000)
   the space 167036K,  71% used [0x19550000, 0x209266a8, 0x20926800, 0x2386f000)
 Metaspace       used 3446K, capacity 3462K, committed 3520K, reserved 4480K
Event: 7.200 GC heap after
Heap after GC invocations=36 (full 5):
 def new generation   total 42496K, used 4671K [0x04000000, 0x06e10000, 0x19550000)
  eden space 37824K,   0% used [0x04000000, 0x04000000, 0x064f0000)
  from space 4672K,  99% used [0x064f0000, 0x0697fff8, 0x06980000)
  to   space 4672K,   0% used [0x06980000, 0x06980000, 0x06e10000)
 tenured generation   total 167036K, used 142392K [0x19550000, 0x2386f000, 0x44000000)
   the space 167036K,  85% used [0x19550000, 0x2205e160, 0x2205e200, 0x2386f000)
 Metaspace       used 3446K, capacity 3462K, committed 3520K, reserved 4480K
}
Event: 7.524 GC heap before
{Heap before GC invocations=36 (full 5):
 def new generation   total 42496K, used 42495K [0x04000000, 0x06e10000, 0x19550000)
  eden space 37824K, 100% used [0x04000000, 0x064f0000, 0x064f0000)
  from space 4672K,  99% used [0x064f0000, 0x0697fff8, 0x06980000)
  to   space 4672K,   0% used [0x06980000, 0x06980000, 0x06e10000)
 tenured generation   total 167036K, used 142392K [0x19550000, 0x2386f000, 0x44000000)
   the space 167036K,  85% used [0x19550000, 0x2205e160, 0x2205e200, 0x2386f000)
 Metaspace       used 3449K, capacity 3494K, committed 3520K, reserved 4480K
Event: 7.551 GC heap after
Heap after GC invocations=37 (full 5):
 def new generation   total 42496K, used 4440K [0x04000000, 0x06e10000, 0x19550000)
  eden space 37824K,   0% used [0x04000000, 0x04000000, 0x064f0000)
  from space 4672K,  95% used [0x06980000, 0x06dd62e0, 0x06e10000)
  to   space 4672K,   0% used [0x064f0000, 0x064f0000, 0x06980000)
 tenured generation   total 167036K, used 147061K [0x19550000, 0x2386f000, 0x44000000)
   the space 167036K,  88% used [0x19550000, 0x224ed590, 0x224ed600, 0x2386f000)
 Metaspace       used 3449K, capacity 3494K, committed 3520K, reserved 4480K
}
Event: 7.741 GC heap before
{Heap before GC invocations=37 (full 5):
 def new generation   total 42496K, used 42264K [0x04000000, 0x06e10000, 0x19550000)
  eden space 37824K, 100% used [0x04000000, 0x064f0000, 0x064f0000)
  from space 4672K,  95% used [0x06980000, 0x06dd62e0, 0x06e10000)
  to   space 4672K,   0% used [0x064f0000, 0x064f0000, 0x06980000)
 tenured generation   total 167036K, used 147061K [0x19550000, 0x2386f000, 0x44000000)
   the space 167036K,  88% used [0x19550000, 0x224ed590, 0x224ed600, 0x2386f000)
 Metaspace       used 3450K, capacity 3494K, committed 3520K, reserved 4480K
Event: 7.797 GC heap after
Heap after GC invocations=38 (full 5):
 def new generation   total 42496K, used 4672K [0x04000000, 0x06e10000, 0x19550000)
  eden space 37824K,   0% used [0x04000000, 0x04000000, 0x064f0000)
  from space 4672K, 100% used [0x064f0000, 0x06980000, 0x06980000)
  to   space 4672K,   0% used [0x06980000, 0x06980000, 0x06e10000)
 tenured generation   total 167036K, used 162987K [0x19550000, 0x2386f000, 0x44000000)
   the space 167036K,  97% used [0x19550000, 0x2347ad98, 0x2347ae00, 0x2386f000)
 Metaspace       used 3450K, capacity 3494K, committed 3520K, reserved 4480K
}
Event: 7.815 GC heap before
{Heap before GC invocations=38 (full 5):
 def new generation   total 42496K, used 42496K [0x04000000, 0x06e10000, 0x19550000)
  eden space 37824K, 100% used [0x04000000, 0x064f0000, 0x064f0000)
  from space 4672K, 100% used [0x064f0000, 0x06980000, 0x06980000)
  to   space 4672K,   0% used [0x06980000, 0x06980000, 0x06e10000)
 tenured generation   total 167036K, used 162987K [0x19550000, 0x2386f000, 0x44000000)
   the space 167036K,  97% used [0x19550000, 0x2347ad98, 0x2347ae00, 0x2386f000)
 Metaspace       used 3450K, capacity 3494K, committed 3520K, reserved 4480K

