# JRE version: Java(TM) SE Runtime Environment (8.0_73-b02) (build 1.8.0_73-b02)
# Java VM: Java HotSpot(TM) Client VM (25.73-b02 mixed mode windows-x86 )
Heap:
 def new generation   total 12288K, used 11981K [0x03c00000, 0x04950000, 0x19150000)
  eden space 10944K,  97% used [0x03c00000, 0x04663640, 0x046b0000)
  from space 1344K,  99% used [0x046b0000, 0x047fff10, 0x04800000)
  to   space 1344K,   0% used [0x04800000, 0x04800000, 0x04950000)
 tenured generation   total 27180K, used 26862K [0x19150000, 0x1abdb000, 0x43c00000)
   the space 27180K,  98% used [0x19150000, 0x1ab8baa0, 0x1ab8bc00, 0x1abdb000)
 Metaspace       used 3478K, capacity 3590K, committed 3648K, reserved 4480K
GC Heap History (10 events):
Event: 5.206 GC heap before
{Heap before GC invocations=24 (full 2):
 def new generation   total 12288K, used 12288K [0x03c00000, 0x04950000, 0x19150000)
  eden space 10944K, 100% used [0x03c00000, 0x046b0000, 0x046b0000)
  from space 1344K, 100% used [0x04800000, 0x04950000, 0x04950000)
  to   space 1344K,   0% used [0x046b0000, 0x046b0000, 0x04800000)
 tenured generation   total 27180K, used 19830K [0x19150000, 0x1abdb000, 0x43c00000)
   the space 27180K,  72% used [0x19150000, 0x1a4ada38, 0x1a4adc00, 0x1abdb000)
 Metaspace       used 3370K, capacity 3494K, committed 3520K, reserved 4480K
Event: 5.220 GC heap after
Heap after GC invocations=25 (full 2):
 def new generation   total 12288K, used 1343K [0x03c00000, 0x04950000, 0x19150000)
  eden space 10944K,   0% used [0x03c00000, 0x03c00000, 0x046b0000)
  from space 1344K,  99% used [0x046b0000, 0x047ffff8, 0x04800000)
  to   space 1344K,   0% used [0x04800000, 0x04800000, 0x04950000)
 tenured generation   total 27180K, used 21179K [0x19150000, 0x1abdb000, 0x43c00000)
   the space 27180K,  77% used [0x19150000, 0x1a5fed80, 0x1a5fee00, 0x1abdb000)
 Metaspace       used 3370K, capacity 3494K, committed 3520K, reserved 4480K
}
Event: 5.413 GC heap before
{Heap before GC invocations=25 (full 2):
 def new generation   total 12288K, used 12287K [0x03c00000, 0x04950000, 0x19150000)
  eden space 10944K, 100% used [0x03c00000, 0x046b0000, 0x046b0000)
  from space 1344K,  99% used [0x046b0000, 0x047ffff8, 0x04800000)
  to   space 1344K,   0% used [0x04800000, 0x04800000, 0x04950000)
 tenured generation   total 27180K, used 21179K [0x19150000, 0x1abdb000, 0x43c00000)
   the space 27180K,  77% used [0x19150000, 0x1a5fed80, 0x1a5fee00, 0x1abdb000)
 Metaspace       used 3370K, capacity 3494K, committed 3520K, reserved 4480K
Event: 5.426 GC heap after
Heap after GC invocations=26 (full 2):
 def new generation   total 12288K, used 1343K [0x03c00000, 0x04950000, 0x19150000)
  eden space 10944K,   0% used [0x03c00000, 0x03c00000, 0x046b0000)
  from space 1344K,  99% used [0x04800000, 0x0494fff8, 0x04950000)
  to   space 1344K,   0% used [0x046b0000, 0x046b0000, 0x04800000)
 tenured generation   total 27180K, used 22436K [0x19150000, 0x1abdb000, 0x43c00000)
   the space 27180K,  82% used [0x19150000, 0x1a7390d8, 0x1a739200, 0x1abdb000)
 Metaspace       used 3370K, capacity 3494K, committed 3520K, reserved 4480K
}
Event: 5.547 GC heap before
{Heap before GC invocations=26 (full 2):
 def new generation   total 12288K, used 12287K [0x03c00000, 0x04950000, 0x19150000)
  eden space 10944K, 100% used [0x03c00000, 0x046b0000, 0x046b0000)
  from space 1344K,  99% used [0x04800000, 0x0494fff8, 0x04950000)
  to   space 1344K,   0% used [0x046b0000, 0x046b0000, 0x04800000)
 tenured generation   total 27180K, used 22436K [0x19150000, 0x1abdb000, 0x43c00000)
   the space 27180K,  82% used [0x19150000, 0x1a7390d8, 0x1a739200, 0x1abdb000)
 Metaspace       used 3370K, capacity 3494K, committed 3520K, reserved 4480K
Event: 5.562 GC heap after
Heap after GC invocations=27 (full 2):
 def new generation   total 12288K, used 1344K [0x03c00000, 0x04950000, 0x19150000)
  eden space 10944K,   0% used [0x03c00000, 0x03c00000, 0x046b0000)
  from space 1344K, 100% used [0x046b0000, 0x04800000, 0x04800000)
  to   space 1344K,   0% used [0x04800000, 0x04800000, 0x04950000)
 tenured generation   total 27180K, used 23959K [0x19150000, 0x1abdb000, 0x43c00000)
   the space 27180K,  88% used [0x19150000, 0x1a8b5c38, 0x1a8b5e00, 0x1abdb000)
 Metaspace       used 3370K, capacity 3494K, committed 3520K, reserved 4480K
}
Event: 5.668 GC heap before
{Heap before GC invocations=27 (full 2):
 def new generation   total 12288K, used 12288K [0x03c00000, 0x04950000, 0x19150000)
  eden space 10944K, 100% used [0x03c00000, 0x046b0000, 0x046b0000)
  from space 1344K, 100% used [0x046b0000, 0x04800000, 0x04800000)
  to   space 1344K,   0% used [0x04800000, 0x04800000, 0x04950000)
 tenured generation   total 27180K, used 23959K [0x19150000, 0x1abdb000, 0x43c00000)
   the space 27180K,  88% used [0x19150000, 0x1a8b5c38, 0x1a8b5e00, 0x1abdb000)
 Metaspace       used 3370K, capacity 3494K, committed 3520K, reserved 4480K
Event: 5.688 GC heap after
Heap after GC invocations=28 (full 2):
 def new generation   total 12288K, used 1344K [0x03c00000, 0x04950000, 0x19150000)
  eden space 10944K,   0% used [0x03c00000, 0x03c00000, 0x046b0000)
  from space 1344K, 100% used [0x04800000, 0x04950000, 0x04950000)
  to   space 1344K,   0% used [0x046b0000, 0x046b0000, 0x04800000)
 tenured generation   total 27180K, used 25927K [0x19150000, 0x1abdb000, 0x43c00000)
   the space 27180K,  95% used [0x19150000, 0x1aaa1cb0, 0x1aaa1e00, 0x1abdb000)
 Metaspace       used 3370K, capacity 3494K, committed 3520K, reserved 4480K
}
Event: 5.900 GC heap before
{Heap before GC invocations=28 (full 2):
 def new generation   total 12288K, used 12288K [0x03c00000, 0x04950000, 0x19150000)
  eden space 10944K, 100% used [0x03c00000, 0x046b0000, 0x046b0000)
  from space 1344K, 100% used [0x04800000, 0x04950000, 0x04950000)
  to   space 1344K,   0% used [0x046b0000, 0x046b0000, 0x04800000)
 tenured generation   total 27180K, used 25927K [0x19150000, 0x1abdb000, 0x43c00000)
   the space 27180K,  95% used [0x19150000, 0x1aaa1cb0, 0x1aaa1e00, 0x1abdb000)
 Metaspace       used 3374K, capacity 3494K, committed 3520K, reserved 4480K
Event: 5.915 GC heap after
Heap after GC invocations=29 (full 2):
 def new generation   total 12288K, used 1343K [0x03c00000, 0x04950000, 0x19150000)
  eden space 10944K,   0% used [0x03c00000, 0x03c00000, 0x046b0000)
  from space 1344K,  99% used [0x046b0000, 0x047fff10, 0x04800000)
  to   space 1344K,   0% used [0x04800000, 0x04800000, 0x04950000)
 tenured generation   total 27180K, used 26862K [0x19150000, 0x1abdb000, 0x43c00000)
   the space 27180K,  98% used [0x19150000, 0x1ab8baa0, 0x1ab8bc00, 0x1abdb000)
 Metaspace       used 3374K, capacity 3494K, committed 3520K, reserved 4480K
}

