# JRE version: Java(TM) SE Runtime Environment (8.0_73-b02) (build 1.8.0_73-b02)
# Java VM: Java HotSpot(TM) Client VM (25.73-b02 mixed mode windows-x86 )
Heap:
 def new generation   total 43648K, used 43648K [0x03a00000, 0x06950000, 0x18f50000)
  eden space 38848K, 100% used [0x03a00000, 0x05ff0000, 0x05ff0000)
  from space 4800K, 100% used [0x064a0000, 0x06950000, 0x06950000)
  to   space 4800K,   0% used [0x05ff0000, 0x05ff0000, 0x064a0000)
 tenured generation   total 110176K, used 110084K [0x18f50000, 0x1fae8000, 0x43a00000)
   the space 110176K,  99% used [0x18f50000, 0x1fad11b8, 0x1fad1200, 0x1fae8000)
 Metaspace       used 3475K, capacity 3534K, committed 3648K, reserved 4480K
GC Heap History (10 events):
Event: 10.379 GC heap after
Heap after GC invocations=36 (full 4):
 def new generation   total 29312K, used 3200K [0x03a00000, 0x059c0000, 0x18f50000)
  eden space 26112K,   0% used [0x03a00000, 0x03a00000, 0x05380000)
  from space 3200K, 100% used [0x056a0000, 0x059c0000, 0x059c0000)
  to   space 3200K,   0% used [0x05380000, 0x05380000, 0x056a0000)
 tenured generation   total 64968K, used 48134K [0x18f50000, 0x1cec2000, 0x43a00000)
   the space 64968K,  74% used [0x18f50000, 0x1be51b90, 0x1be51c00, 0x1cec2000)
 Metaspace       used 3475K, capacity 3534K, committed 3648K, reserved 4480K
}
Event: 10.736 GC heap before
{Heap before GC invocations=36 (full 4):
 def new generation   total 29312K, used 29312K [0x03a00000, 0x059c0000, 0x18f50000)
  eden space 26112K, 100% used [0x03a00000, 0x05380000, 0x05380000)
  from space 3200K, 100% used [0x056a0000, 0x059c0000, 0x059c0000)
  to   space 3200K,   0% used [0x05380000, 0x05380000, 0x056a0000)
 tenured generation   total 64968K, used 48134K [0x18f50000, 0x1cec2000, 0x43a00000)
   the space 64968K,  74% used [0x18f50000, 0x1be51b90, 0x1be51c00, 0x1cec2000)
 Metaspace       used 3475K, capacity 3534K, committed 3648K, reserved 4480K
Event: 10.789 GC heap after
Heap after GC invocations=37 (full 4):
 def new generation   total 29312K, used 3200K [0x03a00000, 0x059c0000, 0x18f50000)
  eden space 26112K,   0% used [0x03a00000, 0x03a00000, 0x05380000)
  from space 3200K, 100% used [0x05380000, 0x056a0000, 0x056a0000)
  to   space 3200K,   0% used [0x056a0000, 0x056a0000, 0x059c0000)
 tenured generation   total 64968K, used 53871K [0x18f50000, 0x1cec2000, 0x43a00000)
   the space 64968K,  82% used [0x18f50000, 0x1c3ebd20, 0x1c3ebe00, 0x1cec2000)
 Metaspace       used 3475K, capacity 3534K, committed 3648K, reserved 4480K
}
Event: 11.039 GC heap before
{Heap before GC invocations=37 (full 4):
 def new generation   total 29312K, used 29312K [0x03a00000, 0x059c0000, 0x18f50000)
  eden space 26112K, 100% used [0x03a00000, 0x05380000, 0x05380000)
  from space 3200K, 100% used [0x05380000, 0x056a0000, 0x056a0000)
  to   space 3200K,   0% used [0x056a0000, 0x056a0000, 0x059c0000)
 tenured generation   total 64968K, used 53871K [0x18f50000, 0x1cec2000, 0x43a00000)
   the space 64968K,  82% used [0x18f50000, 0x1c3ebd20, 0x1c3ebe00, 0x1cec2000)
 Metaspace       used 3475K, capacity 3534K, committed 3648K, reserved 4480K
Event: 11.455 GC heap after
Heap after GC invocations=38 (full 5):
 def new generation   total 30080K, used 1457K [0x03a00000, 0x05aa0000, 0x18f50000)
  eden space 26752K,   5% used [0x03a00000, 0x03b6c5b8, 0x05420000)
  from space 3328K,   0% used [0x05420000, 0x05420000, 0x05760000)
  to   space 3328K,   0% used [0x05760000, 0x05760000, 0x05aa0000)
 tenured generation   total 66760K, used 66759K [0x18f50000, 0x1d082000, 0x43a00000)
   the space 66760K,  99% used [0x18f50000, 0x1d081ff0, 0x1d082000, 0x1d082000)
 Metaspace       used 3475K, capacity 3534K, committed 3648K, reserved 4480K
}
Event: 11.467 GC heap before
{Heap before GC invocations=38 (full 5):
 def new generation   total 30080K, used 26752K [0x03a00000, 0x05aa0000, 0x18f50000)
  eden space 26752K, 100% used [0x03a00000, 0x05420000, 0x05420000)
  from space 3328K,   0% used [0x05420000, 0x05420000, 0x05760000)
  to   space 3328K,   0% used [0x05760000, 0x05760000, 0x05aa0000)
 tenured generation   total 66760K, used 66759K [0x18f50000, 0x1d082000, 0x43a00000)
   the space 66760K,  99% used [0x18f50000, 0x1d081ff0, 0x1d082000, 0x1d082000)
 Metaspace       used 3475K, capacity 3534K, committed 3648K, reserved 4480K
Event: 11.950 GC heap after
Heap after GC invocations=39 (full 6):
 def new generation   total 30080K, used 3249K [0x03a00000, 0x05aa0000, 0x18f50000)
  eden space 26752K,  12% used [0x03a00000, 0x03d2c6b0, 0x05420000)
  from space 3328K,   0% used [0x05760000, 0x05760000, 0x05aa0000)
  to   space 3328K,   0% used [0x05420000, 0x05420000, 0x05760000)
 tenured generation   total 83912K, used 83911K [0x18f50000, 0x1e142000, 0x43a00000)
   the space 83912K,  99% used [0x18f50000, 0x1e141fc8, 0x1e142000, 0x1e142000)
 Metaspace       used 3475K, capacity 3534K, committed 3648K, reserved 4480K
}
Event: 12.002 GC heap before
{Heap before GC invocations=39 (full 6):
 def new generation   total 30080K, used 26752K [0x03a00000, 0x05aa0000, 0x18f50000)
  eden space 26752K, 100% used [0x03a00000, 0x05420000, 0x05420000)
  from space 3328K,   0% used [0x05760000, 0x05760000, 0x05aa0000)
  to   space 3328K,   0% used [0x05420000, 0x05420000, 0x05760000)
 tenured generation   total 83912K, used 83911K [0x18f50000, 0x1e142000, 0x43a00000)
   the space 83912K,  99% used [0x18f50000, 0x1e141fc8, 0x1e142000, 0x1e142000)
 Metaspace       used 3475K, capacity 3534K, committed 3648K, reserved 4480K
Event: 12.555 GC heap after
Heap after GC invocations=40 (full 7):
 def new generation   total 43648K, used 6486K [0x03a00000, 0x06950000, 0x18f50000)
  eden space 38848K,  16% used [0x03a00000, 0x04055998, 0x05ff0000)
  from space 4800K,   0% used [0x05ff0000, 0x05ff0000, 0x064a0000)
  to   space 4800K,   0% used [0x064a0000, 0x064a0000, 0x06950000)
 tenured generation   total 96744K, used 96742K [0x18f50000, 0x1edca000, 0x43a00000)
   the space 96744K,  99% used [0x18f50000, 0x1edc9b88, 0x1edc9c00, 0x1edca000)
 Metaspace       used 3475K, capacity 3534K, committed 3648K, reserved 4480K
}
Event: 12.598 GC heap before
{Heap before GC invocations=40 (full 7):
 def new generation   total 43648K, used 38848K [0x03a00000, 0x06950000, 0x18f50000)
  eden space 38848K, 100% used [0x03a00000, 0x05ff0000, 0x05ff0000)
  from space 4800K,   0% used [0x05ff0000, 0x05ff0000, 0x064a0000)
  to   space 4800K,   0% used [0x064a0000, 0x064a0000, 0x06950000)
 tenured generation   total 96744K, used 96742K [0x18f50000, 0x1edca000, 0x43a00000)
   the space 96744K,  99% used [0x18f50000, 0x1edc9b88, 0x1edc9c00, 0x1edca000)
 Metaspace       used 3475K, capacity 3534K, committed 3648K, reserved 4480K

