# JRE version: Java(TM) SE Runtime Environment (8.0_73-b02) (build 1.8.0_73-b02)
# Java VM: Java HotSpot(TM) Client VM (25.73-b02 mixed mode windows-x86 )
Heap:
 def new generation   total 4928K, used 3351K [0x04400000, 0x04950000, 0x19950000)
  eden space 4416K,  64% used [0x04400000, 0x046c5f28, 0x04850000)
  from space 512K, 100% used [0x04850000, 0x048d0000, 0x048d0000)
  to   space 512K,   0% used [0x048d0000, 0x048d0000, 0x04950000)
 tenured generation   total 10944K, used 1986K [0x19950000, 0x1a400000, 0x44400000)
   the space 10944K,  18% used [0x19950000, 0x19b408f0, 0x19b40a00, 0x1a400000)
 Metaspace       used 3273K, capacity 3462K, committed 3520K, reserved 4480K
GC Heap History (4 events):
Event: 1.337 GC heap before
{Heap before GC invocations=0 (full 0):
 def new generation   total 4928K, used 4416K [0x04400000, 0x04950000, 0x19950000)
  eden space 4416K, 100% used [0x04400000, 0x04850000, 0x04850000)
  from space 512K,   0% used [0x04850000, 0x04850000, 0x048d0000)
  to   space 512K,   0% used [0x048d0000, 0x048d0000, 0x04950000)
 tenured generation   total 10944K, used 0K [0x19950000, 0x1a400000, 0x44400000)
   the space 10944K,   0% used [0x19950000, 0x19950000, 0x19950200, 0x1a400000)
 Metaspace       used 2606K, capacity 2854K, committed 2880K, reserved 4480K
Event: 1.344 GC heap after
Heap after GC invocations=1 (full 0):
 def new generation   total 4928K, used 512K [0x04400000, 0x04950000, 0x19950000)
  eden space 4416K,   0% used [0x04400000, 0x04400000, 0x04850000)
  from space 512K, 100% used [0x048d0000, 0x04950000, 0x04950000)
  to   space 512K,   0% used [0x04850000, 0x04850000, 0x048d0000)
 tenured generation   total 10944K, used 762K [0x19950000, 0x1a400000, 0x44400000)
   the space 10944K,   6% used [0x19950000, 0x19a0ea98, 0x19a0ec00, 0x1a400000)
 Metaspace       used 2606K, capacity 2854K, committed 2880K, reserved 4480K
}
Event: 1.733 GC heap before
{Heap before GC invocations=1 (full 0):
 def new generation   total 4928K, used 4928K [0x04400000, 0x04950000, 0x19950000)
  eden space 4416K, 100% used [0x04400000, 0x04850000, 0x04850000)
  from space 512K, 100% used [0x048d0000, 0x04950000, 0x04950000)
  to   space 512K,   0% used [0x04850000, 0x04850000, 0x048d0000)
 tenured generation   total 10944K, used 762K [0x19950000, 0x1a400000, 0x44400000)
   the space 10944K,   6% used [0x19950000, 0x19a0ea98, 0x19a0ec00, 0x1a400000)
 Metaspace       used 3161K, capacity 3366K, committed 3392K, reserved 4480K
Event: 1.742 GC heap after
Heap after GC invocations=2 (full 0):
 def new generation   total 4928K, used 512K [0x04400000, 0x04950000, 0x19950000)
  eden space 4416K,   0% used [0x04400000, 0x04400000, 0x04850000)
  from space 512K, 100% used [0x04850000, 0x048d0000, 0x048d0000)
  to   space 512K,   0% used [0x048d0000, 0x048d0000, 0x04950000)
 tenured generation   total 10944K, used 1986K [0x19950000, 0x1a400000, 0x44400000)
   the space 10944K,  18% used [0x19950000, 0x19b408f0, 0x19b40a00, 0x1a400000)
 Metaspace       used 3161K, capacity 3366K, committed 3392K, reserved 4480K
}

