# JRE version: Java(TM) SE Runtime Environment (8.0_73-b02) (build 1.8.0_73-b02)
# Java VM: Java HotSpot(TM) Client VM (25.73-b02 mixed mode windows-x86 )
Heap:
 def new generation   total 13824K, used 13083K [0x04000000, 0x04f00000, 0x19550000)
  eden space 12288K,  93% used [0x04000000, 0x04b46ff0, 0x04c00000)
  from space 1536K, 100% used [0x04d80000, 0x04f00000, 0x04f00000)
  to   space 1536K,   0% used [0x04c00000, 0x04c00000, 0x04d80000)
 tenured generation   total 30608K, used 26268K [0x19550000, 0x1b334000, 0x44000000)
   the space 30608K,  85% used [0x19550000, 0x1aef70a0, 0x1aef7200, 0x1b334000)
 Metaspace       used 3485K, capacity 3558K, committed 3648K, reserved 4480K
GC Heap History (10 events):
Event: 3.075 GC heap before
{Heap before GC invocations=28 (full 2):
 def new generation   total 13824K, used 12288K [0x04000000, 0x04f00000, 0x19550000)
  eden space 12288K, 100% used [0x04000000, 0x04c00000, 0x04c00000)
  from space 1536K,   0% used [0x04c00000, 0x04c00000, 0x04d80000)
  to   space 1536K,   0% used [0x04d80000, 0x04d80000, 0x04f00000)
 tenured generation   total 30608K, used 18362K [0x19550000, 0x1b334000, 0x44000000)
   the space 30608K,  59% used [0x19550000, 0x1a73ea20, 0x1a73ec00, 0x1b334000)
 Metaspace       used 3387K, capacity 3462K, committed 3520K, reserved 4480K
Event: 3.088 GC heap after
Heap after GC invocations=29 (full 2):
 def new generation   total 13824K, used 1536K [0x04000000, 0x04f00000, 0x19550000)
  eden space 12288K,   0% used [0x04000000, 0x04000000, 0x04c00000)
  from space 1536K, 100% used [0x04d80000, 0x04f00000, 0x04f00000)
  to   space 1536K,   0% used [0x04c00000, 0x04c00000, 0x04d80000)
 tenured generation   total 30608K, used 18896K [0x19550000, 0x1b334000, 0x44000000)
   the space 30608K,  61% used [0x19550000, 0x1a7c4168, 0x1a7c4200, 0x1b334000)
 Metaspace       used 3387K, capacity 3462K, committed 3520K, reserved 4480K
}
Event: 3.136 GC heap before
{Heap before GC invocations=29 (full 2):
 def new generation   total 13824K, used 13824K [0x04000000, 0x04f00000, 0x19550000)
  eden space 12288K, 100% used [0x04000000, 0x04c00000, 0x04c00000)
  from space 1536K, 100% used [0x04d80000, 0x04f00000, 0x04f00000)
  to   space 1536K,   0% used [0x04c00000, 0x04c00000, 0x04d80000)
 tenured generation   total 30608K, used 18896K [0x19550000, 0x1b334000, 0x44000000)
   the space 30608K,  61% used [0x19550000, 0x1a7c4168, 0x1a7c4200, 0x1b334000)
 Metaspace       used 3387K, capacity 3462K, committed 3520K, reserved 4480K
Event: 3.153 GC heap after
Heap after GC invocations=30 (full 2):
 def new generation   total 13824K, used 1535K [0x04000000, 0x04f00000, 0x19550000)
  eden space 12288K,   0% used [0x04000000, 0x04000000, 0x04c00000)
  from space 1536K,  99% used [0x04c00000, 0x04d7fff8, 0x04d80000)
  to   space 1536K,   0% used [0x04d80000, 0x04d80000, 0x04f00000)
 tenured generation   total 30608K, used 20421K [0x19550000, 0x1b334000, 0x44000000)
   the space 30608K,  66% used [0x19550000, 0x1a9416b0, 0x1a941800, 0x1b334000)
 Metaspace       used 3387K, capacity 3462K, committed 3520K, reserved 4480K
}
Event: 3.225 GC heap before
{Heap before GC invocations=30 (full 2):
 def new generation   total 13824K, used 13823K [0x04000000, 0x04f00000, 0x19550000)
  eden space 12288K, 100% used [0x04000000, 0x04c00000, 0x04c00000)
  from space 1536K,  99% used [0x04c00000, 0x04d7fff8, 0x04d80000)
  to   space 1536K,   0% used [0x04d80000, 0x04d80000, 0x04f00000)
 tenured generation   total 30608K, used 20421K [0x19550000, 0x1b334000, 0x44000000)
   the space 30608K,  66% used [0x19550000, 0x1a9416b0, 0x1a941800, 0x1b334000)
 Metaspace       used 3387K, capacity 3462K, committed 3520K, reserved 4480K
Event: 3.246 GC heap after
Heap after GC invocations=31 (full 2):
 def new generation   total 13824K, used 1536K [0x04000000, 0x04f00000, 0x19550000)
  eden space 12288K,   0% used [0x04000000, 0x04000000, 0x04c00000)
  from space 1536K, 100% used [0x04d80000, 0x04f00000, 0x04f00000)
  to   space 1536K,   0% used [0x04c00000, 0x04c00000, 0x04d80000)
 tenured generation   total 30608K, used 22592K [0x19550000, 0x1b334000, 0x44000000)
   the space 30608K,  73% used [0x19550000, 0x1ab60100, 0x1ab60200, 0x1b334000)
 Metaspace       used 3387K, capacity 3462K, committed 3520K, reserved 4480K
}
Event: 3.324 GC heap before
{Heap before GC invocations=31 (full 2):
 def new generation   total 13824K, used 13824K [0x04000000, 0x04f00000, 0x19550000)
  eden space 12288K, 100% used [0x04000000, 0x04c00000, 0x04c00000)
  from space 1536K, 100% used [0x04d80000, 0x04f00000, 0x04f00000)
  to   space 1536K,   0% used [0x04c00000, 0x04c00000, 0x04d80000)
 tenured generation   total 30608K, used 22592K [0x19550000, 0x1b334000, 0x44000000)
   the space 30608K,  73% used [0x19550000, 0x1ab60100, 0x1ab60200, 0x1b334000)
 Metaspace       used 3391K, capacity 3462K, committed 3520K, reserved 4480K
Event: 3.344 GC heap after
Heap after GC invocations=32 (full 2):
 def new generation   total 13824K, used 1535K [0x04000000, 0x04f00000, 0x19550000)
  eden space 12288K,   0% used [0x04000000, 0x04000000, 0x04c00000)
  from space 1536K,  99% used [0x04c00000, 0x04d7fff8, 0x04d80000)
  to   space 1536K,   0% used [0x04d80000, 0x04d80000, 0x04f00000)
 tenured generation   total 30608K, used 24533K [0x19550000, 0x1b334000, 0x44000000)
   the space 30608K,  80% used [0x19550000, 0x1ad45470, 0x1ad45600, 0x1b334000)
 Metaspace       used 3391K, capacity 3462K, committed 3520K, reserved 4480K
}
Event: 3.380 GC heap before
{Heap before GC invocations=32 (full 2):
 def new generation   total 13824K, used 13823K [0x04000000, 0x04f00000, 0x19550000)
  eden space 12288K, 100% used [0x04000000, 0x04c00000, 0x04c00000)
  from space 1536K,  99% used [0x04c00000, 0x04d7fff8, 0x04d80000)
  to   space 1536K,   0% used [0x04d80000, 0x04d80000, 0x04f00000)
 tenured generation   total 30608K, used 24533K [0x19550000, 0x1b334000, 0x44000000)
   the space 30608K,  80% used [0x19550000, 0x1ad45470, 0x1ad45600, 0x1b334000)
 Metaspace       used 3391K, capacity 3462K, committed 3520K, reserved 4480K
Event: 3.399 GC heap after
Heap after GC invocations=33 (full 2):
 def new generation   total 13824K, used 1536K [0x04000000, 0x04f00000, 0x19550000)
  eden space 12288K,   0% used [0x04000000, 0x04000000, 0x04c00000)
  from space 1536K, 100% used [0x04d80000, 0x04f00000, 0x04f00000)
  to   space 1536K,   0% used [0x04c00000, 0x04c00000, 0x04d80000)
 tenured generation   total 30608K, used 26268K [0x19550000, 0x1b334000, 0x44000000)
   the space 30608K,  85% used [0x19550000, 0x1aef70a0, 0x1aef7200, 0x1b334000)
 Metaspace       used 3391K, capacity 3462K, committed 3520K, reserved 4480K
}

