# JRE version: Java(TM) SE Runtime Environment (8.0_73-b02) (build 1.8.0_73-b02)
# Java VM: Java HotSpot(TM) Client VM (25.73-b02 mixed mode windows-x86 )
Heap:
 def new generation   total 112896K, used 12479K [0x03800000, 0x0b270000, 0x18d50000)
  eden space 100416K,   0% used [0x03800000, 0x03800000, 0x09a10000)
  from space 12480K,  99% used [0x09a10000, 0x0a63fff8, 0x0a640000)
  to   space 12480K,   0% used [0x0a640000, 0x0a640000, 0x0b270000)
 tenured generation   total 445396K, used 445271K [0x18d50000, 0x34045000, 0x43800000)
   the space 445396K,  99% used [0x18d50000, 0x34025ce0, 0x34025e00, 0x34045000)
 Metaspace       used 3502K, capacity 3534K, committed 3648K, reserved 4480K
GC Heap History (10 events):
Event: 15.078 GC heap after
Heap after GC invocations=100 (full 7):
 def new generation   total 112896K, used 12479K [0x03800000, 0x0b270000, 0x18d50000)
  eden space 100416K,   0% used [0x03800000, 0x03800000, 0x09a10000)
  from space 12480K,  99% used [0x0a640000, 0x0b26fff8, 0x0b270000)
  to   space 12480K,   0% used [0x09a10000, 0x09a10000, 0x0a640000)
 tenured generation   total 430676K, used 373306K [0x18d50000, 0x331e5000, 0x43800000)
   the space 430676K,  86% used [0x18d50000, 0x2f9de888, 0x2f9dea00, 0x331e5000)
 Metaspace       used 3501K, capacity 3534K, committed 3648K, reserved 4480K
}
Event: 15.313 GC heap before
{Heap before GC invocations=100 (full 7):
 def new generation   total 112896K, used 112895K [0x03800000, 0x0b270000, 0x18d50000)
  eden space 100416K, 100% used [0x03800000, 0x09a10000, 0x09a10000)
  from space 12480K,  99% used [0x0a640000, 0x0b26fff8, 0x0b270000)
  to   space 12480K,   0% used [0x09a10000, 0x09a10000, 0x0a640000)
 tenured generation   total 430676K, used 373306K [0x18d50000, 0x331e5000, 0x43800000)
   the space 430676K,  86% used [0x18d50000, 0x2f9de888, 0x2f9dea00, 0x331e5000)
 Metaspace       used 3501K, capacity 3534K, committed 3648K, reserved 4480K
Event: 15.423 GC heap after
Heap after GC invocations=101 (full 7):
 def new generation   total 112896K, used 12480K [0x03800000, 0x0b270000, 0x18d50000)
  eden space 100416K,   0% used [0x03800000, 0x03800000, 0x09a10000)
  from space 12480K, 100% used [0x09a10000, 0x0a640000, 0x0a640000)
  to   space 12480K,   0% used [0x0a640000, 0x0a640000, 0x0b270000)
 tenured generation   total 430676K, used 386887K [0x18d50000, 0x331e5000, 0x43800000)
   the space 430676K,  89% used [0x18d50000, 0x30721d68, 0x30721e00, 0x331e5000)
 Metaspace       used 3501K, capacity 3534K, committed 3648K, reserved 4480K
}
Event: 15.704 GC heap before
{Heap before GC invocations=101 (full 7):
 def new generation   total 112896K, used 112896K [0x03800000, 0x0b270000, 0x18d50000)
  eden space 100416K, 100% used [0x03800000, 0x09a10000, 0x09a10000)
  from space 12480K, 100% used [0x09a10000, 0x0a640000, 0x0a640000)
  to   space 12480K,   0% used [0x0a640000, 0x0a640000, 0x0b270000)
 tenured generation   total 430676K, used 386887K [0x18d50000, 0x331e5000, 0x43800000)
   the space 430676K,  89% used [0x18d50000, 0x30721d68, 0x30721e00, 0x331e5000)
 Metaspace       used 3501K, capacity 3534K, committed 3648K, reserved 4480K
Event: 15.834 GC heap after
Heap after GC invocations=102 (full 7):
 def new generation   total 112896K, used 12480K [0x03800000, 0x0b270000, 0x18d50000)
  eden space 100416K,   0% used [0x03800000, 0x03800000, 0x09a10000)
  from space 12480K, 100% used [0x0a640000, 0x0b270000, 0x0b270000)
  to   space 12480K,   0% used [0x09a10000, 0x09a10000, 0x0a640000)
 tenured generation   total 430676K, used 401762K [0x18d50000, 0x331e5000, 0x43800000)
   the space 430676K,  93% used [0x18d50000, 0x315a88e8, 0x315a8a00, 0x331e5000)
 Metaspace       used 3501K, capacity 3534K, committed 3648K, reserved 4480K
}
Event: 16.079 GC heap before
{Heap before GC invocations=102 (full 7):
 def new generation   total 112896K, used 112896K [0x03800000, 0x0b270000, 0x18d50000)
  eden space 100416K, 100% used [0x03800000, 0x09a10000, 0x09a10000)
  from space 12480K, 100% used [0x0a640000, 0x0b270000, 0x0b270000)
  to   space 12480K,   0% used [0x09a10000, 0x09a10000, 0x0a640000)
 tenured generation   total 430676K, used 401762K [0x18d50000, 0x331e5000, 0x43800000)
   the space 430676K,  93% used [0x18d50000, 0x315a88e8, 0x315a8a00, 0x331e5000)
 Metaspace       used 3502K, capacity 3534K, committed 3648K, reserved 4480K
Event: 16.186 GC heap after
Heap after GC invocations=103 (full 7):
 def new generation   total 112896K, used 12480K [0x03800000, 0x0b270000, 0x18d50000)
  eden space 100416K,   0% used [0x03800000, 0x03800000, 0x09a10000)
  from space 12480K, 100% used [0x09a10000, 0x0a640000, 0x0a640000)
  to   space 12480K,   0% used [0x0a640000, 0x0a640000, 0x0b270000)
 tenured generation   total 430676K, used 415339K [0x18d50000, 0x331e5000, 0x43800000)
   the space 430676K,  96% used [0x18d50000, 0x322eaf00, 0x322eb000, 0x331e5000)
 Metaspace       used 3502K, capacity 3534K, committed 3648K, reserved 4480K
}
Event: 16.474 GC heap before
{Heap before GC invocations=103 (full 7):
 def new generation   total 112896K, used 112896K [0x03800000, 0x0b270000, 0x18d50000)
  eden space 100416K, 100% used [0x03800000, 0x09a10000, 0x09a10000)
  from space 12480K, 100% used [0x09a10000, 0x0a640000, 0x0a640000)
  to   space 12480K,   0% used [0x0a640000, 0x0a640000, 0x0b270000)
 tenured generation   total 430676K, used 415339K [0x18d50000, 0x331e5000, 0x43800000)
   the space 430676K,  96% used [0x18d50000, 0x322eaf00, 0x322eb000, 0x331e5000)
 Metaspace       used 3502K, capacity 3534K, committed 3648K, reserved 4480K
Event: 16.613 GC heap after
Heap after GC invocations=104 (full 7):
 def new generation   total 112896K, used 12480K [0x03800000, 0x0b270000, 0x18d50000)
  eden space 100416K,   0% used [0x03800000, 0x03800000, 0x09a10000)
  from space 12480K, 100% used [0x0a640000, 0x0b270000, 0x0b270000)
  to   space 12480K,   0% used [0x09a10000, 0x09a10000, 0x0a640000)
 tenured generation   total 430676K, used 430396K [0x18d50000, 0x331e5000, 0x43800000)
   the space 430676K,  99% used [0x18d50000, 0x3319f210, 0x3319f400, 0x331e5000)
 Metaspace       used 3502K, capacity 3534K, committed 3648K, reserved 4480K
}
Event: 16.987 GC heap before
{Heap before GC invocations=104 (full 7):
 def new generation   total 112896K, used 112896K [0x03800000, 0x0b270000, 0x18d50000)
  eden space 100416K, 100% used [0x03800000, 0x09a10000, 0x09a10000)
  from space 12480K, 100% used [0x0a640000, 0x0b270000, 0x0b270000)
  to   space 12480K,   0% used [0x09a10000, 0x09a10000, 0x0a640000)
 tenured generation   total 430676K, used 430396K [0x18d50000, 0x331e5000, 0x43800000)
   the space 430676K,  99% used [0x18d50000, 0x3319f210, 0x3319f400, 0x331e5000)
 Metaspace       used 3502K, capacity 3534K, committed 3648K, reserved 4480K

