# JRE version: Java(TM) SE Runtime Environment (8.0_73-b02) (build 1.8.0_73-b02)
# Java VM: Java HotSpot(TM) Client VM (25.73-b02 mixed mode windows-x86 )
Heap:
 def new generation   total 30080K, used 3327K [0x04400000, 0x064a0000, 0x19950000)
  eden space 26752K,   0% used [0x04400000, 0x04400000, 0x05e20000)
  from space 3328K,  99% used [0x06160000, 0x0649fff8, 0x064a0000)
  to   space 3328K,   0% used [0x05e20000, 0x05e20000, 0x06160000)
 tenured generation   total 76248K, used 76242K [0x19950000, 0x1e3c6000, 0x44400000)
   the space 76248K,  99% used [0x19950000, 0x1e3c4a18, 0x1e3c4c00, 0x1e3c6000)
 Metaspace       used 3374K, capacity 3494K, committed 3520K, reserved 4480K
GC Heap History (10 events):
Event: 2.952 GC heap after
Heap after GC invocations=24 (full 3):
 def new generation   total 21888K, used 2432K [0x04400000, 0x05bc0000, 0x19950000)
  eden space 19456K,   0% used [0x04400000, 0x04400000, 0x05700000)
  from space 2432K, 100% used [0x05960000, 0x05bc0000, 0x05bc0000)
  to   space 2432K,   0% used [0x05700000, 0x05700000, 0x05960000)
 tenured generation   total 48472K, used 39671K [0x19950000, 0x1c8a6000, 0x44400000)
   the space 48472K,  81% used [0x19950000, 0x1c00de88, 0x1c00e000, 0x1c8a6000)
 Metaspace       used 3370K, capacity 3494K, committed 3520K, reserved 4480K
}
Event: 3.093 GC heap before
{Heap before GC invocations=24 (full 3):
 def new generation   total 21888K, used 21888K [0x04400000, 0x05bc0000, 0x19950000)
  eden space 19456K, 100% used [0x04400000, 0x05700000, 0x05700000)
  from space 2432K, 100% used [0x05960000, 0x05bc0000, 0x05bc0000)
  to   space 2432K,   0% used [0x05700000, 0x05700000, 0x05960000)
 tenured generation   total 48472K, used 39671K [0x19950000, 0x1c8a6000, 0x44400000)
   the space 48472K,  81% used [0x19950000, 0x1c00de88, 0x1c00e000, 0x1c8a6000)
 Metaspace       used 3370K, capacity 3494K, committed 3520K, reserved 4480K
Event: 3.129 GC heap after
Heap after GC invocations=25 (full 3):
 def new generation   total 21888K, used 2431K [0x04400000, 0x05bc0000, 0x19950000)
  eden space 19456K,   0% used [0x04400000, 0x04400000, 0x05700000)
  from space 2432K,  99% used [0x05700000, 0x0595fff8, 0x05960000)
  to   space 2432K,   0% used [0x05960000, 0x05960000, 0x05bc0000)
 tenured generation   total 48472K, used 48368K [0x19950000, 0x1c8a6000, 0x44400000)
   the space 48472K,  99% used [0x19950000, 0x1c88c1a8, 0x1c88c200, 0x1c8a6000)
 Metaspace       used 3370K, capacity 3494K, committed 3520K, reserved 4480K
}
Event: 3.266 GC heap before
{Heap before GC invocations=25 (full 3):
 def new generation   total 21888K, used 21887K [0x04400000, 0x05bc0000, 0x19950000)
  eden space 19456K, 100% used [0x04400000, 0x05700000, 0x05700000)
  from space 2432K,  99% used [0x05700000, 0x0595fff8, 0x05960000)
  to   space 2432K,   0% used [0x05960000, 0x05960000, 0x05bc0000)
 tenured generation   total 48472K, used 48368K [0x19950000, 0x1c8a6000, 0x44400000)
   the space 48472K,  99% used [0x19950000, 0x1c88c1a8, 0x1c88c200, 0x1c8a6000)
 Metaspace       used 3374K, capacity 3494K, committed 3520K, reserved 4480K
Event: 3.601 GC heap after
Heap after GC invocations=26 (full 4):
 def new generation   total 26688K, used 0K [0x04400000, 0x060f0000, 0x19950000)
  eden space 23744K,   0% used [0x04400000, 0x04400000, 0x05b30000)
  from space 2944K,   0% used [0x05b30000, 0x05b30000, 0x05e10000)
  to   space 2944K,   0% used [0x05e10000, 0x05e10000, 0x060f0000)
 tenured generation   total 59224K, used 57288K [0x19950000, 0x1d326000, 0x44400000)
   the space 59224K,  96% used [0x19950000, 0x1d1422e0, 0x1d142400, 0x1d326000)
 Metaspace       used 3374K, capacity 3494K, committed 3520K, reserved 4480K
}
Event: 4.718 GC heap before
{Heap before GC invocations=26 (full 4):
 def new generation   total 26688K, used 23744K [0x04400000, 0x060f0000, 0x19950000)
  eden space 23744K, 100% used [0x04400000, 0x05b30000, 0x05b30000)
  from space 2944K,   0% used [0x05b30000, 0x05b30000, 0x05e10000)
  to   space 2944K,   0% used [0x05e10000, 0x05e10000, 0x060f0000)
 tenured generation   total 59224K, used 57288K [0x19950000, 0x1d326000, 0x44400000)
   the space 59224K,  96% used [0x19950000, 0x1d1422e0, 0x1d142400, 0x1d326000)
 Metaspace       used 3374K, capacity 3494K, committed 3520K, reserved 4480K
Event: 5.061 GC heap after
Heap after GC invocations=27 (full 5):
 def new generation   total 27328K, used 2122K [0x04400000, 0x061a0000, 0x19950000)
  eden space 24320K,   8% used [0x04400000, 0x04612aa0, 0x05bc0000)
  from space 3008K,   0% used [0x05bc0000, 0x05bc0000, 0x05eb0000)
  to   space 3008K,   0% used [0x05eb0000, 0x05eb0000, 0x061a0000)
 tenured generation   total 60632K, used 60626K [0x19950000, 0x1d486000, 0x44400000)
   the space 60632K,  99% used [0x19950000, 0x1d4848c0, 0x1d484a00, 0x1d486000)
 Metaspace       used 3374K, capacity 3494K, committed 3520K, reserved 4480K
}
Event: 5.634 GC heap before
{Heap before GC invocations=27 (full 5):
 def new generation   total 27328K, used 24320K [0x04400000, 0x061a0000, 0x19950000)
  eden space 24320K, 100% used [0x04400000, 0x05bc0000, 0x05bc0000)
  from space 3008K,   0% used [0x05bc0000, 0x05bc0000, 0x05eb0000)
  to   space 3008K,   0% used [0x05eb0000, 0x05eb0000, 0x061a0000)
 tenured generation   total 60632K, used 60626K [0x19950000, 0x1d486000, 0x44400000)
   the space 60632K,  99% used [0x19950000, 0x1d4848c0, 0x1d484a00, 0x1d486000)
 Metaspace       used 3374K, capacity 3494K, committed 3520K, reserved 4480K
Event: 6.021 GC heap after
Heap after GC invocations=28 (full 6):
 def new generation   total 30080K, used 2414K [0x04400000, 0x064a0000, 0x19950000)
  eden space 26752K,   9% used [0x04400000, 0x0465b988, 0x05e20000)
  from space 3328K,   0% used [0x05e20000, 0x05e20000, 0x06160000)
  to   space 3328K,   0% used [0x06160000, 0x06160000, 0x064a0000)
 tenured generation   total 66776K, used 66776K [0x19950000, 0x1da86000, 0x44400000)
   the space 66776K, 100% used [0x19950000, 0x1da86000, 0x1da86000, 0x1da86000)
 Metaspace       used 3374K, capacity 3494K, committed 3520K, reserved 4480K
}
Event: 6.832 GC heap before
{Heap before GC invocations=28 (full 6):
 def new generation   total 30080K, used 26752K [0x04400000, 0x064a0000, 0x19950000)
  eden space 26752K, 100% used [0x04400000, 0x05e20000, 0x05e20000)
  from space 3328K,   0% used [0x05e20000, 0x05e20000, 0x06160000)
  to   space 3328K,   0% used [0x06160000, 0x06160000, 0x064a0000)
 tenured generation   total 66776K, used 66776K [0x19950000, 0x1da86000, 0x44400000)
   the space 66776K, 100% used [0x19950000, 0x1da86000, 0x1da86000, 0x1da86000)
 Metaspace       used 3374K, capacity 3494K, committed 3520K, reserved 4480K

