# JRE version: Java(TM) SE Runtime Environment (8.0_73-b02) (build 1.8.0_73-b02)
# Java VM: Java HotSpot(TM) Client VM (25.73-b02 mixed mode windows-x86 )
Heap:
 def new generation   total 90752K, used 90752K [0x04000000, 0x0a270000, 0x19550000)
  eden space 80704K, 100% used [0x04000000, 0x08ed0000, 0x08ed0000)
  from space 10048K, 100% used [0x098a0000, 0x0a270000, 0x0a270000)
  to   space 10048K,   0% used [0x08ed0000, 0x08ed0000, 0x098a0000)
 tenured generation   total 213668K, used 213614K [0x19550000, 0x265f9000, 0x44000000)
   the space 213668K,  99% used [0x19550000, 0x265eba38, 0x265ebc00, 0x265f9000)
 Metaspace       used 3475K, capacity 3534K, committed 3648K, reserved 4480K
GC Heap History (10 events):
Event: 14.433 GC heap after
Heap after GC invocations=36 (full 5):
 def new generation   total 82112K, used 9088K [0x04000000, 0x09910000, 0x19550000)
  eden space 73024K,   0% used [0x04000000, 0x04000000, 0x08750000)
  from space 9088K, 100% used [0x08750000, 0x09030000, 0x09030000)
  to   space 9088K,   0% used [0x09030000, 0x09030000, 0x09910000)
 tenured generation   total 182348K, used 175906K [0x19550000, 0x24763000, 0x44000000)
   the space 182348K,  96% used [0x19550000, 0x24118b60, 0x24118c00, 0x24763000)
 Metaspace       used 3475K, capacity 3534K, committed 3648K, reserved 4480K
}
Event: 16.987 GC heap before
{Heap before GC invocations=36 (full 5):
 def new generation   total 82112K, used 82112K [0x04000000, 0x09910000, 0x19550000)
  eden space 73024K, 100% used [0x04000000, 0x08750000, 0x08750000)
  from space 9088K, 100% used [0x08750000, 0x09030000, 0x09030000)
  to   space 9088K,   0% used [0x09030000, 0x09030000, 0x09910000)
 tenured generation   total 182348K, used 175906K [0x19550000, 0x24763000, 0x44000000)
   the space 182348K,  96% used [0x19550000, 0x24118b60, 0x24118c00, 0x24763000)
 Metaspace       used 3475K, capacity 3534K, committed 3648K, reserved 4480K
Event: 17.611 GC heap after
Heap after GC invocations=37 (full 6):
 def new generation   total 82112K, used 0K [0x04000000, 0x09910000, 0x19550000)
  eden space 73024K,   0% used [0x04000000, 0x04000000, 0x08750000)
  from space 9088K,   0% used [0x09030000, 0x09030000, 0x09910000)
  to   space 9088K,   0% used [0x08750000, 0x08750000, 0x09030000)
 tenured generation   total 182348K, used 81790K [0x19550000, 0x24763000, 0x44000000)
   the space 182348K,  44% used [0x19550000, 0x1e52f8c0, 0x1e52fa00, 0x24763000)
 Metaspace       used 3475K, capacity 3534K, committed 3648K, reserved 4480K
}
Event: 18.018 GC heap before
{Heap before GC invocations=37 (full 6):
 def new generation   total 82112K, used 73024K [0x04000000, 0x09910000, 0x19550000)
  eden space 73024K, 100% used [0x04000000, 0x08750000, 0x08750000)
  from space 9088K,   0% used [0x09030000, 0x09030000, 0x09910000)
  to   space 9088K,   0% used [0x08750000, 0x08750000, 0x09030000)
 tenured generation   total 182348K, used 81790K [0x19550000, 0x24763000, 0x44000000)
   the space 182348K,  44% used [0x19550000, 0x1e52f8c0, 0x1e52fa00, 0x24763000)
 Metaspace       used 3475K, capacity 3534K, committed 3648K, reserved 4480K
Event: 18.093 GC heap after
Heap after GC invocations=38 (full 6):
 def new generation   total 82112K, used 9088K [0x04000000, 0x09910000, 0x19550000)
  eden space 73024K,   0% used [0x04000000, 0x04000000, 0x08750000)
  from space 9088K, 100% used [0x08750000, 0x09030000, 0x09030000)
  to   space 9088K,   0% used [0x09030000, 0x09030000, 0x09910000)
 tenured generation   total 182348K, used 118830K [0x19550000, 0x24763000, 0x44000000)
   the space 182348K,  65% used [0x19550000, 0x2095ba68, 0x2095bc00, 0x24763000)
 Metaspace       used 3475K, capacity 3534K, committed 3648K, reserved 4480K
}
Event: 18.184 GC heap before
{Heap before GC invocations=38 (full 6):
 def new generation   total 82112K, used 82112K [0x04000000, 0x09910000, 0x19550000)
  eden space 73024K, 100% used [0x04000000, 0x08750000, 0x08750000)
  from space 9088K, 100% used [0x08750000, 0x09030000, 0x09030000)
  to   space 9088K,   0% used [0x09030000, 0x09030000, 0x09910000)
 tenured generation   total 182348K, used 118830K [0x19550000, 0x24763000, 0x44000000)
   the space 182348K,  65% used [0x19550000, 0x2095ba68, 0x2095bc00, 0x24763000)
 Metaspace       used 3475K, capacity 3534K, committed 3648K, reserved 4480K
Event: 18.278 GC heap after
Heap after GC invocations=39 (full 6):
 def new generation   total 82112K, used 9087K [0x04000000, 0x09910000, 0x19550000)
  eden space 73024K,   0% used [0x04000000, 0x04000000, 0x08750000)
  from space 9088K,  99% used [0x09030000, 0x0990fff8, 0x09910000)
  to   space 9088K,   0% used [0x08750000, 0x08750000, 0x09030000)
 tenured generation   total 182348K, used 166054K [0x19550000, 0x24763000, 0x44000000)
   the space 182348K,  91% used [0x19550000, 0x23779bb8, 0x23779c00, 0x24763000)
 Metaspace       used 3475K, capacity 3534K, committed 3648K, reserved 4480K
}
Event: 18.532 GC heap before
{Heap before GC invocations=39 (full 6):
 def new generation   total 82112K, used 82111K [0x04000000, 0x09910000, 0x19550000)
  eden space 73024K, 100% used [0x04000000, 0x08750000, 0x08750000)
  from space 9088K,  99% used [0x09030000, 0x0990fff8, 0x09910000)
  to   space 9088K,   0% used [0x08750000, 0x08750000, 0x09030000)
 tenured generation   total 182348K, used 166054K [0x19550000, 0x24763000, 0x44000000)
   the space 182348K,  91% used [0x19550000, 0x23779bb8, 0x23779c00, 0x24763000)
 Metaspace       used 3475K, capacity 3534K, committed 3648K, reserved 4480K
Event: 19.242 GC heap after
Heap after GC invocations=40 (full 7):
 def new generation   total 90752K, used 3360K [0x04000000, 0x0a270000, 0x19550000)
  eden space 80704K,   4% used [0x04000000, 0x04348100, 0x08ed0000)
  from space 10048K,   0% used [0x08ed0000, 0x08ed0000, 0x098a0000)
  to   space 10048K,   0% used [0x098a0000, 0x098a0000, 0x0a270000)
 tenured generation   total 201440K, used 201438K [0x19550000, 0x25a08000, 0x44000000)
   the space 201440K,  99% used [0x19550000, 0x25a07ad8, 0x25a07c00, 0x25a08000)
 Metaspace       used 3475K, capacity 3534K, committed 3648K, reserved 4480K
}
Event: 19.537 GC heap before
{Heap before GC invocations=40 (full 7):
 def new generation   total 90752K, used 80704K [0x04000000, 0x0a270000, 0x19550000)
  eden space 80704K, 100% used [0x04000000, 0x08ed0000, 0x08ed0000)
  from space 10048K,   0% used [0x08ed0000, 0x08ed0000, 0x098a0000)
  to   space 10048K,   0% used [0x098a0000, 0x098a0000, 0x0a270000)
 tenured generation   total 201440K, used 201438K [0x19550000, 0x25a08000, 0x44000000)
   the space 201440K,  99% used [0x19550000, 0x25a07ad8, 0x25a07c00, 0x25a08000)
 Metaspace       used 3475K, capacity 3534K, committed 3648K, reserved 4480K

