# JRE version: Java(TM) SE Runtime Environment (8.0_73-b02) (build 1.8.0_73-b02)
# Java VM: Java HotSpot(TM) Client VM (25.73-b02 mixed mode windows-x86 )
Heap:
 def new generation   total 4928K, used 512K [0x03c00000, 0x04150000, 0x19150000)
  eden space 4416K,   0% used [0x03c00000, 0x03c00000, 0x04050000)
  from space 512K, 100% used [0x040d0000, 0x04150000, 0x04150000)
  to   space 512K,   0% used [0x04050000, 0x04050000, 0x040d0000)
 tenured generation   total 11608K, used 11606K [0x19150000, 0x19ca6000, 0x43c00000)
   the space 11608K,  99% used [0x19150000, 0x19ca5998, 0x19ca5a00, 0x19ca6000)
 Metaspace       used 3302K, capacity 3494K, committed 3520K, reserved 4480K
GC Heap History (10 events):
Event: 3.903 GC heap after
Heap after GC invocations=10 (full 0):
 def new generation   total 4928K, used 512K [0x03c00000, 0x04150000, 0x19150000)
  eden space 4416K,   0% used [0x03c00000, 0x03c00000, 0x04050000)
  from space 512K, 100% used [0x04050000, 0x040d0000, 0x040d0000)
  to   space 512K,   0% used [0x040d0000, 0x040d0000, 0x04150000)
 tenured generation   total 10944K, used 9908K [0x19150000, 0x19c00000, 0x43c00000)
   the space 10944K,  90% used [0x19150000, 0x19afd360, 0x19afd400, 0x19c00000)
 Metaspace       used 3302K, capacity 3494K, committed 3520K, reserved 4480K
}
Event: 3.971 GC heap before
{Heap before GC invocations=10 (full 0):
 def new generation   total 4928K, used 4928K [0x03c00000, 0x04150000, 0x19150000)
  eden space 4416K, 100% used [0x03c00000, 0x04050000, 0x04050000)
  from space 512K, 100% used [0x04050000, 0x040d0000, 0x040d0000)
  to   space 512K,   0% used [0x040d0000, 0x040d0000, 0x04150000)
 tenured generation   total 10944K, used 9908K [0x19150000, 0x19c00000, 0x43c00000)
   the space 10944K,  90% used [0x19150000, 0x19afd360, 0x19afd400, 0x19c00000)
 Metaspace       used 3302K, capacity 3494K, committed 3520K, reserved 4480K
Event: 3.980 GC heap after
Heap after GC invocations=11 (full 0):
 def new generation   total 4928K, used 512K [0x03c00000, 0x04150000, 0x19150000)
  eden space 4416K,   0% used [0x03c00000, 0x03c00000, 0x04050000)
  from space 512K, 100% used [0x040d0000, 0x04150000, 0x04150000)
  to   space 512K,   0% used [0x04050000, 0x04050000, 0x040d0000)
 tenured generation   total 10944K, used 10744K [0x19150000, 0x19c00000, 0x43c00000)
   the space 10944K,  98% used [0x19150000, 0x19bce2d8, 0x19bce400, 0x19c00000)
 Metaspace       used 3302K, capacity 3494K, committed 3520K, reserved 4480K
}
Event: 4.009 GC heap before
{Heap before GC invocations=11 (full 0):
 def new generation   total 4928K, used 4928K [0x03c00000, 0x04150000, 0x19150000)
  eden space 4416K, 100% used [0x03c00000, 0x04050000, 0x04050000)
  from space 512K, 100% used [0x040d0000, 0x04150000, 0x04150000)
  to   space 512K,   0% used [0x04050000, 0x04050000, 0x040d0000)
 tenured generation   total 10944K, used 10744K [0x19150000, 0x19c00000, 0x43c00000)
   the space 10944K,  98% used [0x19150000, 0x19bce2d8, 0x19bce400, 0x19c00000)
 Metaspace       used 3302K, capacity 3494K, committed 3520K, reserved 4480K
Event: 4.067 GC heap after
Heap after GC invocations=12 (full 1):
 def new generation   total 4928K, used 0K [0x03c00000, 0x04150000, 0x19150000)
  eden space 4416K,   0% used [0x03c00000, 0x03c00000, 0x04050000)
  from space 512K,   0% used [0x04050000, 0x04050000, 0x040d0000)
  to   space 512K,   0% used [0x040d0000, 0x040d0000, 0x04150000)
 tenured generation   total 11428K, used 10039K [0x19150000, 0x19c79000, 0x43c00000)
   the space 11428K,  87% used [0x19150000, 0x19b1def8, 0x19b1e000, 0x19c79000)
 Metaspace       used 3302K, capacity 3494K, committed 3520K, reserved 4480K
}
Event: 4.176 GC heap before
{Heap before GC invocations=12 (full 1):
 def new generation   total 4928K, used 4415K [0x03c00000, 0x04150000, 0x19150000)
  eden space 4416K,  99% used [0x03c00000, 0x0404ff08, 0x04050000)
  from space 512K,   0% used [0x04050000, 0x04050000, 0x040d0000)
  to   space 512K,   0% used [0x040d0000, 0x040d0000, 0x04150000)
 tenured generation   total 11428K, used 10039K [0x19150000, 0x19c79000, 0x43c00000)
   the space 11428K,  87% used [0x19150000, 0x19b1def8, 0x19b1e000, 0x19c79000)
 Metaspace       used 3302K, capacity 3494K, committed 3520K, reserved 4480K
Event: 4.181 GC heap after
Heap after GC invocations=13 (full 1):
 def new generation   total 4928K, used 512K [0x03c00000, 0x04150000, 0x19150000)
  eden space 4416K,   0% used [0x03c00000, 0x03c00000, 0x04050000)
  from space 512K, 100% used [0x040d0000, 0x04150000, 0x04150000)
  to   space 512K,   0% used [0x04050000, 0x04050000, 0x040d0000)
 tenured generation   total 11428K, used 10303K [0x19150000, 0x19c79000, 0x43c00000)
   the space 11428K,  90% used [0x19150000, 0x19b5ff68, 0x19b60000, 0x19c79000)
 Metaspace       used 3302K, capacity 3494K, committed 3520K, reserved 4480K
}
Event: 4.290 GC heap before
{Heap before GC invocations=13 (full 1):
 def new generation   total 4928K, used 4928K [0x03c00000, 0x04150000, 0x19150000)
  eden space 4416K, 100% used [0x03c00000, 0x04050000, 0x04050000)
  from space 512K, 100% used [0x040d0000, 0x04150000, 0x04150000)
  to   space 512K,   0% used [0x04050000, 0x04050000, 0x040d0000)
 tenured generation   total 11428K, used 10303K [0x19150000, 0x19c79000, 0x43c00000)
   the space 11428K,  90% used [0x19150000, 0x19b5ff68, 0x19b60000, 0x19c79000)
 Metaspace       used 3302K, capacity 3494K, committed 3520K, reserved 4480K
Event: 4.296 GC heap after
Heap after GC invocations=14 (full 1):
 def new generation   total 4928K, used 512K [0x03c00000, 0x04150000, 0x19150000)
  eden space 4416K,   0% used [0x03c00000, 0x03c00000, 0x04050000)
  from space 512K, 100% used [0x04050000, 0x040d0000, 0x040d0000)
  to   space 512K,   0% used [0x040d0000, 0x040d0000, 0x04150000)
 tenured generation   total 11428K, used 10899K [0x19150000, 0x19c79000, 0x43c00000)
   the space 11428K,  95% used [0x19150000, 0x19bf4e58, 0x19bf5000, 0x19c79000)
 Metaspace       used 3302K, capacity 3494K, committed 3520K, reserved 4480K
}
Event: 4.345 GC heap before
{Heap before GC invocations=14 (full 1):
 def new generation   total 4928K, used 4928K [0x03c00000, 0x04150000, 0x19150000)
  eden space 4416K, 100% used [0x03c00000, 0x04050000, 0x04050000)
  from space 512K, 100% used [0x04050000, 0x040d0000, 0x040d0000)
  to   space 512K,   0% used [0x040d0000, 0x040d0000, 0x04150000)
 tenured generation   total 11428K, used 10899K [0x19150000, 0x19c79000, 0x43c00000)
   the space 11428K,  95% used [0x19150000, 0x19bf4e58, 0x19bf5000, 0x19c79000)
 Metaspace       used 3302K, capacity 3494K, committed 3520K, reserved 4480K

