# JRE version: Java(TM) SE Runtime Environment (8.0_73-b02) (build 1.8.0_73-b02)
# Java VM: Java HotSpot(TM) Client VM (25.73-b02 mixed mode windows-x86 )
Heap:
 def new generation   total 4928K, used 4030K [0x03e00000, 0x04350000, 0x19350000)
  eden space 4416K,  79% used [0x03e00000, 0x0416f890, 0x04250000)
  from space 512K, 100% used [0x04250000, 0x042d0000, 0x042d0000)
  to   space 512K,   0% used [0x042d0000, 0x042d0000, 0x04350000)
 tenured generation   total 10944K, used 1718K [0x19350000, 0x19e00000, 0x43e00000)
   the space 10944K,  15% used [0x19350000, 0x194fd9c0, 0x194fda00, 0x19e00000)
 Metaspace       used 3280K, capacity 3462K, committed 3520K, reserved 4480K
GC Heap History (4 events):
Event: 0.419 GC heap before
{Heap before GC invocations=0 (full 0):
 def new generation   total 4928K, used 4416K [0x03e00000, 0x04350000, 0x19350000)
  eden space 4416K, 100% used [0x03e00000, 0x04250000, 0x04250000)
  from space 512K,   0% used [0x04250000, 0x04250000, 0x042d0000)
  to   space 512K,   0% used [0x042d0000, 0x042d0000, 0x04350000)
 tenured generation   total 10944K, used 0K [0x19350000, 0x19e00000, 0x43e00000)
   the space 10944K,   0% used [0x19350000, 0x19350000, 0x19350200, 0x19e00000)
 Metaspace       used 2613K, capacity 2854K, committed 2880K, reserved 4480K
Event: 0.425 GC heap after
Heap after GC invocations=1 (full 0):
 def new generation   total 4928K, used 512K [0x03e00000, 0x04350000, 0x19350000)
  eden space 4416K,   0% used [0x03e00000, 0x03e00000, 0x04250000)
  from space 512K, 100% used [0x042d0000, 0x04350000, 0x04350000)
  to   space 512K,   0% used [0x04250000, 0x04250000, 0x042d0000)
 tenured generation   total 10944K, used 799K [0x19350000, 0x19e00000, 0x43e00000)
   the space 10944K,   7% used [0x19350000, 0x19417c30, 0x19417e00, 0x19e00000)
 Metaspace       used 2613K, capacity 2854K, committed 2880K, reserved 4480K
}
Event: 0.621 GC heap before
{Heap before GC invocations=1 (full 0):
 def new generation   total 4928K, used 4758K [0x03e00000, 0x04350000, 0x19350000)
  eden space 4416K,  96% used [0x03e00000, 0x04225b68, 0x04250000)
  from space 512K, 100% used [0x042d0000, 0x04350000, 0x04350000)
  to   space 512K,   0% used [0x04250000, 0x04250000, 0x042d0000)
 tenured generation   total 10944K, used 799K [0x19350000, 0x19e00000, 0x43e00000)
   the space 10944K,   7% used [0x19350000, 0x19417c30, 0x19417e00, 0x19e00000)
 Metaspace       used 3155K, capacity 3366K, committed 3392K, reserved 4480K
Event: 0.629 GC heap after
Heap after GC invocations=2 (full 0):
 def new generation   total 4928K, used 512K [0x03e00000, 0x04350000, 0x19350000)
  eden space 4416K,   0% used [0x03e00000, 0x03e00000, 0x04250000)
  from space 512K, 100% used [0x04250000, 0x042d0000, 0x042d0000)
  to   space 512K,   0% used [0x042d0000, 0x042d0000, 0x04350000)
 tenured generation   total 10944K, used 1718K [0x19350000, 0x19e00000, 0x43e00000)
   the space 10944K,  15% used [0x19350000, 0x194fd9c0, 0x194fda00, 0x19e00000)
 Metaspace       used 3155K, capacity 3366K, committed 3392K, reserved 4480K
}

