# JRE version: Java(TM) SE Runtime Environment (8.0_73-b02) (build 1.8.0_73-b02)
# Java VM: Java HotSpot(TM) Client VM (25.73-b02 mixed mode windows-x86 )
Heap:
 def new generation   total 10624K, used 10624K [0x04000000, 0x04b80000, 0x19550000)
  eden space 9472K, 100% used [0x04000000, 0x04940000, 0x04940000)
  from space 1152K, 100% used [0x04940000, 0x04a60000, 0x04a60000)
  to   space 1152K,   0% used [0x04a60000, 0x04a60000, 0x04b80000)
 tenured generation   total 25892K, used 25892K [0x19550000, 0x1ae99000, 0x44000000)
   the space 25892K, 100% used [0x19550000, 0x1ae99000, 0x1ae99000, 0x1ae99000)
 Metaspace       used 3485K, capacity 3534K, committed 3648K, reserved 4480K
GC Heap History (10 events):
Event: 6.801 GC heap after
Heap after GC invocations=28 (full 7):
 def new generation   total 9280K, used 916K [0x04000000, 0x04a10000, 0x19550000)
  eden space 8256K,  11% used [0x04000000, 0x040e5138, 0x04810000)
  from space 1024K,   0% used [0x04810000, 0x04810000, 0x04910000)
  to   space 1024K,   0% used [0x04910000, 0x04910000, 0x04a10000)
 tenured generation   total 20528K, used 20527K [0x19550000, 0x1a95c000, 0x44000000)
   the space 20528K,  99% used [0x19550000, 0x1a95bff8, 0x1a95c000, 0x1a95c000)
 Metaspace       used 3485K, capacity 3534K, committed 3648K, reserved 4480K
}
Event: 6.826 GC heap before
{Heap before GC invocations=28 (full 7):
 def new generation   total 9280K, used 8256K [0x04000000, 0x04a10000, 0x19550000)
  eden space 8256K, 100% used [0x04000000, 0x04810000, 0x04810000)
  from space 1024K,   0% used [0x04810000, 0x04810000, 0x04910000)
  to   space 1024K,   0% used [0x04910000, 0x04910000, 0x04a10000)
 tenured generation   total 20528K, used 20527K [0x19550000, 0x1a95c000, 0x44000000)
   the space 20528K,  99% used [0x19550000, 0x1a95bff8, 0x1a95c000, 0x1a95c000)
 Metaspace       used 3485K, capacity 3534K, committed 3648K, reserved 4480K
Event: 7.027 GC heap after
Heap after GC invocations=29 (full 8):
 def new generation   total 9920K, used 0K [0x04000000, 0x04ac0000, 0x19550000)
  eden space 8832K,   0% used [0x04000000, 0x04000000, 0x048a0000)
  from space 1088K,   0% used [0x048a0000, 0x048a0000, 0x049b0000)
  to   space 1088K,   0% used [0x049b0000, 0x049b0000, 0x04ac0000)
 tenured generation   total 21936K, used 21834K [0x19550000, 0x1aabc000, 0x44000000)
   the space 21936K,  99% used [0x19550000, 0x1aaa2b78, 0x1aaa2c00, 0x1aabc000)
 Metaspace       used 3485K, capacity 3534K, committed 3648K, reserved 4480K
}
Event: 7.060 GC heap before
{Heap before GC invocations=29 (full 8):
 def new generation   total 9920K, used 8832K [0x04000000, 0x04ac0000, 0x19550000)
  eden space 8832K, 100% used [0x04000000, 0x048a0000, 0x048a0000)
  from space 1088K,   0% used [0x048a0000, 0x048a0000, 0x049b0000)
  to   space 1088K,   0% used [0x049b0000, 0x049b0000, 0x04ac0000)
 tenured generation   total 21936K, used 21834K [0x19550000, 0x1aabc000, 0x44000000)
   the space 21936K,  99% used [0x19550000, 0x1aaa2b78, 0x1aaa2c00, 0x1aabc000)
 Metaspace       used 3485K, capacity 3534K, committed 3648K, reserved 4480K
Event: 7.214 GC heap after
Heap after GC invocations=30 (full 9):
 def new generation   total 10048K, used 951K [0x04000000, 0x04ae0000, 0x19550000)
  eden space 8960K,  10% used [0x04000000, 0x040edec8, 0x048c0000)
  from space 1088K,   0% used [0x048c0000, 0x048c0000, 0x049d0000)
  to   space 1088K,   0% used [0x049d0000, 0x049d0000, 0x04ae0000)
 tenured generation   total 22192K, used 22192K [0x19550000, 0x1aafc000, 0x44000000)
   the space 22192K, 100% used [0x19550000, 0x1aafc000, 0x1aafc000, 0x1aafc000)
 Metaspace       used 3485K, capacity 3534K, committed 3648K, reserved 4480K
}
Event: 7.243 GC heap before
{Heap before GC invocations=30 (full 9):
 def new generation   total 10048K, used 8960K [0x04000000, 0x04ae0000, 0x19550000)
  eden space 8960K, 100% used [0x04000000, 0x048c0000, 0x048c0000)
  from space 1088K,   0% used [0x048c0000, 0x048c0000, 0x049d0000)
  to   space 1088K,   0% used [0x049d0000, 0x049d0000, 0x04ae0000)
 tenured generation   total 22192K, used 22192K [0x19550000, 0x1aafc000, 0x44000000)
   the space 22192K, 100% used [0x19550000, 0x1aafc000, 0x1aafc000, 0x1aafc000)
 Metaspace       used 3485K, capacity 3534K, committed 3648K, reserved 4480K
Event: 7.435 GC heap after
Heap after GC invocations=31 (full 10):
 def new generation   total 10624K, used 961K [0x04000000, 0x04b80000, 0x19550000)
  eden space 9472K,  10% used [0x04000000, 0x040f07f8, 0x04940000)
  from space 1152K,   0% used [0x04940000, 0x04940000, 0x04a60000)
  to   space 1152K,   0% used [0x04a60000, 0x04a60000, 0x04b80000)
 tenured generation   total 23472K, used 23471K [0x19550000, 0x1ac3c000, 0x44000000)
   the space 23472K,  99% used [0x19550000, 0x1ac3bff0, 0x1ac3c000, 0x1ac3c000)
 Metaspace       used 3485K, capacity 3534K, committed 3648K, reserved 4480K
}
Event: 7.460 GC heap before
{Heap before GC invocations=31 (full 10):
 def new generation   total 10624K, used 9472K [0x04000000, 0x04b80000, 0x19550000)
  eden space 9472K, 100% used [0x04000000, 0x04940000, 0x04940000)
  from space 1152K,   0% used [0x04940000, 0x04940000, 0x04a60000)
  to   space 1152K,   0% used [0x04a60000, 0x04a60000, 0x04b80000)
 tenured generation   total 23472K, used 23471K [0x19550000, 0x1ac3c000, 0x44000000)
   the space 23472K,  99% used [0x19550000, 0x1ac3bff0, 0x1ac3c000, 0x1ac3c000)
 Metaspace       used 3485K, capacity 3534K, committed 3648K, reserved 4480K
Event: 7.664 GC heap after
Heap after GC invocations=32 (full 11):
 def new generation   total 10624K, used 1031K [0x04000000, 0x04b80000, 0x19550000)
  eden space 9472K,  10% used [0x04000000, 0x04101fa8, 0x04940000)
  from space 1152K,   0% used [0x04a60000, 0x04a60000, 0x04b80000)
  to   space 1152K,   0% used [0x04940000, 0x04940000, 0x04a60000)
 tenured generation   total 24760K, used 24759K [0x19550000, 0x1ad7e000, 0x44000000)
   the space 24760K,  99% used [0x19550000, 0x1ad7de70, 0x1ad7e000, 0x1ad7e000)
 Metaspace       used 3485K, capacity 3534K, committed 3648K, reserved 4480K
}
Event: 7.692 GC heap before
{Heap before GC invocations=32 (full 11):
 def new generation   total 10624K, used 9472K [0x04000000, 0x04b80000, 0x19550000)
  eden space 9472K, 100% used [0x04000000, 0x04940000, 0x04940000)
  from space 1152K,   0% used [0x04a60000, 0x04a60000, 0x04b80000)
  to   space 1152K,   0% used [0x04940000, 0x04940000, 0x04a60000)
 tenured generation   total 24760K, used 24759K [0x19550000, 0x1ad7e000, 0x44000000)
   the space 24760K,  99% used [0x19550000, 0x1ad7de70, 0x1ad7e000, 0x1ad7e000)
 Metaspace       used 3485K, capacity 3534K, committed 3648K, reserved 4480K

