# JRE version: Java(TM) SE Runtime Environment (8.0_73-b02) (build 1.8.0_73-b02)
# Java VM: Java HotSpot(TM) Client VM (25.73-b02 mixed mode windows-x86 )
Heap:
 def new generation   total 17728K, used 17727K [0x03e00000, 0x05130000, 0x19350000)
  eden space 15808K, 100% used [0x03e00000, 0x04d70000, 0x04d70000)
  from space 1920K,  99% used [0x04f50000, 0x0512fff8, 0x05130000)
  to   space 1920K,  99% used [0x04d70000, 0x04f4fff8, 0x04f50000)
 tenured generation   total 42136K, used 42072K [0x19350000, 0x1bc76000, 0x43e00000)
   the space 42136K,  99% used [0x19350000, 0x1bc66008, 0x1bc66200, 0x1bc76000)
 Metaspace       used 3362K, capacity 3494K, committed 3520K, reserved 4480K
GC Heap History (10 events):
Event: 4.145 GC heap after
Heap after GC invocations=19 (full 2):
 def new generation   total 11008K, used 1216K [0x03e00000, 0x049f0000, 0x19350000)
  eden space 9792K,   0% used [0x03e00000, 0x03e00000, 0x04790000)
  from space 1216K, 100% used [0x04790000, 0x048c0000, 0x048c0000)
  to   space 1216K,   0% used [0x048c0000, 0x048c0000, 0x049f0000)
 tenured generation   total 24312K, used 20007K [0x19350000, 0x1ab0e000, 0x43e00000)
   the space 24312K,  82% used [0x19350000, 0x1a6d9d00, 0x1a6d9e00, 0x1ab0e000)
 Metaspace       used 3304K, capacity 3494K, committed 3520K, reserved 4480K
}
Event: 4.407 GC heap before
{Heap before GC invocations=19 (full 2):
 def new generation   total 11008K, used 11008K [0x03e00000, 0x049f0000, 0x19350000)
  eden space 9792K, 100% used [0x03e00000, 0x04790000, 0x04790000)
  from space 1216K, 100% used [0x04790000, 0x048c0000, 0x048c0000)
  to   space 1216K,   0% used [0x048c0000, 0x048c0000, 0x049f0000)
 tenured generation   total 24312K, used 20007K [0x19350000, 0x1ab0e000, 0x43e00000)
   the space 24312K,  82% used [0x19350000, 0x1a6d9d00, 0x1a6d9e00, 0x1ab0e000)
 Metaspace       used 3358K, capacity 3494K, committed 3520K, reserved 4480K
Event: 4.432 GC heap after
Heap after GC invocations=20 (full 2):
 def new generation   total 11008K, used 1216K [0x03e00000, 0x049f0000, 0x19350000)
  eden space 9792K,   0% used [0x03e00000, 0x03e00000, 0x04790000)
  from space 1216K, 100% used [0x048c0000, 0x049f0000, 0x049f0000)
  to   space 1216K,   0% used [0x04790000, 0x04790000, 0x048c0000)
 tenured generation   total 24312K, used 22750K [0x19350000, 0x1ab0e000, 0x43e00000)
   the space 24312K,  93% used [0x19350000, 0x1a987b80, 0x1a987c00, 0x1ab0e000)
 Metaspace       used 3358K, capacity 3494K, committed 3520K, reserved 4480K
}
Event: 4.587 GC heap before
{Heap before GC invocations=20 (full 2):
 def new generation   total 11008K, used 11008K [0x03e00000, 0x049f0000, 0x19350000)
  eden space 9792K, 100% used [0x03e00000, 0x04790000, 0x04790000)
  from space 1216K, 100% used [0x048c0000, 0x049f0000, 0x049f0000)
  to   space 1216K,   0% used [0x04790000, 0x04790000, 0x048c0000)
 tenured generation   total 24312K, used 22750K [0x19350000, 0x1ab0e000, 0x43e00000)
   the space 24312K,  93% used [0x19350000, 0x1a987b80, 0x1a987c00, 0x1ab0e000)
 Metaspace       used 3358K, capacity 3494K, committed 3520K, reserved 4480K
Event: 4.761 GC heap after
Heap after GC invocations=21 (full 3):
 def new generation   total 17728K, used 0K [0x03e00000, 0x05130000, 0x19350000)
  eden space 15808K,   0% used [0x03e00000, 0x03e00000, 0x04d70000)
  from space 1920K,   0% used [0x04d70000, 0x04d70000, 0x04f50000)
  to   space 1920K,   0% used [0x04f50000, 0x04f50000, 0x05130000)
 tenured generation   total 39128K, used 23476K [0x19350000, 0x1b986000, 0x43e00000)
   the space 39128K,  59% used [0x19350000, 0x1aa3d118, 0x1aa3d200, 0x1b986000)
 Metaspace       used 3358K, capacity 3494K, committed 3520K, reserved 4480K
}
Event: 5.237 GC heap before
{Heap before GC invocations=21 (full 3):
 def new generation   total 17728K, used 15808K [0x03e00000, 0x05130000, 0x19350000)
  eden space 15808K, 100% used [0x03e00000, 0x04d70000, 0x04d70000)
  from space 1920K,   0% used [0x04d70000, 0x04d70000, 0x04f50000)
  to   space 1920K,   0% used [0x04f50000, 0x04f50000, 0x05130000)
 tenured generation   total 39128K, used 23476K [0x19350000, 0x1b986000, 0x43e00000)
   the space 39128K,  59% used [0x19350000, 0x1aa3d118, 0x1aa3d200, 0x1b986000)
 Metaspace       used 3362K, capacity 3494K, committed 3520K, reserved 4480K
Event: 5.266 GC heap after
Heap after GC invocations=22 (full 3):
 def new generation   total 17728K, used 1920K [0x03e00000, 0x05130000, 0x19350000)
  eden space 15808K,   0% used [0x03e00000, 0x03e00000, 0x04d70000)
  from space 1920K, 100% used [0x04f50000, 0x05130000, 0x05130000)
  to   space 1920K,   0% used [0x04d70000, 0x04d70000, 0x04f50000)
 tenured generation   total 39128K, used 25972K [0x19350000, 0x1b986000, 0x43e00000)
   the space 39128K,  66% used [0x19350000, 0x1acad278, 0x1acad400, 0x1b986000)
 Metaspace       used 3362K, capacity 3494K, committed 3520K, reserved 4480K
}
Event: 5.417 GC heap before
{Heap before GC invocations=22 (full 3):
 def new generation   total 17728K, used 17728K [0x03e00000, 0x05130000, 0x19350000)
  eden space 15808K, 100% used [0x03e00000, 0x04d70000, 0x04d70000)
  from space 1920K, 100% used [0x04f50000, 0x05130000, 0x05130000)
  to   space 1920K,   0% used [0x04d70000, 0x04d70000, 0x04f50000)
 tenured generation   total 39128K, used 25972K [0x19350000, 0x1b986000, 0x43e00000)
   the space 39128K,  66% used [0x19350000, 0x1acad278, 0x1acad400, 0x1b986000)
 Metaspace       used 3362K, capacity 3494K, committed 3520K, reserved 4480K
Event: 5.460 GC heap after
Heap after GC invocations=23 (full 3):
 def new generation   total 17728K, used 1919K [0x03e00000, 0x05130000, 0x19350000)
  eden space 15808K,   0% used [0x03e00000, 0x03e00000, 0x04d70000)
  from space 1920K,  99% used [0x04d70000, 0x04f4fff8, 0x04f50000)
  to   space 1920K,   0% used [0x04f50000, 0x04f50000, 0x05130000)
 tenured generation   total 39128K, used 35051K [0x19350000, 0x1b986000, 0x43e00000)
   the space 39128K,  89% used [0x19350000, 0x1b58ad38, 0x1b58ae00, 0x1b986000)
 Metaspace       used 3362K, capacity 3494K, committed 3520K, reserved 4480K
}
Event: 5.582 GC heap before
{Heap before GC invocations=23 (full 3):
 def new generation   total 17728K, used 17727K [0x03e00000, 0x05130000, 0x19350000)
  eden space 15808K, 100% used [0x03e00000, 0x04d70000, 0x04d70000)
  from space 1920K,  99% used [0x04d70000, 0x04f4fff8, 0x04f50000)
  to   space 1920K,   0% used [0x04f50000, 0x04f50000, 0x05130000)
 tenured generation   total 39128K, used 35051K [0x19350000, 0x1b986000, 0x43e00000)
   the space 39128K,  89% used [0x19350000, 0x1b58ad38, 0x1b58ae00, 0x1b986000)
 Metaspace       used 3362K, capacity 3494K, committed 3520K, reserved 4480K

