# JRE version: Java(TM) SE Runtime Environment (8.0_73-b02) (build 1.8.0_73-b02)
# Java VM: Java HotSpot(TM) Client VM (25.73-b02 mixed mode windows-x86 )
Heap:
 def new generation   total 148672K, used 148672K [0x03e00000, 0x0df50000, 0x19350000)
  eden space 132160K, 100% used [0x03e00000, 0x0bf10000, 0x0bf10000)
  from space 16512K, 100% used [0x0bf10000, 0x0cf30000, 0x0cf30000)
  to   space 16512K, 100% used [0x0cf30000, 0x0df50000, 0x0df50000)
 tenured generation   total 360224K, used 360192K [0x19350000, 0x2f318000, 0x43e00000)
   the space 360224K,  99% used [0x19350000, 0x2f310170, 0x2f310200, 0x2f318000)
 Metaspace       used 3455K, capacity 3494K, committed 3520K, reserved 4480K
GC Heap History (10 events):
Event: 18.961 GC heap after
Heap after GC invocations=40 (full 6):
 def new generation   total 85504K, used 9472K [0x03e00000, 0x09ac0000, 0x19350000)
  eden space 76032K,   0% used [0x03e00000, 0x03e00000, 0x08840000)
  from space 9472K, 100% used [0x08840000, 0x09180000, 0x09180000)
  to   space 9472K,   0% used [0x09180000, 0x09180000, 0x09ac0000)
 tenured generation   total 189828K, used 171890K [0x19350000, 0x24cb1000, 0x43e00000)
   the space 189828K,  90% used [0x19350000, 0x23b2cb30, 0x23b2cc00, 0x24cb1000)
 Metaspace       used 3451K, capacity 3494K, committed 3520K, reserved 4480K
}
Event: 19.390 GC heap before
{Heap before GC invocations=40 (full 6):
 def new generation   total 85504K, used 85504K [0x03e00000, 0x09ac0000, 0x19350000)
  eden space 76032K, 100% used [0x03e00000, 0x08840000, 0x08840000)
  from space 9472K, 100% used [0x08840000, 0x09180000, 0x09180000)
  to   space 9472K,   0% used [0x09180000, 0x09180000, 0x09ac0000)
 tenured generation   total 189828K, used 171890K [0x19350000, 0x24cb1000, 0x43e00000)
   the space 189828K,  90% used [0x19350000, 0x23b2cb30, 0x23b2cc00, 0x24cb1000)
 Metaspace       used 3451K, capacity 3494K, committed 3520K, reserved 4480K
Event: 20.011 GC heap after
Heap after GC invocations=41 (full 7):
 def new generation   total 148672K, used 8992K [0x03e00000, 0x0df50000, 0x19350000)
  eden space 132160K,   6% used [0x03e00000, 0x046c8200, 0x0bf10000)
  from space 16512K,   0% used [0x0bf10000, 0x0bf10000, 0x0cf30000)
  to   space 16512K,   0% used [0x0cf30000, 0x0cf30000, 0x0df50000)
 tenured generation   total 330248K, used 198148K [0x19350000, 0x2d5d2000, 0x43e00000)
   the space 330248K,  59% used [0x19350000, 0x254d1000, 0x254d1000, 0x2d5d2000)
 Metaspace       used 3451K, capacity 3494K, committed 3520K, reserved 4480K
}
Event: 20.743 GC heap before
{Heap before GC invocations=41 (full 7):
 def new generation   total 148672K, used 132160K [0x03e00000, 0x0df50000, 0x19350000)
  eden space 132160K, 100% used [0x03e00000, 0x0bf10000, 0x0bf10000)
  from space 16512K,   0% used [0x0bf10000, 0x0bf10000, 0x0cf30000)
  to   space 16512K,   0% used [0x0cf30000, 0x0cf30000, 0x0df50000)
 tenured generation   total 330248K, used 198148K [0x19350000, 0x2d5d2000, 0x43e00000)
   the space 330248K,  59% used [0x19350000, 0x254d1000, 0x254d1000, 0x2d5d2000)
 Metaspace       used 3451K, capacity 3494K, committed 3520K, reserved 4480K
Event: 20.959 GC heap after
Heap after GC invocations=42 (full 7):
 def new generation   total 148672K, used 16512K [0x03e00000, 0x0df50000, 0x19350000)
  eden space 132160K,   0% used [0x03e00000, 0x03e00000, 0x0bf10000)
  from space 16512K, 100% used [0x0cf30000, 0x0df50000, 0x0df50000)
  to   space 16512K,   0% used [0x0bf10000, 0x0bf10000, 0x0cf30000)
 tenured generation   total 330248K, used 207601K [0x19350000, 0x2d5d2000, 0x43e00000)
   the space 330248K,  62% used [0x19350000, 0x25e0c5d0, 0x25e0c600, 0x2d5d2000)
 Metaspace       used 3451K, capacity 3494K, committed 3520K, reserved 4480K
}
Event: 23.067 GC heap before
{Heap before GC invocations=42 (full 7):
 def new generation   total 148672K, used 148672K [0x03e00000, 0x0df50000, 0x19350000)
  eden space 132160K, 100% used [0x03e00000, 0x0bf10000, 0x0bf10000)
  from space 16512K, 100% used [0x0cf30000, 0x0df50000, 0x0df50000)
  to   space 16512K,   0% used [0x0bf10000, 0x0bf10000, 0x0cf30000)
 tenured generation   total 330248K, used 207601K [0x19350000, 0x2d5d2000, 0x43e00000)
   the space 330248K,  62% used [0x19350000, 0x25e0c5d0, 0x25e0c600, 0x2d5d2000)
 Metaspace       used 3451K, capacity 3494K, committed 3520K, reserved 4480K
Event: 23.367 GC heap after
Heap after GC invocations=43 (full 7):
 def new generation   total 148672K, used 16512K [0x03e00000, 0x0df50000, 0x19350000)
  eden space 132160K,   0% used [0x03e00000, 0x03e00000, 0x0bf10000)
  from space 16512K, 100% used [0x0bf10000, 0x0cf30000, 0x0cf30000)
  to   space 16512K,   0% used [0x0cf30000, 0x0cf30000, 0x0df50000)
 tenured generation   total 330248K, used 245189K [0x19350000, 0x2d5d2000, 0x43e00000)
   the space 330248K,  74% used [0x19350000, 0x282c1728, 0x282c1800, 0x2d5d2000)
 Metaspace       used 3451K, capacity 3494K, committed 3520K, reserved 4480K
}
Event: 28.109 GC heap before
{Heap before GC invocations=43 (full 7):
 def new generation   total 148672K, used 148672K [0x03e00000, 0x0df50000, 0x19350000)
  eden space 132160K, 100% used [0x03e00000, 0x0bf10000, 0x0bf10000)
  from space 16512K, 100% used [0x0bf10000, 0x0cf30000, 0x0cf30000)
  to   space 16512K,   0% used [0x0cf30000, 0x0cf30000, 0x0df50000)
 tenured generation   total 330248K, used 245189K [0x19350000, 0x2d5d2000, 0x43e00000)
   the space 330248K,  74% used [0x19350000, 0x282c1728, 0x282c1800, 0x2d5d2000)
 Metaspace       used 3451K, capacity 3494K, committed 3520K, reserved 4480K
Event: 28.361 GC heap after
Heap after GC invocations=44 (full 7):
 def new generation   total 148672K, used 16512K [0x03e00000, 0x0df50000, 0x19350000)
  eden space 132160K,   0% used [0x03e00000, 0x03e00000, 0x0bf10000)
  from space 16512K, 100% used [0x0cf30000, 0x0df50000, 0x0df50000)
  to   space 16512K,   0% used [0x0bf10000, 0x0bf10000, 0x0cf30000)
 tenured generation   total 330248K, used 289288K [0x19350000, 0x2d5d2000, 0x43e00000)
   the space 330248K,  87% used [0x19350000, 0x2add21a0, 0x2add2200, 0x2d5d2000)
 Metaspace       used 3451K, capacity 3494K, committed 3520K, reserved 4480K
}
Event: 28.801 GC heap before
{Heap before GC invocations=44 (full 7):
 def new generation   total 148672K, used 148672K [0x03e00000, 0x0df50000, 0x19350000)
  eden space 132160K, 100% used [0x03e00000, 0x0bf10000, 0x0bf10000)
  from space 16512K, 100% used [0x0cf30000, 0x0df50000, 0x0df50000)
  to   space 16512K,   0% used [0x0bf10000, 0x0bf10000, 0x0cf30000)
 tenured generation   total 330248K, used 289288K [0x19350000, 0x2d5d2000, 0x43e00000)
   the space 330248K,  87% used [0x19350000, 0x2add21a0, 0x2add2200, 0x2d5d2000)
 Metaspace       used 3455K, capacity 3494K, committed 3520K, reserved 4480K

