# JRE version: Java(TM) SE Runtime Environment (8.0_73-b02) (build 1.8.0_73-b02)
# Java VM: Java HotSpot(TM) Client VM (25.73-b02 mixed mode windows-x86 )
Heap:
 def new generation   total 13504K, used 1472K [0x04600000, 0x054a0000, 0x19b50000)
  eden space 12032K,   0% used [0x04600000, 0x04600000, 0x051c0000)
  from space 1472K, 100% used [0x05330000, 0x054a0000, 0x054a0000)
  to   space 1472K,   0% used [0x051c0000, 0x051c0000, 0x05330000)
 tenured generation   total 30024K, used 29976K [0x19b50000, 0x1b8a2000, 0x44600000)
   the space 30024K,  99% used [0x19b50000, 0x1b896270, 0x1b896400, 0x1b8a2000)
 Metaspace       used 3483K, capacity 3534K, committed 3648K, reserved 4480K
GC Heap History (10 events):
Event: 3.582 GC heap after
Heap after GC invocations=28 (full 2):
 def new generation   total 12288K, used 1344K [0x04600000, 0x05350000, 0x19b50000)
  eden space 10944K,   0% used [0x04600000, 0x04600000, 0x050b0000)
  from space 1344K, 100% used [0x05200000, 0x05350000, 0x05350000)
  to   space 1344K,   0% used [0x050b0000, 0x050b0000, 0x05200000)
 tenured generation   total 27208K, used 23772K [0x19b50000, 0x1b5e2000, 0x44600000)
   the space 27208K,  87% used [0x19b50000, 0x1b287268, 0x1b287400, 0x1b5e2000)
 Metaspace       used 3482K, capacity 3534K, committed 3648K, reserved 4480K
}
Event: 3.706 GC heap before
{Heap before GC invocations=28 (full 2):
 def new generation   total 12288K, used 12288K [0x04600000, 0x05350000, 0x19b50000)
  eden space 10944K, 100% used [0x04600000, 0x050b0000, 0x050b0000)
  from space 1344K, 100% used [0x05200000, 0x05350000, 0x05350000)
  to   space 1344K,   0% used [0x050b0000, 0x050b0000, 0x05200000)
 tenured generation   total 27208K, used 23772K [0x19b50000, 0x1b5e2000, 0x44600000)
   the space 27208K,  87% used [0x19b50000, 0x1b287268, 0x1b287400, 0x1b5e2000)
 Metaspace       used 3482K, capacity 3534K, committed 3648K, reserved 4480K
Event: 3.722 GC heap after
Heap after GC invocations=29 (full 2):
 def new generation   total 12288K, used 1344K [0x04600000, 0x05350000, 0x19b50000)
  eden space 10944K,   0% used [0x04600000, 0x04600000, 0x050b0000)
  from space 1344K, 100% used [0x050b0000, 0x05200000, 0x05200000)
  to   space 1344K,   0% used [0x05200000, 0x05200000, 0x05350000)
 tenured generation   total 27208K, used 25176K [0x19b50000, 0x1b5e2000, 0x44600000)
   the space 27208K,  92% used [0x19b50000, 0x1b3e61d8, 0x1b3e6200, 0x1b5e2000)
 Metaspace       used 3482K, capacity 3534K, committed 3648K, reserved 4480K
}
Event: 3.784 GC heap before
{Heap before GC invocations=29 (full 2):
 def new generation   total 12288K, used 12288K [0x04600000, 0x05350000, 0x19b50000)
  eden space 10944K, 100% used [0x04600000, 0x050b0000, 0x050b0000)
  from space 1344K, 100% used [0x050b0000, 0x05200000, 0x05200000)
  to   space 1344K,   0% used [0x05200000, 0x05200000, 0x05350000)
 tenured generation   total 27208K, used 25176K [0x19b50000, 0x1b5e2000, 0x44600000)
   the space 27208K,  92% used [0x19b50000, 0x1b3e61d8, 0x1b3e6200, 0x1b5e2000)
 Metaspace       used 3482K, capacity 3534K, committed 3648K, reserved 4480K
Event: 3.803 GC heap after
Heap after GC invocations=30 (full 2):
 def new generation   total 12288K, used 1343K [0x04600000, 0x05350000, 0x19b50000)
  eden space 10944K,   0% used [0x04600000, 0x04600000, 0x050b0000)
  from space 1344K,  99% used [0x05200000, 0x0534fff8, 0x05350000)
  to   space 1344K,   0% used [0x050b0000, 0x050b0000, 0x05200000)
 tenured generation   total 27208K, used 26973K [0x19b50000, 0x1b5e2000, 0x44600000)
   the space 27208K,  99% used [0x19b50000, 0x1b5a77f8, 0x1b5a7800, 0x1b5e2000)
 Metaspace       used 3482K, capacity 3534K, committed 3648K, reserved 4480K
}
Event: 3.971 GC heap before
{Heap before GC invocations=30 (full 2):
 def new generation   total 12288K, used 12287K [0x04600000, 0x05350000, 0x19b50000)
  eden space 10944K, 100% used [0x04600000, 0x050b0000, 0x050b0000)
  from space 1344K,  99% used [0x05200000, 0x0534fff8, 0x05350000)
  to   space 1344K,   0% used [0x050b0000, 0x050b0000, 0x05200000)
 tenured generation   total 27208K, used 26973K [0x19b50000, 0x1b5e2000, 0x44600000)
   the space 27208K,  99% used [0x19b50000, 0x1b5a77f8, 0x1b5a7800, 0x1b5e2000)
 Metaspace       used 3482K, capacity 3534K, committed 3648K, reserved 4480K
Event: 4.169 GC heap after
Heap after GC invocations=31 (full 3):
 def new generation   total 13056K, used 424K [0x04600000, 0x05420000, 0x19b50000)
  eden space 11648K,   3% used [0x04600000, 0x0466a180, 0x05160000)
  from space 1408K,   0% used [0x05160000, 0x05160000, 0x052c0000)
  to   space 1408K,   0% used [0x052c0000, 0x052c0000, 0x05420000)
 tenured generation   total 28872K, used 28871K [0x19b50000, 0x1b782000, 0x44600000)
   the space 28872K,  99% used [0x19b50000, 0x1b781fe0, 0x1b782000, 0x1b782000)
 Metaspace       used 3482K, capacity 3534K, committed 3648K, reserved 4480K
}
Event: 4.207 GC heap before
{Heap before GC invocations=31 (full 3):
 def new generation   total 13056K, used 11648K [0x04600000, 0x05420000, 0x19b50000)
  eden space 11648K, 100% used [0x04600000, 0x05160000, 0x05160000)
  from space 1408K,   0% used [0x05160000, 0x05160000, 0x052c0000)
  to   space 1408K,   0% used [0x052c0000, 0x052c0000, 0x05420000)
 tenured generation   total 28872K, used 28871K [0x19b50000, 0x1b782000, 0x44600000)
   the space 28872K,  99% used [0x19b50000, 0x1b781fe0, 0x1b782000, 0x1b782000)
 Metaspace       used 3483K, capacity 3534K, committed 3648K, reserved 4480K
Event: 4.484 GC heap after
Heap after GC invocations=32 (full 4):
 def new generation   total 13504K, used 0K [0x04600000, 0x054a0000, 0x19b50000)
  eden space 12032K,   0% used [0x04600000, 0x04600000, 0x051c0000)
  from space 1472K,   0% used [0x051c0000, 0x051c0000, 0x05330000)
  to   space 1472K,   0% used [0x05330000, 0x05330000, 0x054a0000)
 tenured generation   total 29896K, used 29421K [0x19b50000, 0x1b882000, 0x44600000)
   the space 29896K,  98% used [0x19b50000, 0x1b80b6b0, 0x1b80b800, 0x1b882000)
 Metaspace       used 3483K, capacity 3534K, committed 3648K, reserved 4480K
}
Event: 4.520 GC heap before
{Heap before GC invocations=32 (full 4):
 def new generation   total 13504K, used 12032K [0x04600000, 0x054a0000, 0x19b50000)
  eden space 12032K, 100% used [0x04600000, 0x051c0000, 0x051c0000)
  from space 1472K,   0% used [0x051c0000, 0x051c0000, 0x05330000)
  to   space 1472K,   0% used [0x05330000, 0x05330000, 0x054a0000)
 tenured generation   total 29896K, used 29421K [0x19b50000, 0x1b882000, 0x44600000)
   the space 29896K,  98% used [0x19b50000, 0x1b80b6b0, 0x1b80b800, 0x1b882000)
 Metaspace       used 3483K, capacity 3534K, committed 3648K, reserved 4480K

