# JRE version: Java(TM) SE Runtime Environment (8.0_73-b02) (build 1.8.0_73-b02)
# Java VM: Java HotSpot(TM) Client VM (25.73-b02 mixed mode windows-x86 )
Heap:
 def new generation   total 12608K, used 3037K [0x04400000, 0x051a0000, 0x19950000)
  eden space 11264K,  26% used [0x04400000, 0x046f7428, 0x04f00000)
  from space 1344K,   0% used [0x04f00000, 0x04f00000, 0x05050000)
  to   space 1344K,   0% used [0x05050000, 0x05050000, 0x051a0000)
 tenured generation   total 27820K, used 16689K [0x19950000, 0x1b47b000, 0x44400000)
   the space 27820K,  59% used [0x19950000, 0x1a99c688, 0x1a99c800, 0x1b47b000)
 Metaspace       used 3419K, capacity 3590K, committed 3648K, reserved 4480K
GC Heap History (10 events):
Event: 2.576 GC heap before
{Heap before GC invocations=17 (full 1):
 def new generation   total 8064K, used 8064K [0x04400000, 0x04cb0000, 0x19950000)
  eden space 7232K, 100% used [0x04400000, 0x04b10000, 0x04b10000)
  from space 832K, 100% used [0x04be0000, 0x04cb0000, 0x04cb0000)
  to   space 832K,   0% used [0x04b10000, 0x04b10000, 0x04be0000)
 tenured generation   total 17652K, used 11060K [0x19950000, 0x1aa8d000, 0x44400000)
   the space 17652K,  62% used [0x19950000, 0x1a41d2e8, 0x1a41d400, 0x1aa8d000)
 Metaspace       used 3302K, capacity 3494K, committed 3520K, reserved 4480K
Event: 2.588 GC heap after
Heap after GC invocations=18 (full 1):
 def new generation   total 8064K, used 832K [0x04400000, 0x04cb0000, 0x19950000)
  eden space 7232K,   0% used [0x04400000, 0x04400000, 0x04b10000)
  from space 832K, 100% used [0x04b10000, 0x04be0000, 0x04be0000)
  to   space 832K,   0% used [0x04be0000, 0x04be0000, 0x04cb0000)
 tenured generation   total 17652K, used 12297K [0x19950000, 0x1aa8d000, 0x44400000)
   the space 17652K,  69% used [0x19950000, 0x1a5527d0, 0x1a552800, 0x1aa8d000)
 Metaspace       used 3302K, capacity 3494K, committed 3520K, reserved 4480K
}
Event: 2.677 GC heap before
{Heap before GC invocations=18 (full 1):
 def new generation   total 8064K, used 8064K [0x04400000, 0x04cb0000, 0x19950000)
  eden space 7232K, 100% used [0x04400000, 0x04b10000, 0x04b10000)
  from space 832K, 100% used [0x04b10000, 0x04be0000, 0x04be0000)
  to   space 832K,   0% used [0x04be0000, 0x04be0000, 0x04cb0000)
 tenured generation   total 17652K, used 12297K [0x19950000, 0x1aa8d000, 0x44400000)
   the space 17652K,  69% used [0x19950000, 0x1a5527d0, 0x1a552800, 0x1aa8d000)
 Metaspace       used 3306K, capacity 3494K, committed 3520K, reserved 4480K
Event: 2.688 GC heap after
Heap after GC invocations=19 (full 1):
 def new generation   total 8064K, used 832K [0x04400000, 0x04cb0000, 0x19950000)
  eden space 7232K,   0% used [0x04400000, 0x04400000, 0x04b10000)
  from space 832K, 100% used [0x04be0000, 0x04cb0000, 0x04cb0000)
  to   space 832K,   0% used [0x04b10000, 0x04b10000, 0x04be0000)
 tenured generation   total 17652K, used 13357K [0x19950000, 0x1aa8d000, 0x44400000)
   the space 17652K,  75% used [0x19950000, 0x1a65b6d0, 0x1a65b800, 0x1aa8d000)
 Metaspace       used 3306K, capacity 3494K, committed 3520K, reserved 4480K
}
Event: 2.719 GC heap before
{Heap before GC invocations=19 (full 1):
 def new generation   total 8064K, used 8064K [0x04400000, 0x04cb0000, 0x19950000)
  eden space 7232K, 100% used [0x04400000, 0x04b10000, 0x04b10000)
  from space 832K, 100% used [0x04be0000, 0x04cb0000, 0x04cb0000)
  to   space 832K,   0% used [0x04b10000, 0x04b10000, 0x04be0000)
 tenured generation   total 17652K, used 13357K [0x19950000, 0x1aa8d000, 0x44400000)
   the space 17652K,  75% used [0x19950000, 0x1a65b6d0, 0x1a65b800, 0x1aa8d000)
 Metaspace       used 3308K, capacity 3494K, committed 3520K, reserved 4480K
Event: 2.729 GC heap after
Heap after GC invocations=20 (full 1):
 def new generation   total 8064K, used 832K [0x04400000, 0x04cb0000, 0x19950000)
  eden space 7232K,   0% used [0x04400000, 0x04400000, 0x04b10000)
  from space 832K, 100% used [0x04b10000, 0x04be0000, 0x04be0000)
  to   space 832K,   0% used [0x04be0000, 0x04be0000, 0x04cb0000)
 tenured generation   total 17652K, used 14417K [0x19950000, 0x1aa8d000, 0x44400000)
   the space 17652K,  81% used [0x19950000, 0x1a764508, 0x1a764600, 0x1aa8d000)
 Metaspace       used 3308K, capacity 3494K, committed 3520K, reserved 4480K
}
Event: 2.822 GC heap before
{Heap before GC invocations=20 (full 1):
 def new generation   total 8064K, used 8064K [0x04400000, 0x04cb0000, 0x19950000)
  eden space 7232K, 100% used [0x04400000, 0x04b10000, 0x04b10000)
  from space 832K, 100% used [0x04b10000, 0x04be0000, 0x04be0000)
  to   space 832K,   0% used [0x04be0000, 0x04be0000, 0x04cb0000)
 tenured generation   total 17652K, used 14417K [0x19950000, 0x1aa8d000, 0x44400000)
   the space 17652K,  81% used [0x19950000, 0x1a764508, 0x1a764600, 0x1aa8d000)
 Metaspace       used 3312K, capacity 3494K, committed 3520K, reserved 4480K
Event: 2.840 GC heap after
Heap after GC invocations=21 (full 1):
 def new generation   total 8064K, used 832K [0x04400000, 0x04cb0000, 0x19950000)
  eden space 7232K,   0% used [0x04400000, 0x04400000, 0x04b10000)
  from space 832K, 100% used [0x04be0000, 0x04cb0000, 0x04cb0000)
  to   space 832K,   0% used [0x04b10000, 0x04b10000, 0x04be0000)
 tenured generation   total 17652K, used 16462K [0x19950000, 0x1aa8d000, 0x44400000)
   the space 17652K,  93% used [0x19950000, 0x1a963b78, 0x1a963c00, 0x1aa8d000)
 Metaspace       used 3312K, capacity 3494K, committed 3520K, reserved 4480K
}
Event: 3.060 GC heap before
{Heap before GC invocations=21 (full 1):
 def new generation   total 8064K, used 8064K [0x04400000, 0x04cb0000, 0x19950000)
  eden space 7232K, 100% used [0x04400000, 0x04b10000, 0x04b10000)
  from space 832K, 100% used [0x04be0000, 0x04cb0000, 0x04cb0000)
  to   space 832K,   0% used [0x04b10000, 0x04b10000, 0x04be0000)
 tenured generation   total 17652K, used 16462K [0x19950000, 0x1aa8d000, 0x44400000)
   the space 17652K,  93% used [0x19950000, 0x1a963b78, 0x1a963c00, 0x1aa8d000)
 Metaspace       used 3378K, capacity 3558K, committed 3648K, reserved 4480K
Event: 3.184 GC heap after
Heap after GC invocations=22 (full 2):
 def new generation   total 12608K, used 0K [0x04400000, 0x051a0000, 0x19950000)
  eden space 11264K,   0% used [0x04400000, 0x04400000, 0x04f00000)
  from space 1344K,   0% used [0x04f00000, 0x04f00000, 0x05050000)
  to   space 1344K,   0% used [0x05050000, 0x05050000, 0x051a0000)
 tenured generation   total 27820K, used 16689K [0x19950000, 0x1b47b000, 0x44400000)
   the space 27820K,  59% used [0x19950000, 0x1a99c688, 0x1a99c800, 0x1b47b000)
 Metaspace       used 3378K, capacity 3558K, committed 3648K, reserved 4480K
}

