# JRE version: Java(TM) SE Runtime Environment (8.0_73-b02) (build 1.8.0_73-b02)
# Java VM: Java HotSpot(TM) Client VM (25.73-b02 mixed mode windows-x86 )
Heap:
 def new generation   total 115264K, used 115264K [0x04000000, 0x0bd10000, 0x19550000)
  eden space 102464K, 100% used [0x04000000, 0x0a410000, 0x0a410000)
  from space 12800K, 100% used [0x0a410000, 0x0b090000, 0x0b090000)
  to   space 12800K,  99% used [0x0b090000, 0x0bd0fff8, 0x0bd10000)
 tenured generation   total 299712K, used 299712K [0x19550000, 0x2ba01000, 0x44000000)
   the space 299712K, 100% used [0x19550000, 0x2ba00000, 0x2ba00000, 0x2ba00000)
 Metaspace       used 3451K, capacity 3494K, committed 3520K, reserved 4480K
GC Heap History (10 events):
Event: 9.551 GC heap after
Heap after GC invocations=38 (full 7):
 def new generation   total 115264K, used 7246K [0x04000000, 0x0bd10000, 0x19550000)
  eden space 102464K,   7% used [0x04000000, 0x04713be8, 0x0a410000)
  from space 12800K,   0% used [0x0a410000, 0x0a410000, 0x0b090000)
  to   space 12800K,   0% used [0x0b090000, 0x0b090000, 0x0bd10000)
 tenured generation   total 256020K, used 153611K [0x19550000, 0x28f55000, 0x44000000)
   the space 256020K,  59% used [0x19550000, 0x22b52fd8, 0x22b53000, 0x28f55000)
 Metaspace       used 3447K, capacity 3494K, committed 3520K, reserved 4480K
}
Event: 10.205 GC heap before
{Heap before GC invocations=38 (full 7):
 def new generation   total 115264K, used 102464K [0x04000000, 0x0bd10000, 0x19550000)
  eden space 102464K, 100% used [0x04000000, 0x0a410000, 0x0a410000)
  from space 12800K,   0% used [0x0a410000, 0x0a410000, 0x0b090000)
  to   space 12800K,   0% used [0x0b090000, 0x0b090000, 0x0bd10000)
 tenured generation   total 256020K, used 153611K [0x19550000, 0x28f55000, 0x44000000)
   the space 256020K,  59% used [0x19550000, 0x22b52fd8, 0x22b53000, 0x28f55000)
 Metaspace       used 3451K, capacity 3494K, committed 3520K, reserved 4480K
Event: 10.426 GC heap after
Heap after GC invocations=39 (full 7):
 def new generation   total 115264K, used 12800K [0x04000000, 0x0bd10000, 0x19550000)
  eden space 102464K,   0% used [0x04000000, 0x04000000, 0x0a410000)
  from space 12800K, 100% used [0x0b090000, 0x0bd10000, 0x0bd10000)
  to   space 12800K,   0% used [0x0a410000, 0x0a410000, 0x0b090000)
 tenured generation   total 256020K, used 190449K [0x19550000, 0x28f55000, 0x44000000)
   the space 256020K,  74% used [0x19550000, 0x24f4c458, 0x24f4c600, 0x28f55000)
 Metaspace       used 3451K, capacity 3494K, committed 3520K, reserved 4480K
}
Event: 10.954 GC heap before
{Heap before GC invocations=39 (full 7):
 def new generation   total 115264K, used 115264K [0x04000000, 0x0bd10000, 0x19550000)
  eden space 102464K, 100% used [0x04000000, 0x0a410000, 0x0a410000)
  from space 12800K, 100% used [0x0b090000, 0x0bd10000, 0x0bd10000)
  to   space 12800K,   0% used [0x0a410000, 0x0a410000, 0x0b090000)
 tenured generation   total 256020K, used 190449K [0x19550000, 0x28f55000, 0x44000000)
   the space 256020K,  74% used [0x19550000, 0x24f4c458, 0x24f4c600, 0x28f55000)
 Metaspace       used 3451K, capacity 3494K, committed 3520K, reserved 4480K
Event: 11.077 GC heap after
Heap after GC invocations=40 (full 7):
 def new generation   total 115264K, used 12800K [0x04000000, 0x0bd10000, 0x19550000)
  eden space 102464K,   0% used [0x04000000, 0x04000000, 0x0a410000)
  from space 12800K, 100% used [0x0a410000, 0x0b090000, 0x0b090000)
  to   space 12800K,   0% used [0x0b090000, 0x0b090000, 0x0bd10000)
 tenured generation   total 256020K, used 203414K [0x19550000, 0x28f55000, 0x44000000)
   the space 256020K,  79% used [0x19550000, 0x25bf5838, 0x25bf5a00, 0x28f55000)
 Metaspace       used 3451K, capacity 3494K, committed 3520K, reserved 4480K
}
Event: 11.618 GC heap before
{Heap before GC invocations=40 (full 7):
 def new generation   total 115264K, used 115264K [0x04000000, 0x0bd10000, 0x19550000)
  eden space 102464K, 100% used [0x04000000, 0x0a410000, 0x0a410000)
  from space 12800K, 100% used [0x0a410000, 0x0b090000, 0x0b090000)
  to   space 12800K,   0% used [0x0b090000, 0x0b090000, 0x0bd10000)
 tenured generation   total 256020K, used 203414K [0x19550000, 0x28f55000, 0x44000000)
   the space 256020K,  79% used [0x19550000, 0x25bf5838, 0x25bf5a00, 0x28f55000)
 Metaspace       used 3451K, capacity 3494K, committed 3520K, reserved 4480K
Event: 11.845 GC heap after
Heap after GC invocations=41 (full 7):
 def new generation   total 115264K, used 12800K [0x04000000, 0x0bd10000, 0x19550000)
  eden space 102464K,   0% used [0x04000000, 0x04000000, 0x0a410000)
  from space 12800K, 100% used [0x0b090000, 0x0bd10000, 0x0bd10000)
  to   space 12800K,   0% used [0x0a410000, 0x0a410000, 0x0b090000)
 tenured generation   total 256020K, used 231060K [0x19550000, 0x28f55000, 0x44000000)
   the space 256020K,  90% used [0x19550000, 0x276f5350, 0x276f5400, 0x28f55000)
 Metaspace       used 3451K, capacity 3494K, committed 3520K, reserved 4480K
}
Event: 13.902 GC heap before
{Heap before GC invocations=41 (full 7):
 def new generation   total 115264K, used 115264K [0x04000000, 0x0bd10000, 0x19550000)
  eden space 102464K, 100% used [0x04000000, 0x0a410000, 0x0a410000)
  from space 12800K, 100% used [0x0b090000, 0x0bd10000, 0x0bd10000)
  to   space 12800K,   0% used [0x0a410000, 0x0a410000, 0x0b090000)
 tenured generation   total 256020K, used 231060K [0x19550000, 0x28f55000, 0x44000000)
   the space 256020K,  90% used [0x19550000, 0x276f5350, 0x276f5400, 0x28f55000)
 Metaspace       used 3451K, capacity 3494K, committed 3520K, reserved 4480K
Event: 14.112 GC heap after
Heap after GC invocations=42 (full 7):
 def new generation   total 115264K, used 12800K [0x04000000, 0x0bd10000, 0x19550000)
  eden space 102464K,   0% used [0x04000000, 0x04000000, 0x0a410000)
  from space 12800K, 100% used [0x0a410000, 0x0b090000, 0x0b090000)
  to   space 12800K,   0% used [0x0b090000, 0x0b090000, 0x0bd10000)
 tenured generation   total 256020K, used 252849K [0x19550000, 0x28f55000, 0x44000000)
   the space 256020K,  98% used [0x19550000, 0x28c3c6e0, 0x28c3c800, 0x28f55000)
 Metaspace       used 3451K, capacity 3494K, committed 3520K, reserved 4480K
}
Event: 15.196 GC heap before
{Heap before GC invocations=42 (full 7):
 def new generation   total 115264K, used 115264K [0x04000000, 0x0bd10000, 0x19550000)
  eden space 102464K, 100% used [0x04000000, 0x0a410000, 0x0a410000)
  from space 12800K, 100% used [0x0a410000, 0x0b090000, 0x0b090000)
  to   space 12800K,   0% used [0x0b090000, 0x0b090000, 0x0bd10000)
 tenured generation   total 256020K, used 252849K [0x19550000, 0x28f55000, 0x44000000)
   the space 256020K,  98% used [0x19550000, 0x28c3c6e0, 0x28c3c800, 0x28f55000)
 Metaspace       used 3451K, capacity 3494K, committed 3520K, reserved 4480K

