# JRE version: Java(TM) SE Runtime Environment (8.0_73-b02) (build 1.8.0_73-b02)
# Java VM: Java HotSpot(TM) Client VM (25.73-b02 mixed mode windows-x86 )
Heap:
 def new generation   total 72832K, used 8064K [0x04000000, 0x08f00000, 0x19550000)
  eden space 64768K,   0% used [0x04000000, 0x04000000, 0x07f40000)
  from space 8064K, 100% used [0x08720000, 0x08f00000, 0x08f00000)
  to   space 8064K,   0% used [0x07f40000, 0x07f40000, 0x08720000)
 tenured generation   total 170736K, used 170675K [0x19550000, 0x23c0c000, 0x44000000)
   the space 170736K,  99% used [0x19550000, 0x23bfcfa0, 0x23bfd000, 0x23c0c000)
 Metaspace       used 3475K, capacity 3494K, committed 3520K, reserved 4480K
GC Heap History (10 events):
Event: 5.912 GC heap after
Heap after GC invocations=80 (full 5):
 def new generation   total 67648K, used 7488K [0x04000000, 0x08960000, 0x19550000)
  eden space 60160K,   0% used [0x04000000, 0x04000000, 0x07ac0000)
  from space 7488K, 100% used [0x08210000, 0x08960000, 0x08960000)
  to   space 7488K,   0% used [0x07ac0000, 0x07ac0000, 0x08210000)
 tenured generation   total 150128K, used 131314K [0x19550000, 0x227ec000, 0x44000000)
   the space 150128K,  87% used [0x19550000, 0x2158c960, 0x2158ca00, 0x227ec000)
 Metaspace       used 3475K, capacity 3494K, committed 3520K, reserved 4480K
}
Event: 6.092 GC heap before
{Heap before GC invocations=80 (full 5):
 def new generation   total 67648K, used 67648K [0x04000000, 0x08960000, 0x19550000)
  eden space 60160K, 100% used [0x04000000, 0x07ac0000, 0x07ac0000)
  from space 7488K, 100% used [0x08210000, 0x08960000, 0x08960000)
  to   space 7488K,   0% used [0x07ac0000, 0x07ac0000, 0x08210000)
 tenured generation   total 150128K, used 131314K [0x19550000, 0x227ec000, 0x44000000)
   the space 150128K,  87% used [0x19550000, 0x2158c960, 0x2158ca00, 0x227ec000)
 Metaspace       used 3475K, capacity 3494K, committed 3520K, reserved 4480K
Event: 6.162 GC heap after
Heap after GC invocations=81 (full 5):
 def new generation   total 67648K, used 7488K [0x04000000, 0x08960000, 0x19550000)
  eden space 60160K,   0% used [0x04000000, 0x04000000, 0x07ac0000)
  from space 7488K, 100% used [0x07ac0000, 0x08210000, 0x08210000)
  to   space 7488K,   0% used [0x08210000, 0x08210000, 0x08960000)
 tenured generation   total 150128K, used 138407K [0x19550000, 0x227ec000, 0x44000000)
   the space 150128K,  92% used [0x19550000, 0x21c79cf0, 0x21c79e00, 0x227ec000)
 Metaspace       used 3475K, capacity 3494K, committed 3520K, reserved 4480K
}
Event: 6.358 GC heap before
{Heap before GC invocations=81 (full 5):
 def new generation   total 67648K, used 67648K [0x04000000, 0x08960000, 0x19550000)
  eden space 60160K, 100% used [0x04000000, 0x07ac0000, 0x07ac0000)
  from space 7488K, 100% used [0x07ac0000, 0x08210000, 0x08210000)
  to   space 7488K,   0% used [0x08210000, 0x08210000, 0x08960000)
 tenured generation   total 150128K, used 138407K [0x19550000, 0x227ec000, 0x44000000)
   the space 150128K,  92% used [0x19550000, 0x21c79cf0, 0x21c79e00, 0x227ec000)
 Metaspace       used 3475K, capacity 3494K, committed 3520K, reserved 4480K
Event: 6.419 GC heap after
Heap after GC invocations=82 (full 5):
 def new generation   total 67648K, used 7487K [0x04000000, 0x08960000, 0x19550000)
  eden space 60160K,   0% used [0x04000000, 0x04000000, 0x07ac0000)
  from space 7488K,  99% used [0x08210000, 0x0895fff8, 0x08960000)
  to   space 7488K,   0% used [0x07ac0000, 0x07ac0000, 0x08210000)
 tenured generation   total 150128K, used 145534K [0x19550000, 0x227ec000, 0x44000000)
   the space 150128K,  96% used [0x19550000, 0x2236fa18, 0x2236fc00, 0x227ec000)
 Metaspace       used 3475K, capacity 3494K, committed 3520K, reserved 4480K
}
Event: 6.575 GC heap before
{Heap before GC invocations=82 (full 5):
 def new generation   total 67648K, used 67647K [0x04000000, 0x08960000, 0x19550000)
  eden space 60160K, 100% used [0x04000000, 0x07ac0000, 0x07ac0000)
  from space 7488K,  99% used [0x08210000, 0x0895fff8, 0x08960000)
  to   space 7488K,   0% used [0x07ac0000, 0x07ac0000, 0x08210000)
 tenured generation   total 150128K, used 145534K [0x19550000, 0x227ec000, 0x44000000)
   the space 150128K,  96% used [0x19550000, 0x2236fa18, 0x2236fc00, 0x227ec000)
 Metaspace       used 3475K, capacity 3494K, committed 3520K, reserved 4480K
Event: 7.448 GC heap after
Heap after GC invocations=83 (full 6):
 def new generation   total 69184K, used 7422K [0x04000000, 0x08b10000, 0x19550000)
  eden space 61504K,  12% used [0x04000000, 0x0473f848, 0x07c10000)
  from space 7680K,   0% used [0x07c10000, 0x07c10000, 0x08390000)
  to   space 7680K,   0% used [0x08390000, 0x08390000, 0x08b10000)
 tenured generation   total 153584K, used 153582K [0x19550000, 0x22b4c000, 0x44000000)
   the space 153584K,  99% used [0x19550000, 0x22b4b950, 0x22b4ba00, 0x22b4c000)
 Metaspace       used 3475K, capacity 3494K, committed 3520K, reserved 4480K
}
Event: 7.588 GC heap before
{Heap before GC invocations=83 (full 6):
 def new generation   total 69184K, used 61504K [0x04000000, 0x08b10000, 0x19550000)
  eden space 61504K, 100% used [0x04000000, 0x07c10000, 0x07c10000)
  from space 7680K,   0% used [0x07c10000, 0x07c10000, 0x08390000)
  to   space 7680K,   0% used [0x08390000, 0x08390000, 0x08b10000)
 tenured generation   total 153584K, used 153582K [0x19550000, 0x22b4c000, 0x44000000)
   the space 153584K,  99% used [0x19550000, 0x22b4b950, 0x22b4ba00, 0x22b4c000)
 Metaspace       used 3475K, capacity 3494K, committed 3520K, reserved 4480K
Event: 8.632 GC heap after
Heap after GC invocations=84 (full 7):
 def new generation   total 72832K, used 7407K [0x04000000, 0x08f00000, 0x19550000)
  eden space 64768K,  11% used [0x04000000, 0x0473be20, 0x07f40000)
  from space 8064K,   0% used [0x07f40000, 0x07f40000, 0x08720000)
  to   space 8064K,   0% used [0x08720000, 0x08720000, 0x08f00000)
 tenured generation   total 161648K, used 161647K [0x19550000, 0x2332c000, 0x44000000)
   the space 161648K,  99% used [0x19550000, 0x2332bff8, 0x2332c000, 0x2332c000)
 Metaspace       used 3475K, capacity 3494K, committed 3520K, reserved 4480K
}
Event: 8.785 GC heap before
{Heap before GC invocations=84 (full 7):
 def new generation   total 72832K, used 64768K [0x04000000, 0x08f00000, 0x19550000)
  eden space 64768K, 100% used [0x04000000, 0x07f40000, 0x07f40000)
  from space 8064K,   0% used [0x07f40000, 0x07f40000, 0x08720000)
  to   space 8064K,   0% used [0x08720000, 0x08720000, 0x08f00000)
 tenured generation   total 161648K, used 161647K [0x19550000, 0x2332c000, 0x44000000)
   the space 161648K,  99% used [0x19550000, 0x2332bff8, 0x2332c000, 0x2332c000)
 Metaspace       used 3475K, capacity 3494K, committed 3520K, reserved 4480K

