# JRE version: Java(TM) SE Runtime Environment (8.0_73-b02) (build 1.8.0_73-b02)
# Java VM: Java HotSpot(TM) Client VM (25.73-b02 mixed mode windows-x86 )
Heap:
 def new generation   total 12672K, used 12672K [0x04000000, 0x04db0000, 0x19550000)
  eden space 11328K, 100% used [0x04000000, 0x04b10000, 0x04b10000)
  from space 1344K, 100% used [0x04c60000, 0x04db0000, 0x04db0000)
  to   space 1344K,   0% used [0x04b10000, 0x04b10000, 0x04c60000)
 tenured generation   total 28976K, used 28976K [0x19550000, 0x1b19c000, 0x44000000)
   the space 28976K, 100% used [0x19550000, 0x1b19c000, 0x1b19c000, 0x1b19c000)
 Metaspace       used 3327K, capacity 3494K, committed 3520K, reserved 4480K
GC Heap History (10 events):
Event: 4.479 GC heap after
Heap after GC invocations=21 (full 2):
 def new generation   total 10560K, used 1152K [0x04000000, 0x04b70000, 0x19550000)
  eden space 9408K,   0% used [0x04000000, 0x04000000, 0x04930000)
  from space 1152K, 100% used [0x04930000, 0x04a50000, 0x04a50000)
  to   space 1152K,   0% used [0x04a50000, 0x04a50000, 0x04b70000)
 tenured generation   total 23280K, used 19734K [0x19550000, 0x1ac0c000, 0x44000000)
   the space 23280K,  84% used [0x19550000, 0x1a8958f0, 0x1a895a00, 0x1ac0c000)
 Metaspace       used 3326K, capacity 3494K, committed 3520K, reserved 4480K
}
Event: 4.987 GC heap before
{Heap before GC invocations=21 (full 2):
 def new generation   total 10560K, used 10560K [0x04000000, 0x04b70000, 0x19550000)
  eden space 9408K, 100% used [0x04000000, 0x04930000, 0x04930000)
  from space 1152K, 100% used [0x04930000, 0x04a50000, 0x04a50000)
  to   space 1152K,   0% used [0x04a50000, 0x04a50000, 0x04b70000)
 tenured generation   total 23280K, used 19734K [0x19550000, 0x1ac0c000, 0x44000000)
   the space 23280K,  84% used [0x19550000, 0x1a8958f0, 0x1a895a00, 0x1ac0c000)
 Metaspace       used 3327K, capacity 3494K, committed 3520K, reserved 4480K
Event: 5.006 GC heap after
Heap after GC invocations=22 (full 2):
 def new generation   total 10560K, used 1152K [0x04000000, 0x04b70000, 0x19550000)
  eden space 9408K,   0% used [0x04000000, 0x04000000, 0x04930000)
  from space 1152K, 100% used [0x04a50000, 0x04b70000, 0x04b70000)
  to   space 1152K,   0% used [0x04930000, 0x04930000, 0x04a50000)
 tenured generation   total 23280K, used 21988K [0x19550000, 0x1ac0c000, 0x44000000)
   the space 23280K,  94% used [0x19550000, 0x1aac9048, 0x1aac9200, 0x1ac0c000)
 Metaspace       used 3327K, capacity 3494K, committed 3520K, reserved 4480K
}
Event: 5.155 GC heap before
{Heap before GC invocations=22 (full 2):
 def new generation   total 10560K, used 10560K [0x04000000, 0x04b70000, 0x19550000)
  eden space 9408K, 100% used [0x04000000, 0x04930000, 0x04930000)
  from space 1152K, 100% used [0x04a50000, 0x04b70000, 0x04b70000)
  to   space 1152K,   0% used [0x04930000, 0x04930000, 0x04a50000)
 tenured generation   total 23280K, used 21988K [0x19550000, 0x1ac0c000, 0x44000000)
   the space 23280K,  94% used [0x19550000, 0x1aac9048, 0x1aac9200, 0x1ac0c000)
 Metaspace       used 3327K, capacity 3494K, committed 3520K, reserved 4480K
Event: 5.333 GC heap after
Heap after GC invocations=23 (full 3):
 def new generation   total 11200K, used 198K [0x04000000, 0x04c20000, 0x19550000)
  eden space 9984K,   1% used [0x04000000, 0x04031800, 0x049c0000)
  from space 1216K,   0% used [0x049c0000, 0x049c0000, 0x04af0000)
  to   space 1216K,   0% used [0x04af0000, 0x04af0000, 0x04c20000)
 tenured generation   total 24688K, used 24687K [0x19550000, 0x1ad6c000, 0x44000000)
   the space 24688K,  99% used [0x19550000, 0x1ad6bfd8, 0x1ad6c000, 0x1ad6c000)
 Metaspace       used 3327K, capacity 3494K, committed 3520K, reserved 4480K
}
Event: 5.554 GC heap before
{Heap before GC invocations=23 (full 3):
 def new generation   total 11200K, used 9984K [0x04000000, 0x04c20000, 0x19550000)
  eden space 9984K, 100% used [0x04000000, 0x049c0000, 0x049c0000)
  from space 1216K,   0% used [0x049c0000, 0x049c0000, 0x04af0000)
  to   space 1216K,   0% used [0x04af0000, 0x04af0000, 0x04c20000)
 tenured generation   total 24688K, used 24687K [0x19550000, 0x1ad6c000, 0x44000000)
   the space 24688K,  99% used [0x19550000, 0x1ad6bfd8, 0x1ad6c000, 0x1ad6c000)
 Metaspace       used 3327K, capacity 3494K, committed 3520K, reserved 4480K
Event: 5.798 GC heap after
Heap after GC invocations=24 (full 4):
 def new generation   total 12608K, used 0K [0x04000000, 0x04da0000, 0x19550000)
  eden space 11264K,   0% used [0x04000000, 0x04000000, 0x04b00000)
  from space 1344K,   0% used [0x04b00000, 0x04b00000, 0x04c50000)
  to   space 1344K,   0% used [0x04c50000, 0x04c50000, 0x04da0000)
 tenured generation   total 27760K, used 26187K [0x19550000, 0x1b06c000, 0x44000000)
   the space 27760K,  94% used [0x19550000, 0x1aee2db0, 0x1aee2e00, 0x1b06c000)
 Metaspace       used 3327K, capacity 3494K, committed 3520K, reserved 4480K
}
Event: 5.922 GC heap before
{Heap before GC invocations=24 (full 4):
 def new generation   total 12608K, used 11264K [0x04000000, 0x04da0000, 0x19550000)
  eden space 11264K, 100% used [0x04000000, 0x04b00000, 0x04b00000)
  from space 1344K,   0% used [0x04b00000, 0x04b00000, 0x04c50000)
  to   space 1344K,   0% used [0x04c50000, 0x04c50000, 0x04da0000)
 tenured generation   total 27760K, used 26187K [0x19550000, 0x1b06c000, 0x44000000)
   the space 27760K,  94% used [0x19550000, 0x1aee2db0, 0x1aee2e00, 0x1b06c000)
 Metaspace       used 3327K, capacity 3494K, committed 3520K, reserved 4480K
Event: 6.129 GC heap after
Heap after GC invocations=25 (full 5):
 def new generation   total 12672K, used 736K [0x04000000, 0x04db0000, 0x19550000)
  eden space 11328K,   6% used [0x04000000, 0x040b83b0, 0x04b10000)
  from space 1344K,   0% used [0x04b10000, 0x04b10000, 0x04c60000)
  to   space 1344K,   0% used [0x04c60000, 0x04c60000, 0x04db0000)
 tenured generation   total 27888K, used 27887K [0x19550000, 0x1b08c000, 0x44000000)
   the space 27888K,  99% used [0x19550000, 0x1b08bff0, 0x1b08c000, 0x1b08c000)
 Metaspace       used 3327K, capacity 3494K, committed 3520K, reserved 4480K
}
Event: 6.374 GC heap before
{Heap before GC invocations=25 (full 5):
 def new generation   total 12672K, used 11328K [0x04000000, 0x04db0000, 0x19550000)
  eden space 11328K, 100% used [0x04000000, 0x04b10000, 0x04b10000)
  from space 1344K,   0% used [0x04b10000, 0x04b10000, 0x04c60000)
  to   space 1344K,   0% used [0x04c60000, 0x04c60000, 0x04db0000)
 tenured generation   total 27888K, used 27887K [0x19550000, 0x1b08c000, 0x44000000)
   the space 27888K,  99% used [0x19550000, 0x1b08bff0, 0x1b08c000, 0x1b08c000)
 Metaspace       used 3327K, capacity 3494K, committed 3520K, reserved 4480K

