# JRE version: Java(TM) SE Runtime Environment (8.0_73-b02) (build 1.8.0_73-b02)
# Java VM: Java HotSpot(TM) Client VM (25.73-b02 mixed mode windows-x86 )
Heap:
 def new generation   total 204544K, used 181824K [0x03c00000, 0x119f0000, 0x19150000)
  eden space 181824K, 100% used [0x03c00000, 0x0ed90000, 0x0ed90000)
  from space 22720K,   0% used [0x103c0000, 0x103c0000, 0x119f0000)
  to   space 22720K, 100% used [0x0ed90000, 0x103c0000, 0x103c0000)
 tenured generation   total 477888K, used 477887K [0x19150000, 0x36401000, 0x43c00000)
   the space 477888K,  99% used [0x19150000, 0x363ffff0, 0x36400000, 0x36400000)
 Metaspace       used 3482K, capacity 3526K, committed 3648K, reserved 4480K
GC Heap History (10 events):
Event: 22.586 GC heap after
Heap after GC invocations=97 (full 9):
 def new generation   total 187072K, used 20735K [0x03c00000, 0x106f0000, 0x19150000)
  eden space 166336K,   0% used [0x03c00000, 0x03c00000, 0x0de70000)
  from space 20736K,  99% used [0x0de70000, 0x0f2afff8, 0x0f2b0000)
  to   space 20736K,   0% used [0x0f2b0000, 0x0f2b0000, 0x106f0000)
 tenured generation   total 415568K, used 382496K [0x19150000, 0x32724000, 0x43c00000)
   the space 415568K,  92% used [0x19150000, 0x306d8398, 0x306d8400, 0x32724000)
 Metaspace       used 3477K, capacity 3494K, committed 3520K, reserved 4480K
}
Event: 23.109 GC heap before
{Heap before GC invocations=97 (full 9):
 def new generation   total 187072K, used 187071K [0x03c00000, 0x106f0000, 0x19150000)
  eden space 166336K, 100% used [0x03c00000, 0x0de70000, 0x0de70000)
  from space 20736K,  99% used [0x0de70000, 0x0f2afff8, 0x0f2b0000)
  to   space 20736K,   0% used [0x0f2b0000, 0x0f2b0000, 0x106f0000)
 tenured generation   total 415568K, used 382496K [0x19150000, 0x32724000, 0x43c00000)
   the space 415568K,  92% used [0x19150000, 0x306d8398, 0x306d8400, 0x32724000)
 Metaspace       used 3477K, capacity 3494K, committed 3520K, reserved 4480K
Event: 23.382 GC heap after
Heap after GC invocations=98 (full 9):
 def new generation   total 187072K, used 20735K [0x03c00000, 0x106f0000, 0x19150000)
  eden space 166336K,   0% used [0x03c00000, 0x03c00000, 0x0de70000)
  from space 20736K,  99% used [0x0f2b0000, 0x106efff8, 0x106f0000)
  to   space 20736K,   0% used [0x0de70000, 0x0de70000, 0x0f2b0000)
 tenured generation   total 415568K, used 407632K [0x19150000, 0x32724000, 0x43c00000)
   the space 415568K,  98% used [0x19150000, 0x31f64118, 0x31f64200, 0x32724000)
 Metaspace       used 3477K, capacity 3494K, committed 3520K, reserved 4480K
}
Event: 23.895 GC heap before
{Heap before GC invocations=98 (full 9):
 def new generation   total 187072K, used 187071K [0x03c00000, 0x106f0000, 0x19150000)
  eden space 166336K, 100% used [0x03c00000, 0x0de70000, 0x0de70000)
  from space 20736K,  99% used [0x0f2b0000, 0x106efff8, 0x106f0000)
  to   space 20736K,   0% used [0x0de70000, 0x0de70000, 0x0f2b0000)
 tenured generation   total 415568K, used 407632K [0x19150000, 0x32724000, 0x43c00000)
   the space 415568K,  98% used [0x19150000, 0x31f64118, 0x31f64200, 0x32724000)
 Metaspace       used 3477K, capacity 3494K, committed 3520K, reserved 4480K
Event: 26.128 GC heap after
Heap after GC invocations=99 (full 10):
 def new generation   total 194496K, used 20568K [0x03c00000, 0x10f00000, 0x19150000)
  eden space 172928K,  11% used [0x03c00000, 0x050160c8, 0x0e4e0000)
  from space 21568K,   0% used [0x0e4e0000, 0x0e4e0000, 0x0f9f0000)
  to   space 21568K,   0% used [0x0f9f0000, 0x0f9f0000, 0x10f00000)
 tenured generation   total 432080K, used 432079K [0x19150000, 0x33744000, 0x43c00000)
   the space 432080K,  99% used [0x19150000, 0x33743ff0, 0x33744000, 0x33744000)
 Metaspace       used 3477K, capacity 3494K, committed 3520K, reserved 4480K
}
Event: 26.614 GC heap before
{Heap before GC invocations=99 (full 10):
 def new generation   total 194496K, used 172928K [0x03c00000, 0x10f00000, 0x19150000)
  eden space 172928K, 100% used [0x03c00000, 0x0e4e0000, 0x0e4e0000)
  from space 21568K,   0% used [0x0e4e0000, 0x0e4e0000, 0x0f9f0000)
  to   space 21568K,   0% used [0x0f9f0000, 0x0f9f0000, 0x10f00000)
 tenured generation   total 432080K, used 432079K [0x19150000, 0x33744000, 0x43c00000)
   the space 432080K,  99% used [0x19150000, 0x33743ff0, 0x33744000, 0x33744000)
 Metaspace       used 3477K, capacity 3494K, committed 3520K, reserved 4480K
Event: 29.210 GC heap after
Heap after GC invocations=100 (full 11):
 def new generation   total 204544K, used 21330K [0x03c00000, 0x119f0000, 0x19150000)
  eden space 181824K,  11% used [0x03c00000, 0x050d4af8, 0x0ed90000)
  from space 22720K,   0% used [0x0ed90000, 0x0ed90000, 0x103c0000)
  to   space 22720K,   0% used [0x103c0000, 0x103c0000, 0x119f0000)
 tenured generation   total 454480K, used 454479K [0x19150000, 0x34d24000, 0x43c00000)
   the space 454480K,  99% used [0x19150000, 0x34d23ff0, 0x34d24000, 0x34d24000)
 Metaspace       used 3477K, capacity 3494K, committed 3520K, reserved 4480K
}
Event: 29.834 GC heap before
{Heap before GC invocations=100 (full 11):
 def new generation   total 204544K, used 181824K [0x03c00000, 0x119f0000, 0x19150000)
  eden space 181824K, 100% used [0x03c00000, 0x0ed90000, 0x0ed90000)
  from space 22720K,   0% used [0x0ed90000, 0x0ed90000, 0x103c0000)
  to   space 22720K,   0% used [0x103c0000, 0x103c0000, 0x119f0000)
 tenured generation   total 454480K, used 454479K [0x19150000, 0x34d24000, 0x43c00000)
   the space 454480K,  99% used [0x19150000, 0x34d23ff0, 0x34d24000, 0x34d24000)
 Metaspace       used 3482K, capacity 3526K, committed 3648K, reserved 4480K
Event: 32.963 GC heap after
Heap after GC invocations=101 (full 12):
 def new generation   total 204544K, used 7631K [0x03c00000, 0x119f0000, 0x19150000)
  eden space 181824K,   4% used [0x03c00000, 0x04373ed0, 0x0ed90000)
  from space 22720K,   0% used [0x103c0000, 0x103c0000, 0x119f0000)
  to   space 22720K,   0% used [0x0ed90000, 0x0ed90000, 0x103c0000)
 tenured generation   total 475088K, used 475087K [0x19150000, 0x36144000, 0x43c00000)
   the space 475088K,  99% used [0x19150000, 0x36143ff8, 0x36144000, 0x36144000)
 Metaspace       used 3482K, capacity 3526K, committed 3648K, reserved 4480K
}
Event: 33.444 GC heap before
{Heap before GC invocations=101 (full 12):
 def new generation   total 204544K, used 181824K [0x03c00000, 0x119f0000, 0x19150000)
  eden space 181824K, 100% used [0x03c00000, 0x0ed90000, 0x0ed90000)
  from space 22720K,   0% used [0x103c0000, 0x103c0000, 0x119f0000)
  to   space 22720K,   0% used [0x0ed90000, 0x0ed90000, 0x103c0000)
 tenured generation   total 475088K, used 475087K [0x19150000, 0x36144000, 0x43c00000)
   the space 475088K,  99% used [0x19150000, 0x36143ff8, 0x36144000, 0x36144000)
 Metaspace       used 3482K, capacity 3526K, committed 3648K, reserved 4480K

