# JRE version: Java(TM) SE Runtime Environment (8.0_73-b02) (build 1.8.0_73-b02)
# Java VM: Java HotSpot(TM) Client VM (25.73-b02 mixed mode windows-x86 )
Heap:
 def new generation   total 4928K, used 4928K [0x04000000, 0x04550000, 0x19550000)
  eden space 4416K, 100% used [0x04000000, 0x04450000, 0x04450000)
  from space 512K, 100% used [0x04450000, 0x044d0000, 0x044d0000)
  to   space 512K,   0% used [0x044d0000, 0x044d0000, 0x04550000)
 tenured generation   total 10944K, used 1398K [0x19550000, 0x1a000000, 0x44000000)
   the space 10944K,  12% used [0x19550000, 0x196ad858, 0x196ada00, 0x1a000000)
 Metaspace       used 3363K, capacity 3430K, committed 3520K, reserved 4480K
GC Heap History (4 events):
Event: 0.474 GC heap before
{Heap before GC invocations=0 (full 0):
 def new generation   total 4928K, used 4416K [0x04000000, 0x04550000, 0x19550000)
  eden space 4416K, 100% used [0x04000000, 0x04450000, 0x04450000)
  from space 512K,   0% used [0x04450000, 0x04450000, 0x044d0000)
  to   space 512K,   0% used [0x044d0000, 0x044d0000, 0x04550000)
 tenured generation   total 10944K, used 0K [0x19550000, 0x1a000000, 0x44000000)
   the space 10944K,   0% used [0x19550000, 0x19550000, 0x19550200, 0x1a000000)
 Metaspace       used 2129K, capacity 2406K, committed 2496K, reserved 4480K
Event: 0.477 GC heap after
Heap after GC invocations=1 (full 0):
 def new generation   total 4928K, used 512K [0x04000000, 0x04550000, 0x19550000)
  eden space 4416K,   0% used [0x04000000, 0x04000000, 0x04450000)
  from space 512K, 100% used [0x044d0000, 0x04550000, 0x04550000)
  to   space 512K,   0% used [0x04450000, 0x04450000, 0x044d0000)
 tenured generation   total 10944K, used 93K [0x19550000, 0x1a000000, 0x44000000)
   the space 10944K,   0% used [0x19550000, 0x19567660, 0x19567800, 0x1a000000)
 Metaspace       used 2129K, capacity 2406K, committed 2496K, reserved 4480K
}
Event: 0.684 GC heap before
{Heap before GC invocations=1 (full 0):
 def new generation   total 4928K, used 4923K [0x04000000, 0x04550000, 0x19550000)
  eden space 4416K,  99% used [0x04000000, 0x0444efb8, 0x04450000)
  from space 512K, 100% used [0x044d0000, 0x04550000, 0x04550000)
  to   space 512K,   0% used [0x04450000, 0x04450000, 0x044d0000)
 tenured generation   total 10944K, used 93K [0x19550000, 0x1a000000, 0x44000000)
   the space 10944K,   0% used [0x19550000, 0x19567660, 0x19567800, 0x1a000000)
 Metaspace       used 2916K, capacity 3014K, committed 3136K, reserved 4480K
Event: 0.691 GC heap after
Heap after GC invocations=2 (full 0):
 def new generation   total 4928K, used 512K [0x04000000, 0x04550000, 0x19550000)
  eden space 4416K,   0% used [0x04000000, 0x04000000, 0x04450000)
  from space 512K, 100% used [0x04450000, 0x044d0000, 0x044d0000)
  to   space 512K,   0% used [0x044d0000, 0x044d0000, 0x04550000)
 tenured generation   total 10944K, used 1398K [0x19550000, 0x1a000000, 0x44000000)
   the space 10944K,  12% used [0x19550000, 0x196ad858, 0x196ada00, 0x1a000000)
 Metaspace       used 2916K, capacity 3014K, committed 3136K, reserved 4480K
}

