# JRE version: Java(TM) SE Runtime Environment (8.0_73-b02) (build 1.8.0_73-b02)
# Java VM: Java HotSpot(TM) Client VM (25.73-b02 mixed mode windows-x86 )
Heap:
 def new generation   total 4928K, used 4073K [0x04600000, 0x04b50000, 0x19b50000)
  eden space 4416K,  80% used [0x04600000, 0x0497a7d0, 0x04a50000)
  from space 512K, 100% used [0x04a50000, 0x04ad0000, 0x04ad0000)
  to   space 512K,   0% used [0x04ad0000, 0x04ad0000, 0x04b50000)
 tenured generation   total 10944K, used 2208K [0x19b50000, 0x1a600000, 0x44600000)
   the space 10944K,  20% used [0x19b50000, 0x19d780e8, 0x19d78200, 0x1a600000)
 Metaspace       used 3301K, capacity 3462K, committed 3520K, reserved 4480K
GC Heap History (4 events):
Event: 4.468 GC heap before
{Heap before GC invocations=0 (full 0):
 def new generation   total 4928K, used 4416K [0x04600000, 0x04b50000, 0x19b50000)
  eden space 4416K, 100% used [0x04600000, 0x04a50000, 0x04a50000)
  from space 512K,   0% used [0x04a50000, 0x04a50000, 0x04ad0000)
  to   space 512K,   0% used [0x04ad0000, 0x04ad0000, 0x04b50000)
 tenured generation   total 10944K, used 0K [0x19b50000, 0x1a600000, 0x44600000)
   the space 10944K,   0% used [0x19b50000, 0x19b50000, 0x19b50200, 0x1a600000)
 Metaspace       used 2524K, capacity 2758K, committed 2880K, reserved 4480K
Event: 4.475 GC heap after
Heap after GC invocations=1 (full 0):
 def new generation   total 4928K, used 512K [0x04600000, 0x04b50000, 0x19b50000)
  eden space 4416K,   0% used [0x04600000, 0x04600000, 0x04a50000)
  from space 512K, 100% used [0x04ad0000, 0x04b50000, 0x04b50000)
  to   space 512K,   0% used [0x04a50000, 0x04a50000, 0x04ad0000)
 tenured generation   total 10944K, used 851K [0x19b50000, 0x1a600000, 0x44600000)
   the space 10944K,   7% used [0x19b50000, 0x19c24dd0, 0x19c24e00, 0x1a600000)
 Metaspace       used 2524K, capacity 2758K, committed 2880K, reserved 4480K
}
Event: 5.307 GC heap before
{Heap before GC invocations=1 (full 0):
 def new generation   total 4928K, used 4928K [0x04600000, 0x04b50000, 0x19b50000)
  eden space 4416K, 100% used [0x04600000, 0x04a50000, 0x04a50000)
  from space 512K, 100% used [0x04ad0000, 0x04b50000, 0x04b50000)
  to   space 512K,   0% used [0x04a50000, 0x04a50000, 0x04ad0000)
 tenured generation   total 10944K, used 851K [0x19b50000, 0x1a600000, 0x44600000)
   the space 10944K,   7% used [0x19b50000, 0x19c24dd0, 0x19c24e00, 0x1a600000)
 Metaspace       used 3204K, capacity 3398K, committed 3520K, reserved 4480K
Event: 5.315 GC heap after
Heap after GC invocations=2 (full 0):
 def new generation   total 4928K, used 512K [0x04600000, 0x04b50000, 0x19b50000)
  eden space 4416K,   0% used [0x04600000, 0x04600000, 0x04a50000)
  from space 512K, 100% used [0x04a50000, 0x04ad0000, 0x04ad0000)
  to   space 512K,   0% used [0x04ad0000, 0x04ad0000, 0x04b50000)
 tenured generation   total 10944K, used 2208K [0x19b50000, 0x1a600000, 0x44600000)
   the space 10944K,  20% used [0x19b50000, 0x19d780e8, 0x19d78200, 0x1a600000)
 Metaspace       used 3204K, capacity 3398K, committed 3520K, reserved 4480K
}

