# JRE version: Java(TM) SE Runtime Environment (8.0_73-b02) (build 1.8.0_73-b02)
# Java VM: Java HotSpot(TM) Client VM (25.73-b02 mixed mode windows-x86 )
Heap:
 def new generation   total 4992K, used 355K [0x03a00000, 0x03f60000, 0x18f50000)
  eden space 4480K,   7% used [0x03a00000, 0x03a58eb0, 0x03e60000)
  from space 512K,   0% used [0x03e60000, 0x03e60000, 0x03ee0000)
  to   space 512K,   0% used [0x03ee0000, 0x03ee0000, 0x03f60000)
 tenured generation   total 10944K, used 1339K [0x18f50000, 0x19a00000, 0x43a00000)
   the space 10944K,  12% used [0x18f50000, 0x1909edd8, 0x1909ee00, 0x19a00000)
 Metaspace       used 2922K, capacity 3014K, committed 3136K, reserved 5504K
GC Heap History (8 events):
Event: 0.867 GC heap before
{Heap before GC invocations=0 (full 0):
 def new generation   total 4928K, used 4416K [0x03a00000, 0x03f50000, 0x18f50000)
  eden space 4416K, 100% used [0x03a00000, 0x03e50000, 0x03e50000)
  from space 512K,   0% used [0x03e50000, 0x03e50000, 0x03ed0000)
  to   space 512K,   0% used [0x03ed0000, 0x03ed0000, 0x03f50000)
 tenured generation   total 10944K, used 0K [0x18f50000, 0x19a00000, 0x43a00000)
   the space 10944K,   0% used [0x18f50000, 0x18f50000, 0x18f50200, 0x19a00000)
 Metaspace       used 2647K, capacity 2758K, committed 2880K, reserved 4480K
Event: 0.874 GC heap after
Heap after GC invocations=1 (full 0):
 def new generation   total 4928K, used 512K [0x03a00000, 0x03f50000, 0x18f50000)
  eden space 4416K,   0% used [0x03a00000, 0x03a00000, 0x03e50000)
  from space 512K, 100% used [0x03ed0000, 0x03f50000, 0x03f50000)
  to   space 512K,   0% used [0x03e50000, 0x03e50000, 0x03ed0000)
 tenured generation   total 10944K, used 920K [0x18f50000, 0x19a00000, 0x43a00000)
   the space 10944K,   8% used [0x18f50000, 0x19036188, 0x19036200, 0x19a00000)
 Metaspace       used 2647K, capacity 2758K, committed 2880K, reserved 4480K
}
Event: 0.932 GC heap before
{Heap before GC invocations=1 (full 0):
 def new generation   total 4928K, used 1774K [0x03a00000, 0x03f50000, 0x18f50000)
  eden space 4416K,  28% used [0x03a00000, 0x03b3bba8, 0x03e50000)
  from space 512K, 100% used [0x03ed0000, 0x03f50000, 0x03f50000)
  to   space 512K,   0% used [0x03e50000, 0x03e50000, 0x03ed0000)
 tenured generation   total 10944K, used 920K [0x18f50000, 0x19a00000, 0x43a00000)
   the space 10944K,   8% used [0x18f50000, 0x19036188, 0x19036200, 0x19a00000)
 Metaspace       used 2880K, capacity 2982K, committed 3008K, reserved 6528K
Event: 0.941 GC heap after
Heap after GC invocations=2 (full 1):
 def new generation   total 4992K, used 0K [0x03a00000, 0x03f60000, 0x18f50000)
  eden space 4480K,   0% used [0x03a00000, 0x03a00000, 0x03e60000)
  from space 512K,   0% used [0x03e60000, 0x03e60000, 0x03ee0000)
  to   space 512K,   0% used [0x03ee0000, 0x03ee0000, 0x03f60000)
 tenured generation   total 10944K, used 1776K [0x18f50000, 0x19a00000, 0x43a00000)
   the space 10944K,  16% used [0x18f50000, 0x1910c358, 0x1910c400, 0x19a00000)
 Metaspace       used 2880K, capacity 2982K, committed 3008K, reserved 5504K
}
Event: 0.942 GC heap before
{Heap before GC invocations=2 (full 1):
 def new generation   total 4992K, used 0K [0x03a00000, 0x03f60000, 0x18f50000)
  eden space 4480K,   0% used [0x03a00000, 0x03a00000, 0x03e60000)
  from space 512K,   0% used [0x03e60000, 0x03e60000, 0x03ee0000)
  to   space 512K,   0% used [0x03ee0000, 0x03ee0000, 0x03f60000)
 tenured generation   total 10944K, used 1776K [0x18f50000, 0x19a00000, 0x43a00000)
   the space 10944K,  16% used [0x18f50000, 0x1910c358, 0x1910c400, 0x19a00000)
 Metaspace       used 2880K, capacity 2982K, committed 3008K, reserved 7552K
Event: 0.947 GC heap after
Heap after GC invocations=3 (full 2):
 def new generation   total 4992K, used 0K [0x03a00000, 0x03f60000, 0x18f50000)
  eden space 4480K,   0% used [0x03a00000, 0x03a00000, 0x03e60000)
  from space 512K,   0% used [0x03e60000, 0x03e60000, 0x03ee0000)
  to   space 512K,   0% used [0x03ee0000, 0x03ee0000, 0x03f60000)
 tenured generation   total 10944K, used 1776K [0x18f50000, 0x19a00000, 0x43a00000)
   the space 10944K,  16% used [0x18f50000, 0x1910c358, 0x1910c400, 0x19a00000)
 Metaspace       used 2880K, capacity 2982K, committed 3008K, reserved 5504K
}
Event: 0.949 GC heap before
{Heap before GC invocations=3 (full 2):
 def new generation   total 4992K, used 218K [0x03a00000, 0x03f60000, 0x18f50000)
  eden space 4480K,   4% used [0x03a00000, 0x03a36848, 0x03e60000)
  from space 512K,   0% used [0x03e60000, 0x03e60000, 0x03ee0000)
  to   space 512K,   0% used [0x03ee0000, 0x03ee0000, 0x03f60000)
 tenured generation   total 10944K, used 1776K [0x18f50000, 0x19a00000, 0x43a00000)
   the space 10944K,  16% used [0x18f50000, 0x1910c358, 0x1910c400, 0x19a00000)
 Metaspace       used 2881K, capacity 2982K, committed 3008K, reserved 8576K
Event: 0.956 GC heap after
Heap after GC invocations=4 (full 3):
 def new generation   total 4992K, used 0K [0x03a00000, 0x03f60000, 0x18f50000)
  eden space 4480K,   0% used [0x03a00000, 0x03a00000, 0x03e60000)
  from space 512K,   0% used [0x03e60000, 0x03e60000, 0x03ee0000)
  to   space 512K,   0% used [0x03ee0000, 0x03ee0000, 0x03f60000)
 tenured generation   total 10944K, used 1339K [0x18f50000, 0x19a00000, 0x43a00000)
   the space 10944K,  12% used [0x18f50000, 0x1909edd8, 0x1909ee00, 0x19a00000)
 Metaspace       used 2881K, capacity 2982K, committed 3008K, reserved 5504K
}

