# JRE version: Java(TM) SE Runtime Environment (8.0_73-b02) (build 1.8.0_73-b02)
# Java VM: Java HotSpot(TM) Client VM (25.73-b02 mixed mode windows-x86 )
Heap:
 def new generation   total 20608K, used 10946K [0x04200000, 0x05850000, 0x19750000)
  eden space 18368K,  47% used [0x04200000, 0x04a80b60, 0x053f0000)
  from space 2240K,  99% used [0x05620000, 0x0584fff8, 0x05850000)
  to   space 2240K,   0% used [0x053f0000, 0x053f0000, 0x05620000)
 tenured generation   total 45628K, used 28956K [0x19750000, 0x1c3df000, 0x44200000)
   the space 45628K,  63% used [0x19750000, 0x1b397350, 0x1b397400, 0x1c3df000)
 Metaspace       used 3407K, capacity 3494K, committed 3520K, reserved 4480K
GC Heap History (10 events):
Event: 4.260 GC heap before
{Heap before GC invocations=26 (full 2):
 def new generation   total 11712K, used 11712K [0x04200000, 0x04eb0000, 0x19750000)
  eden space 10432K, 100% used [0x04200000, 0x04c30000, 0x04c30000)
  from space 1280K, 100% used [0x04c30000, 0x04d70000, 0x04d70000)
  to   space 1280K,   0% used [0x04d70000, 0x04d70000, 0x04eb0000)
 tenured generation   total 25840K, used 20808K [0x19750000, 0x1b08c000, 0x44200000)
   the space 25840K,  80% used [0x19750000, 0x1aba22b8, 0x1aba2400, 0x1b08c000)
 Metaspace       used 3407K, capacity 3494K, committed 3520K, reserved 4480K
Event: 4.277 GC heap after
Heap after GC invocations=27 (full 2):
 def new generation   total 11712K, used 1279K [0x04200000, 0x04eb0000, 0x19750000)
  eden space 10432K,   0% used [0x04200000, 0x04200000, 0x04c30000)
  from space 1280K,  99% used [0x04d70000, 0x04eafff8, 0x04eb0000)
  to   space 1280K,   0% used [0x04c30000, 0x04c30000, 0x04d70000)
 tenured generation   total 25840K, used 22050K [0x19750000, 0x1b08c000, 0x44200000)
   the space 25840K,  85% used [0x19750000, 0x1acd8930, 0x1acd8a00, 0x1b08c000)
 Metaspace       used 3407K, capacity 3494K, committed 3520K, reserved 4480K
}
Event: 4.475 GC heap before
{Heap before GC invocations=27 (full 2):
 def new generation   total 11712K, used 11711K [0x04200000, 0x04eb0000, 0x19750000)
  eden space 10432K, 100% used [0x04200000, 0x04c30000, 0x04c30000)
  from space 1280K,  99% used [0x04d70000, 0x04eafff8, 0x04eb0000)
  to   space 1280K,   0% used [0x04c30000, 0x04c30000, 0x04d70000)
 tenured generation   total 25840K, used 22050K [0x19750000, 0x1b08c000, 0x44200000)
   the space 25840K,  85% used [0x19750000, 0x1acd8930, 0x1acd8a00, 0x1b08c000)
 Metaspace       used 3407K, capacity 3494K, committed 3520K, reserved 4480K
Event: 4.494 GC heap after
Heap after GC invocations=28 (full 2):
 def new generation   total 11712K, used 1279K [0x04200000, 0x04eb0000, 0x19750000)
  eden space 10432K,   0% used [0x04200000, 0x04200000, 0x04c30000)
  from space 1280K,  99% used [0x04c30000, 0x04d6fff8, 0x04d70000)
  to   space 1280K,   0% used [0x04d70000, 0x04d70000, 0x04eb0000)
 tenured generation   total 25840K, used 23837K [0x19750000, 0x1b08c000, 0x44200000)
   the space 25840K,  92% used [0x19750000, 0x1ae97698, 0x1ae97800, 0x1b08c000)
 Metaspace       used 3407K, capacity 3494K, committed 3520K, reserved 4480K
}
Event: 4.721 GC heap before
{Heap before GC invocations=28 (full 2):
 def new generation   total 11712K, used 11711K [0x04200000, 0x04eb0000, 0x19750000)
  eden space 10432K, 100% used [0x04200000, 0x04c30000, 0x04c30000)
  from space 1280K,  99% used [0x04c30000, 0x04d6fff8, 0x04d70000)
  to   space 1280K,   0% used [0x04d70000, 0x04d70000, 0x04eb0000)
 tenured generation   total 25840K, used 23837K [0x19750000, 0x1b08c000, 0x44200000)
   the space 25840K,  92% used [0x19750000, 0x1ae97698, 0x1ae97800, 0x1b08c000)
 Metaspace       used 3407K, capacity 3494K, committed 3520K, reserved 4480K
Event: 4.739 GC heap after
Heap after GC invocations=29 (full 2):
 def new generation   total 11712K, used 1280K [0x04200000, 0x04eb0000, 0x19750000)
  eden space 10432K,   0% used [0x04200000, 0x04200000, 0x04c30000)
  from space 1280K, 100% used [0x04d70000, 0x04eb0000, 0x04eb0000)
  to   space 1280K,   0% used [0x04c30000, 0x04c30000, 0x04d70000)
 tenured generation   total 25840K, used 25266K [0x19750000, 0x1b08c000, 0x44200000)
   the space 25840K,  97% used [0x19750000, 0x1affc808, 0x1affca00, 0x1b08c000)
 Metaspace       used 3407K, capacity 3494K, committed 3520K, reserved 4480K
}
Event: 4.843 GC heap before
{Heap before GC invocations=29 (full 2):
 def new generation   total 11712K, used 11712K [0x04200000, 0x04eb0000, 0x19750000)
  eden space 10432K, 100% used [0x04200000, 0x04c30000, 0x04c30000)
  from space 1280K, 100% used [0x04d70000, 0x04eb0000, 0x04eb0000)
  to   space 1280K,   0% used [0x04c30000, 0x04c30000, 0x04d70000)
 tenured generation   total 25840K, used 25266K [0x19750000, 0x1b08c000, 0x44200000)
   the space 25840K,  97% used [0x19750000, 0x1affc808, 0x1affca00, 0x1b08c000)
 Metaspace       used 3407K, capacity 3494K, committed 3520K, reserved 4480K
Event: 5.055 GC heap after
Heap after GC invocations=30 (full 3):
 def new generation   total 20608K, used 720K [0x04200000, 0x05850000, 0x19750000)
  eden space 18368K,   3% used [0x04200000, 0x042b4290, 0x053f0000)
  from space 2240K,   0% used [0x053f0000, 0x053f0000, 0x05620000)
  to   space 2240K,   0% used [0x05620000, 0x05620000, 0x05850000)
 tenured generation   total 45628K, used 27375K [0x19750000, 0x1c3df000, 0x44200000)
   the space 45628K,  59% used [0x19750000, 0x1b20bef8, 0x1b20c000, 0x1c3df000)
 Metaspace       used 3407K, capacity 3494K, committed 3520K, reserved 4480K
}
Event: 5.285 GC heap before
{Heap before GC invocations=30 (full 3):
 def new generation   total 20608K, used 18368K [0x04200000, 0x05850000, 0x19750000)
  eden space 18368K, 100% used [0x04200000, 0x053f0000, 0x053f0000)
  from space 2240K,   0% used [0x053f0000, 0x053f0000, 0x05620000)
  to   space 2240K,   0% used [0x05620000, 0x05620000, 0x05850000)
 tenured generation   total 45628K, used 27375K [0x19750000, 0x1c3df000, 0x44200000)
   the space 45628K,  59% used [0x19750000, 0x1b20bef8, 0x1b20c000, 0x1c3df000)
 Metaspace       used 3407K, capacity 3494K, committed 3520K, reserved 4480K
Event: 5.338 GC heap after
Heap after GC invocations=31 (full 3):
 def new generation   total 20608K, used 2239K [0x04200000, 0x05850000, 0x19750000)
  eden space 18368K,   0% used [0x04200000, 0x04200000, 0x053f0000)
  from space 2240K,  99% used [0x05620000, 0x0584fff8, 0x05850000)
  to   space 2240K,   0% used [0x053f0000, 0x053f0000, 0x05620000)
 tenured generation   total 45628K, used 28956K [0x19750000, 0x1c3df000, 0x44200000)
   the space 45628K,  63% used [0x19750000, 0x1b397350, 0x1b397400, 0x1c3df000)
 Metaspace       used 3407K, capacity 3494K, committed 3520K, reserved 4480K
}

