# JRE version: Java(TM) SE Runtime Environment (8.0_73-b02) (build 1.8.0_73-b02)
# Java VM: Java HotSpot(TM) Client VM (25.73-b02 mixed mode windows-x86 )
Heap:
 def new generation   total 6080K, used 6080K [0x04000000, 0x04690000, 0x19550000)
  eden space 5440K, 100% used [0x04000000, 0x04550000, 0x04550000)
  from space 640K, 100% used [0x045f0000, 0x04690000, 0x04690000)
  to   space 640K,   0% used [0x04550000, 0x04550000, 0x045f0000)
 tenured generation   total 14048K, used 14047K [0x19550000, 0x1a308000, 0x44000000)
   the space 14048K,  99% used [0x19550000, 0x1a307e98, 0x1a308000, 0x1a308000)
 Metaspace       used 3391K, capacity 3462K, committed 3520K, reserved 4480K
GC Heap History (10 events):
Event: 3.038 GC heap after
Heap after GC invocations=17 (full 1):
 def new generation   total 5120K, used 512K [0x04000000, 0x04580000, 0x19550000)
  eden space 4608K,   0% used [0x04000000, 0x04000000, 0x04480000)
  from space 512K, 100% used [0x04500000, 0x04580000, 0x04580000)
  to   space 512K,   0% used [0x04480000, 0x04480000, 0x04500000)
 tenured generation   total 11200K, used 10695K [0x19550000, 0x1a040000, 0x44000000)
   the space 11200K,  95% used [0x19550000, 0x19fc1c78, 0x19fc1e00, 0x1a040000)
 Metaspace       used 3387K, capacity 3462K, committed 3520K, reserved 4480K
}
Event: 3.057 GC heap before
{Heap before GC invocations=17 (full 1):
 def new generation   total 5120K, used 5120K [0x04000000, 0x04580000, 0x19550000)
  eden space 4608K, 100% used [0x04000000, 0x04480000, 0x04480000)
  from space 512K, 100% used [0x04500000, 0x04580000, 0x04580000)
  to   space 512K,   0% used [0x04480000, 0x04480000, 0x04500000)
 tenured generation   total 11200K, used 10695K [0x19550000, 0x1a040000, 0x44000000)
   the space 11200K,  95% used [0x19550000, 0x19fc1c78, 0x19fc1e00, 0x1a040000)
 Metaspace       used 3388K, capacity 3462K, committed 3520K, reserved 4480K
Event: 3.132 GC heap after
Heap after GC invocations=18 (full 2):
 def new generation   total 5312K, used 319K [0x04000000, 0x045c0000, 0x19550000)
  eden space 4736K,   6% used [0x04000000, 0x0404fe68, 0x044a0000)
  from space 576K,   0% used [0x044a0000, 0x044a0000, 0x04530000)
  to   space 576K,   0% used [0x04530000, 0x04530000, 0x045c0000)
 tenured generation   total 11712K, used 11711K [0x19550000, 0x1a0c0000, 0x44000000)
   the space 11712K,  99% used [0x19550000, 0x1a0bffd0, 0x1a0c0000, 0x1a0c0000)
 Metaspace       used 3388K, capacity 3462K, committed 3520K, reserved 4480K
}
Event: 3.188 GC heap before
{Heap before GC invocations=18 (full 2):
 def new generation   total 5312K, used 4736K [0x04000000, 0x045c0000, 0x19550000)
  eden space 4736K, 100% used [0x04000000, 0x044a0000, 0x044a0000)
  from space 576K,   0% used [0x044a0000, 0x044a0000, 0x04530000)
  to   space 576K,   0% used [0x04530000, 0x04530000, 0x045c0000)
 tenured generation   total 11712K, used 11711K [0x19550000, 0x1a0c0000, 0x44000000)
   the space 11712K,  99% used [0x19550000, 0x1a0bffd0, 0x1a0c0000, 0x1a0c0000)
 Metaspace       used 3388K, capacity 3462K, committed 3520K, reserved 4480K
Event: 3.275 GC heap after
Heap after GC invocations=19 (full 3):
 def new generation   total 5632K, used 251K [0x04000000, 0x04610000, 0x19550000)
  eden space 5056K,   4% used [0x04000000, 0x0403edb0, 0x044f0000)
  from space 576K,   0% used [0x044f0000, 0x044f0000, 0x04580000)
  to   space 576K,   0% used [0x04580000, 0x04580000, 0x04610000)
 tenured generation   total 12352K, used 12351K [0x19550000, 0x1a160000, 0x44000000)
   the space 12352K,  99% used [0x19550000, 0x1a15fff8, 0x1a160000, 0x1a160000)
 Metaspace       used 3388K, capacity 3462K, committed 3520K, reserved 4480K
}
Event: 3.293 GC heap before
{Heap before GC invocations=19 (full 3):
 def new generation   total 5632K, used 5056K [0x04000000, 0x04610000, 0x19550000)
  eden space 5056K, 100% used [0x04000000, 0x044f0000, 0x044f0000)
  from space 576K,   0% used [0x044f0000, 0x044f0000, 0x04580000)
  to   space 576K,   0% used [0x04580000, 0x04580000, 0x04610000)
 tenured generation   total 12352K, used 12351K [0x19550000, 0x1a160000, 0x44000000)
   the space 12352K,  99% used [0x19550000, 0x1a15fff8, 0x1a160000, 0x1a160000)
 Metaspace       used 3388K, capacity 3462K, committed 3520K, reserved 4480K
Event: 3.403 GC heap after
Heap after GC invocations=20 (full 4):
 def new generation   total 5952K, used 0K [0x04000000, 0x04670000, 0x19550000)
  eden space 5312K,   0% used [0x04000000, 0x04000000, 0x04530000)
  from space 640K,   0% used [0x04530000, 0x04530000, 0x045d0000)
  to   space 640K,   0% used [0x045d0000, 0x045d0000, 0x04670000)
 tenured generation   total 13120K, used 12974K [0x19550000, 0x1a220000, 0x44000000)
   the space 13120K,  98% used [0x19550000, 0x1a1fba48, 0x1a1fbc00, 0x1a220000)
 Metaspace       used 3388K, capacity 3462K, committed 3520K, reserved 4480K
}
Event: 3.419 GC heap before
{Heap before GC invocations=20 (full 4):
 def new generation   total 5952K, used 5312K [0x04000000, 0x04670000, 0x19550000)
  eden space 5312K, 100% used [0x04000000, 0x04530000, 0x04530000)
  from space 640K,   0% used [0x04530000, 0x04530000, 0x045d0000)
  to   space 640K,   0% used [0x045d0000, 0x045d0000, 0x04670000)
 tenured generation   total 13120K, used 12974K [0x19550000, 0x1a220000, 0x44000000)
   the space 13120K,  98% used [0x19550000, 0x1a1fba48, 0x1a1fbc00, 0x1a220000)
 Metaspace       used 3391K, capacity 3462K, committed 3520K, reserved 4480K
Event: 3.504 GC heap after
Heap after GC invocations=21 (full 5):
 def new generation   total 6080K, used 549K [0x04000000, 0x04690000, 0x19550000)
  eden space 5440K,  10% used [0x04000000, 0x040897b0, 0x04550000)
  from space 640K,   0% used [0x04550000, 0x04550000, 0x045f0000)
  to   space 640K,   0% used [0x045f0000, 0x045f0000, 0x04690000)
 tenured generation   total 13376K, used 13376K [0x19550000, 0x1a260000, 0x44000000)
   the space 13376K, 100% used [0x19550000, 0x1a260000, 0x1a260000, 0x1a260000)
 Metaspace       used 3391K, capacity 3462K, committed 3520K, reserved 4480K
}
Event: 3.524 GC heap before
{Heap before GC invocations=21 (full 5):
 def new generation   total 6080K, used 5440K [0x04000000, 0x04690000, 0x19550000)
  eden space 5440K, 100% used [0x04000000, 0x04550000, 0x04550000)
  from space 640K,   0% used [0x04550000, 0x04550000, 0x045f0000)
  to   space 640K,   0% used [0x045f0000, 0x045f0000, 0x04690000)
 tenured generation   total 13376K, used 13376K [0x19550000, 0x1a260000, 0x44000000)
   the space 13376K, 100% used [0x19550000, 0x1a260000, 0x1a260000, 0x1a260000)
 Metaspace       used 3391K, capacity 3462K, committed 3520K, reserved 4480K

