# JRE version: Java(TM) SE Runtime Environment (8.0_73-b02) (build 1.8.0_73-b02)
# Java VM: Java HotSpot(TM) Client VM (25.73-b02 mixed mode windows-x86 )
Heap:
 def new generation   total 4928K, used 3211K [0x04000000, 0x04550000, 0x19550000)
  eden space 4416K,  61% used [0x04000000, 0x042a2d58, 0x04450000)
  from space 512K, 100% used [0x04450000, 0x044d0000, 0x044d0000)
  to   space 512K,   0% used [0x044d0000, 0x044d0000, 0x04550000)
 tenured generation   total 10944K, used 3599K [0x19550000, 0x1a000000, 0x44000000)
   the space 10944K,  32% used [0x19550000, 0x198d3fb8, 0x198d4000, 0x1a000000)
 Metaspace       used 3463K, capacity 3494K, committed 3520K, reserved 4480K
GC Heap History (8 events):
Event: 1.414 GC heap before
{Heap before GC invocations=0 (full 0):
 def new generation   total 4928K, used 4416K [0x04000000, 0x04550000, 0x19550000)
  eden space 4416K, 100% used [0x04000000, 0x04450000, 0x04450000)
  from space 512K,   0% used [0x04450000, 0x04450000, 0x044d0000)
  to   space 512K,   0% used [0x044d0000, 0x044d0000, 0x04550000)
 tenured generation   total 10944K, used 0K [0x19550000, 0x1a000000, 0x44000000)
   the space 10944K,   0% used [0x19550000, 0x19550000, 0x19550200, 0x1a000000)
 Metaspace       used 2672K, capacity 2822K, committed 2880K, reserved 4480K
Event: 1.422 GC heap after
Heap after GC invocations=1 (full 0):
 def new generation   total 4928K, used 512K [0x04000000, 0x04550000, 0x19550000)
  eden space 4416K,   0% used [0x04000000, 0x04000000, 0x04450000)
  from space 512K, 100% used [0x044d0000, 0x04550000, 0x04550000)
  to   space 512K,   0% used [0x04450000, 0x04450000, 0x044d0000)
 tenured generation   total 10944K, used 993K [0x19550000, 0x1a000000, 0x44000000)
   the space 10944K,   9% used [0x19550000, 0x19648510, 0x19648600, 0x1a000000)
 Metaspace       used 2672K, capacity 2822K, committed 2880K, reserved 4480K
}
Event: 1.833 GC heap before
{Heap before GC invocations=1 (full 0):
 def new generation   total 4928K, used 4928K [0x04000000, 0x04550000, 0x19550000)
  eden space 4416K, 100% used [0x04000000, 0x04450000, 0x04450000)
  from space 512K, 100% used [0x044d0000, 0x04550000, 0x04550000)
  to   space 512K,   0% used [0x04450000, 0x04450000, 0x044d0000)
 tenured generation   total 10944K, used 993K [0x19550000, 0x1a000000, 0x44000000)
   the space 10944K,   9% used [0x19550000, 0x19648510, 0x19648600, 0x1a000000)
 Metaspace       used 3345K, capacity 3430K, committed 3520K, reserved 4480K
Event: 1.843 GC heap after
Heap after GC invocations=2 (full 0):
 def new generation   total 4928K, used 512K [0x04000000, 0x04550000, 0x19550000)
  eden space 4416K,   0% used [0x04000000, 0x04000000, 0x04450000)
  from space 512K, 100% used [0x04450000, 0x044d0000, 0x044d0000)
  to   space 512K,   0% used [0x044d0000, 0x044d0000, 0x04550000)
 tenured generation   total 10944K, used 2394K [0x19550000, 0x1a000000, 0x44000000)
   the space 10944K,  21% used [0x19550000, 0x197a69c8, 0x197a6a00, 0x1a000000)
 Metaspace       used 3345K, capacity 3430K, committed 3520K, reserved 4480K
}
Event: 2.114 GC heap before
{Heap before GC invocations=2 (full 0):
 def new generation   total 4928K, used 4928K [0x04000000, 0x04550000, 0x19550000)
  eden space 4416K, 100% used [0x04000000, 0x04450000, 0x04450000)
  from space 512K, 100% used [0x04450000, 0x044d0000, 0x044d0000)
  to   space 512K,   0% used [0x044d0000, 0x044d0000, 0x04550000)
 tenured generation   total 10944K, used 2394K [0x19550000, 0x1a000000, 0x44000000)
   the space 10944K,  21% used [0x19550000, 0x197a69c8, 0x197a6a00, 0x1a000000)
 Metaspace       used 3354K, capacity 3430K, committed 3520K, reserved 4480K
Event: 2.121 GC heap after
Heap after GC invocations=3 (full 0):
 def new generation   total 4928K, used 512K [0x04000000, 0x04550000, 0x19550000)
  eden space 4416K,   0% used [0x04000000, 0x04000000, 0x04450000)
  from space 512K, 100% used [0x044d0000, 0x04550000, 0x04550000)
  to   space 512K,   0% used [0x04450000, 0x04450000, 0x044d0000)
 tenured generation   total 10944K, used 2977K [0x19550000, 0x1a000000, 0x44000000)
   the space 10944K,  27% used [0x19550000, 0x19838798, 0x19838800, 0x1a000000)
 Metaspace       used 3354K, capacity 3430K, committed 3520K, reserved 4480K
}
Event: 2.258 GC heap before
{Heap before GC invocations=3 (full 0):
 def new generation   total 4928K, used 4928K [0x04000000, 0x04550000, 0x19550000)
  eden space 4416K, 100% used [0x04000000, 0x04450000, 0x04450000)
  from space 512K, 100% used [0x044d0000, 0x04550000, 0x04550000)
  to   space 512K,   0% used [0x04450000, 0x04450000, 0x044d0000)
 tenured generation   total 10944K, used 2977K [0x19550000, 0x1a000000, 0x44000000)
   the space 10944K,  27% used [0x19550000, 0x19838798, 0x19838800, 0x1a000000)
 Metaspace       used 3358K, capacity 3430K, committed 3520K, reserved 4480K
Event: 2.265 GC heap after
Heap after GC invocations=4 (full 0):
 def new generation   total 4928K, used 512K [0x04000000, 0x04550000, 0x19550000)
  eden space 4416K,   0% used [0x04000000, 0x04000000, 0x04450000)
  from space 512K, 100% used [0x04450000, 0x044d0000, 0x044d0000)
  to   space 512K,   0% used [0x044d0000, 0x044d0000, 0x04550000)
 tenured generation   total 10944K, used 3599K [0x19550000, 0x1a000000, 0x44000000)
   the space 10944K,  32% used [0x19550000, 0x198d3fb8, 0x198d4000, 0x1a000000)
 Metaspace       used 3358K, capacity 3430K, committed 3520K, reserved 4480K
}

