# JRE version: Java(TM) SE Runtime Environment (8.0_73-b02) (build 1.8.0_73-b02)
# Java VM: Java HotSpot(TM) Client VM (25.73-b02 mixed mode windows-x86 )
Heap:
 def new generation   total 4928K, used 4926K [0x03e00000, 0x04350000, 0x19350000)
  eden space 4416K,  99% used [0x03e00000, 0x0424fa48, 0x04250000)
  from space 512K,  99% used [0x04250000, 0x042cfff8, 0x042d0000)
  to   space 512K, 100% used [0x042d0000, 0x04350000, 0x04350000)
 tenured generation   total 11988K, used 11922K [0x19350000, 0x19f05000, 0x43e00000)
   the space 11988K,  99% used [0x19350000, 0x19ef4978, 0x19ef4a00, 0x19f05000)
 Metaspace       used 3347K, capacity 3494K, committed 3520K, reserved 4480K
GC Heap History (10 events):
Event: 3.178 GC heap after
Heap after GC invocations=9 (full 0):
 def new generation   total 4928K, used 512K [0x03e00000, 0x04350000, 0x19350000)
  eden space 4416K,   0% used [0x03e00000, 0x03e00000, 0x04250000)
  from space 512K, 100% used [0x042d0000, 0x04350000, 0x04350000)
  to   space 512K,   0% used [0x04250000, 0x04250000, 0x042d0000)
 tenured generation   total 10944K, used 7335K [0x19350000, 0x19e00000, 0x43e00000)
   the space 10944K,  67% used [0x19350000, 0x19a79e78, 0x19a7a000, 0x19e00000)
 Metaspace       used 3281K, capacity 3462K, committed 3520K, reserved 4480K
}
Event: 3.303 GC heap before
{Heap before GC invocations=9 (full 0):
 def new generation   total 4928K, used 4928K [0x03e00000, 0x04350000, 0x19350000)
  eden space 4416K, 100% used [0x03e00000, 0x04250000, 0x04250000)
  from space 512K, 100% used [0x042d0000, 0x04350000, 0x04350000)
  to   space 512K,   0% used [0x04250000, 0x04250000, 0x042d0000)
 tenured generation   total 10944K, used 7335K [0x19350000, 0x19e00000, 0x43e00000)
   the space 10944K,  67% used [0x19350000, 0x19a79e78, 0x19a7a000, 0x19e00000)
 Metaspace       used 3281K, capacity 3462K, committed 3520K, reserved 4480K
Event: 3.311 GC heap after
Heap after GC invocations=10 (full 0):
 def new generation   total 4928K, used 512K [0x03e00000, 0x04350000, 0x19350000)
  eden space 4416K,   0% used [0x03e00000, 0x03e00000, 0x04250000)
  from space 512K, 100% used [0x04250000, 0x042d0000, 0x042d0000)
  to   space 512K,   0% used [0x042d0000, 0x042d0000, 0x04350000)
 tenured generation   total 10944K, used 7865K [0x19350000, 0x19e00000, 0x43e00000)
   the space 10944K,  71% used [0x19350000, 0x19afe548, 0x19afe600, 0x19e00000)
 Metaspace       used 3281K, capacity 3462K, committed 3520K, reserved 4480K
}
Event: 3.734 GC heap before
{Heap before GC invocations=10 (full 0):
 def new generation   total 4928K, used 4928K [0x03e00000, 0x04350000, 0x19350000)
  eden space 4416K, 100% used [0x03e00000, 0x04250000, 0x04250000)
  from space 512K, 100% used [0x04250000, 0x042d0000, 0x042d0000)
  to   space 512K,   0% used [0x042d0000, 0x042d0000, 0x04350000)
 tenured generation   total 10944K, used 7865K [0x19350000, 0x19e00000, 0x43e00000)
   the space 10944K,  71% used [0x19350000, 0x19afe548, 0x19afe600, 0x19e00000)
 Metaspace       used 3281K, capacity 3462K, committed 3520K, reserved 4480K
Event: 3.741 GC heap after
Heap after GC invocations=11 (full 0):
 def new generation   total 4928K, used 512K [0x03e00000, 0x04350000, 0x19350000)
  eden space 4416K,   0% used [0x03e00000, 0x03e00000, 0x04250000)
  from space 512K, 100% used [0x042d0000, 0x04350000, 0x04350000)
  to   space 512K,   0% used [0x04250000, 0x04250000, 0x042d0000)
 tenured generation   total 10944K, used 8482K [0x19350000, 0x19e00000, 0x43e00000)
   the space 10944K,  77% used [0x19350000, 0x19b98820, 0x19b98a00, 0x19e00000)
 Metaspace       used 3281K, capacity 3462K, committed 3520K, reserved 4480K
}
Event: 3.774 GC heap before
{Heap before GC invocations=11 (full 0):
 def new generation   total 4928K, used 4921K [0x03e00000, 0x04350000, 0x19350000)
  eden space 4416K,  99% used [0x03e00000, 0x0424e6d8, 0x04250000)
  from space 512K, 100% used [0x042d0000, 0x04350000, 0x04350000)
  to   space 512K,   0% used [0x04250000, 0x04250000, 0x042d0000)
 tenured generation   total 10944K, used 8482K [0x19350000, 0x19e00000, 0x43e00000)
   the space 10944K,  77% used [0x19350000, 0x19b98820, 0x19b98a00, 0x19e00000)
 Metaspace       used 3291K, capacity 3462K, committed 3520K, reserved 4480K
Event: 3.788 GC heap after
Heap after GC invocations=12 (full 0):
 def new generation   total 4928K, used 512K [0x03e00000, 0x04350000, 0x19350000)
  eden space 4416K,   0% used [0x03e00000, 0x03e00000, 0x04250000)
  from space 512K, 100% used [0x04250000, 0x042d0000, 0x042d0000)
  to   space 512K,   0% used [0x042d0000, 0x042d0000, 0x04350000)
 tenured generation   total 10944K, used 9412K [0x19350000, 0x19e00000, 0x43e00000)
   the space 10944K,  86% used [0x19350000, 0x19c81318, 0x19c81400, 0x19e00000)
 Metaspace       used 3291K, capacity 3462K, committed 3520K, reserved 4480K
}
Event: 3.818 GC heap before
{Heap before GC invocations=12 (full 0):
 def new generation   total 4928K, used 4928K [0x03e00000, 0x04350000, 0x19350000)
  eden space 4416K, 100% used [0x03e00000, 0x04250000, 0x04250000)
  from space 512K, 100% used [0x04250000, 0x042d0000, 0x042d0000)
  to   space 512K,   0% used [0x042d0000, 0x042d0000, 0x04350000)
 tenured generation   total 10944K, used 9412K [0x19350000, 0x19e00000, 0x43e00000)
   the space 10944K,  86% used [0x19350000, 0x19c81318, 0x19c81400, 0x19e00000)
 Metaspace       used 3295K, capacity 3462K, committed 3520K, reserved 4480K
Event: 3.830 GC heap after
Heap after GC invocations=13 (full 0):
 def new generation   total 4928K, used 512K [0x03e00000, 0x04350000, 0x19350000)
  eden space 4416K,   0% used [0x03e00000, 0x03e00000, 0x04250000)
  from space 512K, 100% used [0x042d0000, 0x04350000, 0x04350000)
  to   space 512K,   0% used [0x04250000, 0x04250000, 0x042d0000)
 tenured generation   total 10944K, used 10866K [0x19350000, 0x19e00000, 0x43e00000)
   the space 10944K,  99% used [0x19350000, 0x19deca38, 0x19decc00, 0x19e00000)
 Metaspace       used 3295K, capacity 3462K, committed 3520K, reserved 4480K
}
Event: 5.617 GC heap before
{Heap before GC invocations=13 (full 0):
 def new generation   total 4928K, used 4926K [0x03e00000, 0x04350000, 0x19350000)
  eden space 4416K,  99% used [0x03e00000, 0x0424fa48, 0x04250000)
  from space 512K, 100% used [0x042d0000, 0x04350000, 0x04350000)
  to   space 512K,   0% used [0x04250000, 0x04250000, 0x042d0000)
 tenured generation   total 10944K, used 10866K [0x19350000, 0x19e00000, 0x43e00000)
   the space 10944K,  99% used [0x19350000, 0x19deca38, 0x19decc00, 0x19e00000)
 Metaspace       used 3347K, capacity 3494K, committed 3520K, reserved 4480K

